1699896727.9600387
(450, 256, 256)
ConvAutoencoder5Conv2ds(
  (encoder): Sequential(
    (0): Conv2d(1, 16, kernel_size=(2, 2), stride=(2, 2))
    (1): ReLU(inplace=True)
    (2): Conv2d(16, 32, kernel_size=(2, 2), stride=(2, 2))
    (3): ReLU(inplace=True)
    (4): Conv2d(32, 64, kernel_size=(2, 2), stride=(2, 2))
    (5): ReLU(inplace=True)
    (6): Conv2d(64, 128, kernel_size=(2, 2), stride=(2, 2))
    (7): ReLU(inplace=True)
    (8): Conv2d(128, 256, kernel_size=(2, 2), stride=(2, 2))
    (9): ReLU(inplace=True)
  )
  (decoder): Sequential(
    (0): ConvTranspose2d(256, 128, kernel_size=(2, 2), stride=(2, 2))
    (1): ReLU(inplace=True)
    (2): ConvTranspose2d(128, 64, kernel_size=(2, 2), stride=(2, 2))
    (3): ReLU(inplace=True)
    (4): ConvTranspose2d(64, 32, kernel_size=(2, 2), stride=(2, 2))
    (5): ReLU(inplace=True)
    (6): ConvTranspose2d(32, 16, kernel_size=(2, 2), stride=(2, 2))
    (7): ReLU(inplace=True)
    (8): ConvTranspose2d(16, 1, kernel_size=(2, 2), stride=(2, 2))
    (9): Identity()
  )
)
Epoch [1/1000], Loss: 0.0693
Epoch [2/1000], Loss: 0.0583
Epoch [3/1000], Loss: 0.0535
Epoch [4/1000], Loss: 0.0512
Epoch [5/1000], Loss: 0.0499
Epoch [6/1000], Loss: 0.0588
Epoch [7/1000], Loss: 0.0466
Epoch [8/1000], Loss: 0.0428
Epoch [9/1000], Loss: 0.0405
Epoch [10/1000], Loss: 0.0387
Epoch [11/1000], Loss: 0.0364
Epoch [12/1000], Loss: 0.0341
Epoch [13/1000], Loss: 0.0323
Epoch [14/1000], Loss: 0.0310
Epoch [15/1000], Loss: 0.0293
Epoch [16/1000], Loss: 0.0280
Epoch [17/1000], Loss: 0.0275
Epoch [18/1000], Loss: 0.0266
Epoch [19/1000], Loss: 0.0261
Epoch [20/1000], Loss: 0.0257
Epoch [21/1000], Loss: 0.0255
Epoch [22/1000], Loss: 0.0250
Epoch [23/1000], Loss: 0.0248
Epoch [24/1000], Loss: 0.0246
Epoch [25/1000], Loss: 0.0239
Epoch [26/1000], Loss: 0.0236
Epoch [27/1000], Loss: 0.0231
Epoch [28/1000], Loss: 0.0230
Epoch [29/1000], Loss: 0.0220
Epoch [30/1000], Loss: 0.0220
Epoch [31/1000], Loss: 0.0226
Epoch [32/1000], Loss: 0.0218
Epoch [33/1000], Loss: 0.0208
Epoch [34/1000], Loss: 0.0206
Epoch [35/1000], Loss: 0.0200
Epoch [36/1000], Loss: 0.0196
Epoch [37/1000], Loss: 0.0193
Epoch [38/1000], Loss: 0.0190
Epoch [39/1000], Loss: 0.0187
Epoch [40/1000], Loss: 0.0185
Epoch [41/1000], Loss: 0.0183
Epoch [42/1000], Loss: 0.0184
Epoch [43/1000], Loss: 0.0181
Epoch [44/1000], Loss: 0.0178
Epoch [45/1000], Loss: 0.0176
Epoch [46/1000], Loss: 0.0173
Epoch [47/1000], Loss: 0.0174
Epoch [48/1000], Loss: 0.0174
Epoch [49/1000], Loss: 0.0172
Epoch [50/1000], Loss: 0.0169
Epoch [51/1000], Loss: 0.0170
Epoch [52/1000], Loss: 0.0170
Epoch [53/1000], Loss: 0.0165
Epoch [54/1000], Loss: 0.0165
Epoch [55/1000], Loss: 0.0162
Epoch [56/1000], Loss: 0.0166
Epoch [57/1000], Loss: 0.0162
Epoch [58/1000], Loss: 0.0161
Epoch [59/1000], Loss: 0.0159
Epoch [60/1000], Loss: 0.0157
Epoch [61/1000], Loss: 0.0159
Epoch [62/1000], Loss: 0.0157
Epoch [63/1000], Loss: 0.0154
Epoch [64/1000], Loss: 0.0153
Epoch [65/1000], Loss: 0.0152
Epoch [66/1000], Loss: 0.0151
Epoch [67/1000], Loss: 0.0151
Epoch [68/1000], Loss: 0.0152
Epoch [69/1000], Loss: 0.0150
Epoch [70/1000], Loss: 0.0147
Epoch [71/1000], Loss: 0.0150
Epoch [72/1000], Loss: 0.0154
Epoch [73/1000], Loss: 0.0146
Epoch [74/1000], Loss: 0.0144
Epoch [75/1000], Loss: 0.0144
Epoch [76/1000], Loss: 0.0229
Epoch [77/1000], Loss: 0.0161
Epoch [78/1000], Loss: 0.0148
Epoch [79/1000], Loss: 0.0143
Epoch [80/1000], Loss: 0.0142
Epoch [81/1000], Loss: 0.0140
Epoch [82/1000], Loss: 0.0139
Epoch [83/1000], Loss: 0.0138
Epoch [84/1000], Loss: 0.0137
Epoch [85/1000], Loss: 0.0136
Epoch [86/1000], Loss: 0.0136
Epoch [87/1000], Loss: 0.0136
Epoch [88/1000], Loss: 0.0137
Epoch [89/1000], Loss: 0.0134
Epoch [90/1000], Loss: 0.0134
Epoch [91/1000], Loss: 0.0134
Epoch [92/1000], Loss: 0.0132
Epoch [93/1000], Loss: 0.0133
Epoch [94/1000], Loss: 0.0132
Epoch [95/1000], Loss: 0.0132
Epoch [96/1000], Loss: 0.0131
Epoch [97/1000], Loss: 0.0131
Epoch [98/1000], Loss: 0.0131
Epoch [99/1000], Loss: 0.0128
Epoch [100/1000], Loss: 0.0130
Epoch [101/1000], Loss: 0.0129
Epoch [102/1000], Loss: 0.0131
Epoch [103/1000], Loss: 0.0130
Epoch [104/1000], Loss: 0.0128
Epoch [105/1000], Loss: 0.0126
Epoch [106/1000], Loss: 0.0126
Epoch [107/1000], Loss: 0.0135
Epoch [108/1000], Loss: 0.0127
Epoch [109/1000], Loss: 0.0127
Epoch [110/1000], Loss: 0.0126
Epoch [111/1000], Loss: 0.0124
Epoch [112/1000], Loss: 0.0124
Epoch [113/1000], Loss: 0.0123
Epoch [114/1000], Loss: 0.0121
Epoch [115/1000], Loss: 0.0121
Epoch [116/1000], Loss: 0.0122
Epoch [117/1000], Loss: 0.0124
Epoch [118/1000], Loss: 0.0122
Epoch [119/1000], Loss: 0.0120
Epoch [120/1000], Loss: 0.0119
Epoch [121/1000], Loss: 0.0119
Epoch [122/1000], Loss: 0.0119
Epoch [123/1000], Loss: 0.0126
Epoch [124/1000], Loss: 0.0122
Epoch [125/1000], Loss: 0.0122
Epoch [126/1000], Loss: 0.0120
Epoch [127/1000], Loss: 0.0121
Epoch [128/1000], Loss: 0.0117
Epoch [129/1000], Loss: 0.0116
Epoch [130/1000], Loss: 0.0116
Epoch [131/1000], Loss: 0.0120
Epoch [132/1000], Loss: 0.0121
Epoch [133/1000], Loss: 0.0118
Epoch [134/1000], Loss: 0.0115
Epoch [135/1000], Loss: 0.0114
Epoch [136/1000], Loss: 0.0115
Epoch [137/1000], Loss: 0.0114
Epoch [138/1000], Loss: 0.0115
Epoch [139/1000], Loss: 0.0113
Epoch [140/1000], Loss: 0.0113
Epoch [141/1000], Loss: 0.0113
Epoch [142/1000], Loss: 0.0112
Epoch [143/1000], Loss: 0.0113
Epoch [144/1000], Loss: 0.0115
Epoch [145/1000], Loss: 0.0112
Epoch [146/1000], Loss: 0.0111
Epoch [147/1000], Loss: 0.0113
Epoch [148/1000], Loss: 0.0112
Epoch [149/1000], Loss: 0.0112
Epoch [150/1000], Loss: 0.0112
Epoch [151/1000], Loss: 0.0112
Epoch [152/1000], Loss: 0.0111
Epoch [153/1000], Loss: 0.0110
Epoch [154/1000], Loss: 0.0113
Epoch [155/1000], Loss: 0.0116
Epoch [156/1000], Loss: 0.0113
Epoch [157/1000], Loss: 0.0110
Epoch [158/1000], Loss: 0.0109
Epoch [159/1000], Loss: 0.0108
Epoch [160/1000], Loss: 0.0108
Epoch [161/1000], Loss: 0.0108
Epoch [162/1000], Loss: 0.0108
Epoch [163/1000], Loss: 0.0108
Epoch [164/1000], Loss: 0.0108
Epoch [165/1000], Loss: 0.0110
Epoch [166/1000], Loss: 0.0106
Epoch [167/1000], Loss: 0.0107
Epoch [168/1000], Loss: 0.0115
Epoch [169/1000], Loss: 0.0109
Epoch [170/1000], Loss: 0.0108
Epoch [171/1000], Loss: 0.0108
Epoch [172/1000], Loss: 0.0108
Epoch [173/1000], Loss: 0.0108
Epoch [174/1000], Loss: 0.0105
Epoch [175/1000], Loss: 0.0107
Epoch [176/1000], Loss: 0.0112
Epoch [177/1000], Loss: 0.0109
Epoch [178/1000], Loss: 0.0110
Epoch [179/1000], Loss: 0.0112
Epoch [180/1000], Loss: 0.0152
Epoch [181/1000], Loss: 0.0118
Epoch [182/1000], Loss: 0.0107
Epoch [183/1000], Loss: 0.0105
Epoch [184/1000], Loss: 0.0104
Epoch [185/1000], Loss: 0.0103
Epoch [186/1000], Loss: 0.0102
Epoch [187/1000], Loss: 0.0102
Epoch [188/1000], Loss: 0.0102
Epoch [189/1000], Loss: 0.0102
Epoch [190/1000], Loss: 0.0102
Epoch [191/1000], Loss: 0.0102
Epoch [192/1000], Loss: 0.0102
Epoch [193/1000], Loss: 0.0101
Epoch [194/1000], Loss: 0.0101
Epoch [195/1000], Loss: 0.0102
Epoch [196/1000], Loss: 0.0102
Epoch [197/1000], Loss: 0.0101
Epoch [198/1000], Loss: 0.0101
Epoch [199/1000], Loss: 0.0101
Epoch [200/1000], Loss: 0.0100
Epoch [201/1000], Loss: 0.0101
Epoch [202/1000], Loss: 0.0100
Epoch [203/1000], Loss: 0.0100
Epoch [204/1000], Loss: 0.0102
Epoch [205/1000], Loss: 0.0106
Epoch [206/1000], Loss: 0.0104
Epoch [207/1000], Loss: 0.0101
Epoch [208/1000], Loss: 0.0100
Epoch [209/1000], Loss: 0.0099
Epoch [210/1000], Loss: 0.0098
Epoch [211/1000], Loss: 0.0099
Epoch [212/1000], Loss: 0.0099
Epoch [213/1000], Loss: 0.0101
Epoch [214/1000], Loss: 0.0103
Epoch [215/1000], Loss: 0.0101
Epoch [216/1000], Loss: 0.0099
Epoch [217/1000], Loss: 0.0098
Epoch [218/1000], Loss: 0.0097
Epoch [219/1000], Loss: 0.0097
Epoch [220/1000], Loss: 0.0097
Epoch [221/1000], Loss: 0.0098
Epoch [222/1000], Loss: 0.0096
Epoch [223/1000], Loss: 0.0101
Epoch [224/1000], Loss: 0.0103
Epoch [225/1000], Loss: 0.0097
Epoch [226/1000], Loss: 0.0096
Epoch [227/1000], Loss: 0.0095
Epoch [228/1000], Loss: 0.0096
Epoch [229/1000], Loss: 0.0096
Epoch [230/1000], Loss: 0.0097
Epoch [231/1000], Loss: 0.0098
Epoch [232/1000], Loss: 0.0099
Epoch [233/1000], Loss: 0.0096
Epoch [234/1000], Loss: 0.0096
Epoch [235/1000], Loss: 0.0096
Epoch [236/1000], Loss: 0.0095
Epoch [237/1000], Loss: 0.0094
Epoch [238/1000], Loss: 0.0097
Epoch [239/1000], Loss: 0.0096
Epoch [240/1000], Loss: 0.0095
Epoch [241/1000], Loss: 0.0095
Epoch [242/1000], Loss: 0.0094
Epoch [243/1000], Loss: 0.0100
Epoch [244/1000], Loss: 0.0098
Epoch [245/1000], Loss: 0.0095
Epoch [246/1000], Loss: 0.0095
Epoch [247/1000], Loss: 0.0093
Epoch [248/1000], Loss: 0.0103
Epoch [249/1000], Loss: 0.0095
Epoch [250/1000], Loss: 0.0094
Epoch [251/1000], Loss: 0.0093
Epoch [252/1000], Loss: 0.0093
Epoch [253/1000], Loss: 0.0096
Epoch [254/1000], Loss: 0.0099
Epoch [255/1000], Loss: 0.0094
Epoch [256/1000], Loss: 0.0095
Epoch [257/1000], Loss: 0.0093
Epoch [258/1000], Loss: 0.0092
Epoch [259/1000], Loss: 0.0093
Epoch [260/1000], Loss: 0.0092
Epoch [261/1000], Loss: 0.0094
Epoch [262/1000], Loss: 0.0092
Epoch [263/1000], Loss: 0.0092
Epoch [264/1000], Loss: 0.0092
Epoch [265/1000], Loss: 0.0092
Epoch [266/1000], Loss: 0.0092
Epoch [267/1000], Loss: 0.0091
Epoch [268/1000], Loss: 0.0093
Epoch [269/1000], Loss: 0.0091
Epoch [270/1000], Loss: 0.0092
Epoch [271/1000], Loss: 0.0091
Epoch [272/1000], Loss: 0.0092
Epoch [273/1000], Loss: 0.0091
Epoch [274/1000], Loss: 0.0090
Epoch [275/1000], Loss: 0.0093
Epoch [276/1000], Loss: 0.0091
Epoch [277/1000], Loss: 0.0090
Epoch [278/1000], Loss: 0.0096
Epoch [279/1000], Loss: 0.0091
Epoch [280/1000], Loss: 0.0089
Epoch [281/1000], Loss: 0.0088
Epoch [282/1000], Loss: 0.0095
Epoch [283/1000], Loss: 0.0089
Epoch [284/1000], Loss: 0.0090
Epoch [285/1000], Loss: 0.0092
Epoch [286/1000], Loss: 0.0090
Epoch [287/1000], Loss: 0.0090
Epoch [288/1000], Loss: 0.0090
Epoch [289/1000], Loss: 0.0090
Epoch [290/1000], Loss: 0.0090
Epoch [291/1000], Loss: 0.0093
Epoch [292/1000], Loss: 0.0098
Epoch [293/1000], Loss: 0.0090
Epoch [294/1000], Loss: 0.0090
Epoch [295/1000], Loss: 0.0088
Epoch [296/1000], Loss: 0.0087
Epoch [297/1000], Loss: 0.0088
Epoch [298/1000], Loss: 0.0087
Epoch [299/1000], Loss: 0.0090
Epoch [300/1000], Loss: 0.0088
Epoch [301/1000], Loss: 0.0088
Epoch [302/1000], Loss: 0.0087
Epoch [303/1000], Loss: 0.0086
Epoch [304/1000], Loss: 0.0090
Epoch [305/1000], Loss: 0.0087
Epoch [306/1000], Loss: 0.0089
Epoch [307/1000], Loss: 0.0086
Epoch [308/1000], Loss: 0.0087
Epoch [309/1000], Loss: 0.0087
Epoch [310/1000], Loss: 0.0088
Epoch [311/1000], Loss: 0.0087
Epoch [312/1000], Loss: 0.0086
Epoch [313/1000], Loss: 0.0089
Epoch [314/1000], Loss: 0.0088
Epoch [315/1000], Loss: 0.0088
Epoch [316/1000], Loss: 0.0086
Epoch [317/1000], Loss: 0.0093
Epoch [318/1000], Loss: 0.0089
Epoch [319/1000], Loss: 0.0088
Epoch [320/1000], Loss: 0.0087
Epoch [321/1000], Loss: 0.0086
Epoch [322/1000], Loss: 0.0085
Epoch [323/1000], Loss: 0.0087
Epoch [324/1000], Loss: 0.0092
Epoch [325/1000], Loss: 0.0086
Epoch [326/1000], Loss: 0.0087
Epoch [327/1000], Loss: 0.0087
Epoch [328/1000], Loss: 0.0085
Epoch [329/1000], Loss: 0.0086
Epoch [330/1000], Loss: 0.0089
Epoch [331/1000], Loss: 0.0091
Epoch [332/1000], Loss: 0.0085
Epoch [333/1000], Loss: 0.0085
Epoch [334/1000], Loss: 0.0102
Epoch [335/1000], Loss: 0.0090
Epoch [336/1000], Loss: 0.0092
Epoch [337/1000], Loss: 0.0087
Epoch [338/1000], Loss: 0.0085
Epoch [339/1000], Loss: 0.0087
Epoch [340/1000], Loss: 0.0084
Epoch [341/1000], Loss: 0.0086
Epoch [342/1000], Loss: 0.0086
Epoch [343/1000], Loss: 0.0086
Epoch [344/1000], Loss: 0.0084
Epoch [345/1000], Loss: 0.0085
Epoch [346/1000], Loss: 0.0084
Epoch [347/1000], Loss: 0.0084
Epoch [348/1000], Loss: 0.0085
Epoch [349/1000], Loss: 0.0090
Epoch [350/1000], Loss: 0.0085
Epoch [351/1000], Loss: 0.0089
Epoch [352/1000], Loss: 0.0085
Epoch [353/1000], Loss: 0.0087
Epoch [354/1000], Loss: 0.0085
Epoch [355/1000], Loss: 0.0085
Epoch [356/1000], Loss: 0.0087
Epoch [357/1000], Loss: 0.0084
Epoch [358/1000], Loss: 0.0083
Epoch [359/1000], Loss: 0.0082
Epoch [360/1000], Loss: 0.0082
Epoch [361/1000], Loss: 0.0083
Epoch [362/1000], Loss: 0.0082
Epoch [363/1000], Loss: 0.0082
Epoch [364/1000], Loss: 0.0082
Epoch [365/1000], Loss: 0.0082
Epoch [366/1000], Loss: 0.0090
Epoch [367/1000], Loss: 0.0081
Epoch [368/1000], Loss: 0.0082
Epoch [369/1000], Loss: 0.0081
Epoch [370/1000], Loss: 0.0083
Epoch [371/1000], Loss: 0.0084
Epoch [372/1000], Loss: 0.0082
Epoch [373/1000], Loss: 0.0085
Epoch [374/1000], Loss: 0.0087
Epoch [375/1000], Loss: 0.0086
Epoch [376/1000], Loss: 0.0083
Epoch [377/1000], Loss: 0.0082
Epoch [378/1000], Loss: 0.0081
Epoch [379/1000], Loss: 0.0080
Epoch [380/1000], Loss: 0.0082
Epoch [381/1000], Loss: 0.0082
Epoch [382/1000], Loss: 0.0081
Epoch [383/1000], Loss: 0.0081
Epoch [384/1000], Loss: 0.0082
Epoch [385/1000], Loss: 0.0086
Epoch [386/1000], Loss: 0.0081
Epoch [387/1000], Loss: 0.0082
Epoch [388/1000], Loss: 0.0082
Epoch [389/1000], Loss: 0.0089
Epoch [390/1000], Loss: 0.0084
Epoch [391/1000], Loss: 0.0081
Epoch [392/1000], Loss: 0.0081
Epoch [393/1000], Loss: 0.0080
Epoch [394/1000], Loss: 0.0080
Epoch [395/1000], Loss: 0.0079
Epoch [396/1000], Loss: 0.0079
Epoch [397/1000], Loss: 0.0080
Epoch [398/1000], Loss: 0.0081
Epoch [399/1000], Loss: 0.0080
Epoch [400/1000], Loss: 0.0081
Epoch [401/1000], Loss: 0.0080
Epoch [402/1000], Loss: 0.0081
Epoch [403/1000], Loss: 0.0080
Epoch [404/1000], Loss: 0.0080
Epoch [405/1000], Loss: 0.0079
Epoch [406/1000], Loss: 0.0080
Epoch [407/1000], Loss: 0.0079
Epoch [408/1000], Loss: 0.0080
Epoch [409/1000], Loss: 0.0084
Epoch [410/1000], Loss: 0.0088
Epoch [411/1000], Loss: 0.0080
Epoch [412/1000], Loss: 0.0079
Epoch [413/1000], Loss: 0.0079
Epoch [414/1000], Loss: 0.0078
Epoch [415/1000], Loss: 0.0079
Epoch [416/1000], Loss: 0.0079
Epoch [417/1000], Loss: 0.0079
Epoch [418/1000], Loss: 0.0079
Epoch [419/1000], Loss: 0.0079
Epoch [420/1000], Loss: 0.0080
Epoch [421/1000], Loss: 0.0078
Epoch [422/1000], Loss: 0.0078
Epoch [423/1000], Loss: 0.0078
Epoch [424/1000], Loss: 0.0078
Epoch [425/1000], Loss: 0.0079
Epoch [426/1000], Loss: 0.0078
Epoch [427/1000], Loss: 0.0080
Epoch [428/1000], Loss: 0.0079
Epoch [429/1000], Loss: 0.0077
Epoch [430/1000], Loss: 0.0079
Epoch [431/1000], Loss: 0.0078
Epoch [432/1000], Loss: 0.0077
Epoch [433/1000], Loss: 0.0078
Epoch [434/1000], Loss: 0.0080
Epoch [435/1000], Loss: 0.0078
Epoch [436/1000], Loss: 0.0080
Epoch [437/1000], Loss: 0.0085
Epoch [438/1000], Loss: 0.0079
Epoch [439/1000], Loss: 0.0080
Epoch [440/1000], Loss: 0.0078
Epoch [441/1000], Loss: 0.0077
Epoch [442/1000], Loss: 0.0077
Epoch [443/1000], Loss: 0.0077
Epoch [444/1000], Loss: 0.0077
Epoch [445/1000], Loss: 0.0078
Epoch [446/1000], Loss: 0.0077
Epoch [447/1000], Loss: 0.0077
Epoch [448/1000], Loss: 0.0077
Epoch [449/1000], Loss: 0.0083
Epoch [450/1000], Loss: 0.0081
Epoch [451/1000], Loss: 0.0077
Epoch [452/1000], Loss: 0.0077
Epoch [453/1000], Loss: 0.0078
Epoch [454/1000], Loss: 0.0077
Epoch [455/1000], Loss: 0.0076
Epoch [456/1000], Loss: 0.0077
Epoch [457/1000], Loss: 0.0077
Epoch [458/1000], Loss: 0.0078
Epoch [459/1000], Loss: 0.0078
Epoch [460/1000], Loss: 0.0079
Epoch [461/1000], Loss: 0.0077
Epoch [462/1000], Loss: 0.0079
Epoch [463/1000], Loss: 0.0077
Epoch [464/1000], Loss: 0.0077
Epoch [465/1000], Loss: 0.0076
Epoch [466/1000], Loss: 0.0076
Epoch [467/1000], Loss: 0.0077
Epoch [468/1000], Loss: 0.0079
Epoch [469/1000], Loss: 0.0077
Epoch [470/1000], Loss: 0.0076
Epoch [471/1000], Loss: 0.0079
Epoch [472/1000], Loss: 0.0078
Epoch [473/1000], Loss: 0.0077
Epoch [474/1000], Loss: 0.0081
Epoch [475/1000], Loss: 0.0086
Epoch [476/1000], Loss: 0.0081
Epoch [477/1000], Loss: 0.0076
Epoch [478/1000], Loss: 0.0077
Epoch [479/1000], Loss: 0.0077
Epoch [480/1000], Loss: 0.0076
Epoch [481/1000], Loss: 0.0076
Epoch [482/1000], Loss: 0.0076
Epoch [483/1000], Loss: 0.0075
Epoch [484/1000], Loss: 0.0076
Epoch [485/1000], Loss: 0.0075
Epoch [486/1000], Loss: 0.0078
Epoch [487/1000], Loss: 0.0075
Epoch [488/1000], Loss: 0.0076
Epoch [489/1000], Loss: 0.0074
Epoch [490/1000], Loss: 0.0074
Epoch [491/1000], Loss: 0.0075
Epoch [492/1000], Loss: 0.0075
Epoch [493/1000], Loss: 0.0074
Epoch [494/1000], Loss: 0.0075
Epoch [495/1000], Loss: 0.0077
Epoch [496/1000], Loss: 0.0075
Epoch [497/1000], Loss: 0.0077
Epoch [498/1000], Loss: 0.0078
Epoch [499/1000], Loss: 0.0073
Epoch [500/1000], Loss: 0.0075
Epoch [501/1000], Loss: 0.0076
Epoch [502/1000], Loss: 0.0076
Epoch [503/1000], Loss: 0.0074
Epoch [504/1000], Loss: 0.0074
Epoch [505/1000], Loss: 0.0077
Epoch [506/1000], Loss: 0.0076
Epoch [507/1000], Loss: 0.0074
Epoch [508/1000], Loss: 0.0076
Epoch [509/1000], Loss: 0.0075
Epoch [510/1000], Loss: 0.0077
Epoch [511/1000], Loss: 0.0076
Epoch [512/1000], Loss: 0.0075
Epoch [513/1000], Loss: 0.0075
Epoch [514/1000], Loss: 0.0074
Epoch [515/1000], Loss: 0.0074
Epoch [516/1000], Loss: 0.0074
Epoch [517/1000], Loss: 0.0081
Epoch [518/1000], Loss: 0.0074
Epoch [519/1000], Loss: 0.0076
Epoch [520/1000], Loss: 0.0077
Epoch [521/1000], Loss: 0.0076
Epoch [522/1000], Loss: 0.0074
Epoch [523/1000], Loss: 0.0076
Epoch [524/1000], Loss: 0.0076
Epoch [525/1000], Loss: 0.0075
Epoch [526/1000], Loss: 0.0075
Epoch [527/1000], Loss: 0.0077
Epoch [528/1000], Loss: 0.0077
Epoch [529/1000], Loss: 0.0075
Epoch [530/1000], Loss: 0.0074
Epoch [531/1000], Loss: 0.0073
Epoch [532/1000], Loss: 0.0080
Epoch [533/1000], Loss: 0.0078
Epoch [534/1000], Loss: 0.0076
Epoch [535/1000], Loss: 0.0079
Epoch [536/1000], Loss: 0.0077
Epoch [537/1000], Loss: 0.0075
Epoch [538/1000], Loss: 0.0074
Epoch [539/1000], Loss: 0.0073
Epoch [540/1000], Loss: 0.0073
Epoch [541/1000], Loss: 0.0073
Epoch [542/1000], Loss: 0.0073
Epoch [543/1000], Loss: 0.0073
Epoch [544/1000], Loss: 0.0073
Epoch [545/1000], Loss: 0.0072
Epoch [546/1000], Loss: 0.0073
Epoch [547/1000], Loss: 0.0075
Epoch [548/1000], Loss: 0.0073
Epoch [549/1000], Loss: 0.0073
Epoch [550/1000], Loss: 0.0072
Epoch [551/1000], Loss: 0.0073
Epoch [552/1000], Loss: 0.0078
Epoch [553/1000], Loss: 0.0073
Epoch [554/1000], Loss: 0.0074
Epoch [555/1000], Loss: 0.0074
Epoch [556/1000], Loss: 0.0073
Epoch [557/1000], Loss: 0.0076
Epoch [558/1000], Loss: 0.0074
Epoch [559/1000], Loss: 0.0073
Epoch [560/1000], Loss: 0.0074
Epoch [561/1000], Loss: 0.0072
Epoch [562/1000], Loss: 0.0074
Epoch [563/1000], Loss: 0.0073
Epoch [564/1000], Loss: 0.0072
Epoch [565/1000], Loss: 0.0073
Epoch [566/1000], Loss: 0.0076
Epoch [567/1000], Loss: 0.0078
Epoch [568/1000], Loss: 0.0074
Epoch [569/1000], Loss: 0.0075
Epoch [570/1000], Loss: 0.0076
Epoch [571/1000], Loss: 0.0073
Epoch [572/1000], Loss: 0.0071
Epoch [573/1000], Loss: 0.0072
Epoch [574/1000], Loss: 0.0072
Epoch [575/1000], Loss: 0.0071
Epoch [576/1000], Loss: 0.0072
Epoch [577/1000], Loss: 0.0072
Epoch [578/1000], Loss: 0.0071
Epoch [579/1000], Loss: 0.0073
Epoch [580/1000], Loss: 0.0071
Epoch [581/1000], Loss: 0.0072
Epoch [582/1000], Loss: 0.0072
Epoch [583/1000], Loss: 0.0072
Epoch [584/1000], Loss: 0.0070
Epoch [585/1000], Loss: 0.0071
Epoch [586/1000], Loss: 0.0072
Epoch [587/1000], Loss: 0.0071
Epoch [588/1000], Loss: 0.0072
Epoch [589/1000], Loss: 0.0074
Epoch [590/1000], Loss: 0.0072
Epoch [591/1000], Loss: 0.0071
Epoch [592/1000], Loss: 0.0072
Epoch [593/1000], Loss: 0.0071
Epoch [594/1000], Loss: 0.0073
Epoch [595/1000], Loss: 0.0072
Epoch [596/1000], Loss: 0.0075
Epoch [597/1000], Loss: 0.0072
Epoch [598/1000], Loss: 0.0071
Epoch [599/1000], Loss: 0.0071
Epoch [600/1000], Loss: 0.0071
Epoch [601/1000], Loss: 0.0074
Epoch [602/1000], Loss: 0.0072
Epoch [603/1000], Loss: 0.0071
Epoch [604/1000], Loss: 0.0070
Epoch [605/1000], Loss: 0.0071
Epoch [606/1000], Loss: 0.0073
Epoch [607/1000], Loss: 0.0072
Epoch [608/1000], Loss: 0.0072
Epoch [609/1000], Loss: 0.0072
Epoch [610/1000], Loss: 0.0073
Epoch [611/1000], Loss: 0.0071
Epoch [612/1000], Loss: 0.0071
Epoch [613/1000], Loss: 0.0071
Epoch [614/1000], Loss: 0.0071
Epoch [615/1000], Loss: 0.0072
Epoch [616/1000], Loss: 0.0072
Epoch [617/1000], Loss: 0.0074
Epoch [618/1000], Loss: 0.0077
Epoch [619/1000], Loss: 0.0072
Epoch [620/1000], Loss: 0.0072
Epoch [621/1000], Loss: 0.0074
Epoch [622/1000], Loss: 0.0074
Epoch [623/1000], Loss: 0.0073
Epoch [624/1000], Loss: 0.0072
Epoch [625/1000], Loss: 0.0070
Epoch [626/1000], Loss: 0.0071
Epoch [627/1000], Loss: 0.0070
Epoch [628/1000], Loss: 0.0069
Epoch [629/1000], Loss: 0.0069
Epoch [630/1000], Loss: 0.0069
Epoch [631/1000], Loss: 0.0070
Epoch [632/1000], Loss: 0.0070
Epoch [633/1000], Loss: 0.0070
Epoch [634/1000], Loss: 0.0070
Epoch [635/1000], Loss: 0.0071
Epoch [636/1000], Loss: 0.0072
Epoch [637/1000], Loss: 0.0071
Epoch [638/1000], Loss: 0.0070
Epoch [639/1000], Loss: 0.0072
Epoch [640/1000], Loss: 0.0071
Epoch [641/1000], Loss: 0.0071
Epoch [642/1000], Loss: 0.0070
Epoch [643/1000], Loss: 0.0071
Epoch [644/1000], Loss: 0.0070
Epoch [645/1000], Loss: 0.0069
Epoch [646/1000], Loss: 0.0075
Epoch [647/1000], Loss: 0.0071
Epoch [648/1000], Loss: 0.0070
Epoch [649/1000], Loss: 0.0071
Epoch [650/1000], Loss: 0.0070
Epoch [651/1000], Loss: 0.0070
Epoch [652/1000], Loss: 0.0070
Epoch [653/1000], Loss: 0.0069
Epoch [654/1000], Loss: 0.0071
Epoch [655/1000], Loss: 0.0069
Epoch [656/1000], Loss: 0.0069
Epoch [657/1000], Loss: 0.0072
Epoch [658/1000], Loss: 0.0071
Epoch [659/1000], Loss: 0.0069
Epoch [660/1000], Loss: 0.0069
Epoch [661/1000], Loss: 0.0070
Epoch [662/1000], Loss: 0.0069
Epoch [663/1000], Loss: 0.0074
Epoch [664/1000], Loss: 0.0070
Epoch [665/1000], Loss: 0.0069
Epoch [666/1000], Loss: 0.0069
Epoch [667/1000], Loss: 0.0070
Epoch [668/1000], Loss: 0.0071
Epoch [669/1000], Loss: 0.0069
Epoch [670/1000], Loss: 0.0072
Epoch [671/1000], Loss: 0.0072
Epoch [672/1000], Loss: 0.0070
Epoch [673/1000], Loss: 0.0069
Epoch [674/1000], Loss: 0.0069
Epoch [675/1000], Loss: 0.0070
Epoch [676/1000], Loss: 0.0069
Epoch [677/1000], Loss: 0.0075
Epoch [678/1000], Loss: 0.0069
Epoch [679/1000], Loss: 0.0069
Epoch [680/1000], Loss: 0.0069
Epoch [681/1000], Loss: 0.0070
Epoch [682/1000], Loss: 0.0073
Epoch [683/1000], Loss: 0.0069
Epoch [684/1000], Loss: 0.0070
Epoch [685/1000], Loss: 0.0069
Epoch [686/1000], Loss: 0.0068
Epoch [687/1000], Loss: 0.0068
Epoch [688/1000], Loss: 0.0069
Epoch [689/1000], Loss: 0.0069
Epoch [690/1000], Loss: 0.0076
Epoch [691/1000], Loss: 0.0069
Epoch [692/1000], Loss: 0.0069
Epoch [693/1000], Loss: 0.0068
Epoch [694/1000], Loss: 0.0068
Epoch [695/1000], Loss: 0.0069
Epoch [696/1000], Loss: 0.0070
Epoch [697/1000], Loss: 0.0075
Epoch [698/1000], Loss: 0.0069
Epoch [699/1000], Loss: 0.0070
Epoch [700/1000], Loss: 0.0070
Epoch [701/1000], Loss: 0.0069
Epoch [702/1000], Loss: 0.0070
Epoch [703/1000], Loss: 0.0075
Epoch [704/1000], Loss: 0.0069
Epoch [705/1000], Loss: 0.0071
Epoch [706/1000], Loss: 0.0082
Epoch [707/1000], Loss: 0.0071
Epoch [708/1000], Loss: 0.0069
Epoch [709/1000], Loss: 0.0069
Epoch [710/1000], Loss: 0.0068
Epoch [711/1000], Loss: 0.0067
Epoch [712/1000], Loss: 0.0067
Epoch [713/1000], Loss: 0.0068
Epoch [714/1000], Loss: 0.0069
Epoch [715/1000], Loss: 0.0069
Epoch [716/1000], Loss: 0.0067
Epoch [717/1000], Loss: 0.0067
Epoch [718/1000], Loss: 0.0069
Epoch [719/1000], Loss: 0.0070
Epoch [720/1000], Loss: 0.0068
Epoch [721/1000], Loss: 0.0068
Epoch [722/1000], Loss: 0.0067
Epoch [723/1000], Loss: 0.0069
Epoch [724/1000], Loss: 0.0070
Epoch [725/1000], Loss: 0.0070
Epoch [726/1000], Loss: 0.0068
Epoch [727/1000], Loss: 0.0070
Epoch [728/1000], Loss: 0.0070
Epoch [729/1000], Loss: 0.0069
Epoch [730/1000], Loss: 0.0070
Epoch [731/1000], Loss: 0.0071
Epoch [732/1000], Loss: 0.0069
Epoch [733/1000], Loss: 0.0069
Epoch [734/1000], Loss: 0.0068
Epoch [735/1000], Loss: 0.0068
Epoch [736/1000], Loss: 0.0067
Epoch [737/1000], Loss: 0.0067
Epoch [738/1000], Loss: 0.0067
Epoch [739/1000], Loss: 0.0067
Epoch [740/1000], Loss: 0.0067
Epoch [741/1000], Loss: 0.0067
Epoch [742/1000], Loss: 0.0068
Epoch [743/1000], Loss: 0.0067
Epoch [744/1000], Loss: 0.0068
Epoch [745/1000], Loss: 0.0066
Epoch [746/1000], Loss: 0.0070
Epoch [747/1000], Loss: 0.0068
Epoch [748/1000], Loss: 0.0067
Epoch [749/1000], Loss: 0.0067
Epoch [750/1000], Loss: 0.0067
Epoch [751/1000], Loss: 0.0068
Epoch [752/1000], Loss: 0.0067
Epoch [753/1000], Loss: 0.0067
Epoch [754/1000], Loss: 0.0071
Epoch [755/1000], Loss: 0.0068
Epoch [756/1000], Loss: 0.0067
Epoch [757/1000], Loss: 0.0066
Epoch [758/1000], Loss: 0.0071
Epoch [759/1000], Loss: 0.0071
Epoch [760/1000], Loss: 0.0070
Epoch [761/1000], Loss: 0.0068
Epoch [762/1000], Loss: 0.0067
Epoch [763/1000], Loss: 0.0069
Epoch [764/1000], Loss: 0.0067
Epoch [765/1000], Loss: 0.0067
Epoch [766/1000], Loss: 0.0066
Epoch [767/1000], Loss: 0.0066
Epoch [768/1000], Loss: 0.0068
Epoch [769/1000], Loss: 0.0067
Epoch [770/1000], Loss: 0.0067
Epoch [771/1000], Loss: 0.0067
Epoch [772/1000], Loss: 0.0068
Epoch [773/1000], Loss: 0.0067
Epoch [774/1000], Loss: 0.0067
Epoch [775/1000], Loss: 0.0066
Epoch [776/1000], Loss: 0.0067
Epoch [777/1000], Loss: 0.0067
Epoch [778/1000], Loss: 0.0068
Epoch [779/1000], Loss: 0.0069
Epoch [780/1000], Loss: 0.0067
Epoch [781/1000], Loss: 0.0070
Epoch [782/1000], Loss: 0.0068
Epoch [783/1000], Loss: 0.0070
Epoch [784/1000], Loss: 0.0070
Epoch [785/1000], Loss: 0.0069
Epoch [786/1000], Loss: 0.0068
Epoch [787/1000], Loss: 0.0078
Epoch [788/1000], Loss: 0.0068
Epoch [789/1000], Loss: 0.0066
Epoch [790/1000], Loss: 0.0066
Epoch [791/1000], Loss: 0.0066
Epoch [792/1000], Loss: 0.0066
Epoch [793/1000], Loss: 0.0065
Epoch [794/1000], Loss: 0.0067
Epoch [795/1000], Loss: 0.0069
Epoch [796/1000], Loss: 0.0066
Epoch [797/1000], Loss: 0.0066
Epoch [798/1000], Loss: 0.0070
Epoch [799/1000], Loss: 0.0068
Epoch [800/1000], Loss: 0.0070
Epoch [801/1000], Loss: 0.0069
Epoch [802/1000], Loss: 0.0069
Epoch [803/1000], Loss: 0.0066
Epoch [804/1000], Loss: 0.0066
Epoch [805/1000], Loss: 0.0067
Epoch [806/1000], Loss: 0.0066
Epoch [807/1000], Loss: 0.0066
Epoch [808/1000], Loss: 0.0066
Epoch [809/1000], Loss: 0.0066
Epoch [810/1000], Loss: 0.0066
Epoch [811/1000], Loss: 0.0066
Epoch [812/1000], Loss: 0.0066
Epoch [813/1000], Loss: 0.0066
Epoch [814/1000], Loss: 0.0066
Epoch [815/1000], Loss: 0.0066
Epoch [816/1000], Loss: 0.0066
Epoch [817/1000], Loss: 0.0067
Epoch [818/1000], Loss: 0.0068
Epoch [819/1000], Loss: 0.0066
Epoch [820/1000], Loss: 0.0066
Epoch [821/1000], Loss: 0.0066
Epoch [822/1000], Loss: 0.0066
Epoch [823/1000], Loss: 0.0067
Epoch [824/1000], Loss: 0.0067
Epoch [825/1000], Loss: 0.0066
Epoch [826/1000], Loss: 0.0067
Epoch [827/1000], Loss: 0.0068
Epoch [828/1000], Loss: 0.0066
Epoch [829/1000], Loss: 0.0066
Epoch [830/1000], Loss: 0.0065
Epoch [831/1000], Loss: 0.0066
Epoch [832/1000], Loss: 0.0069
Epoch [833/1000], Loss: 0.0066
Epoch [834/1000], Loss: 0.0066
Epoch [835/1000], Loss: 0.0066
Epoch [836/1000], Loss: 0.0067
Epoch [837/1000], Loss: 0.0066
Epoch [838/1000], Loss: 0.0066
Epoch [839/1000], Loss: 0.0068
Epoch [840/1000], Loss: 0.0070
Epoch [841/1000], Loss: 0.0066
Epoch [842/1000], Loss: 0.0067
Epoch [843/1000], Loss: 0.0066
Epoch [844/1000], Loss: 0.0065
Epoch [845/1000], Loss: 0.0066
Epoch [846/1000], Loss: 0.0066
Epoch [847/1000], Loss: 0.0065
Epoch [848/1000], Loss: 0.0070
Epoch [849/1000], Loss: 0.0066
Epoch [850/1000], Loss: 0.0065
Epoch [851/1000], Loss: 0.0065
Epoch [852/1000], Loss: 0.0067
Epoch [853/1000], Loss: 0.0068
Epoch [854/1000], Loss: 0.0068
Epoch [855/1000], Loss: 0.0067
Epoch [856/1000], Loss: 0.0067
Epoch [857/1000], Loss: 0.0066
Epoch [858/1000], Loss: 0.0067
Epoch [859/1000], Loss: 0.0067
Epoch [860/1000], Loss: 0.0067
Epoch [861/1000], Loss: 0.0067
Epoch [862/1000], Loss: 0.0067
Epoch [863/1000], Loss: 0.0068
Epoch [864/1000], Loss: 0.0074
Epoch [865/1000], Loss: 0.0066
Epoch [866/1000], Loss: 0.0066
Epoch [867/1000], Loss: 0.0067
Epoch [868/1000], Loss: 0.0068
Epoch [869/1000], Loss: 0.0067
Epoch [870/1000], Loss: 0.0065
Epoch [871/1000], Loss: 0.0065
Epoch [872/1000], Loss: 0.0065
Epoch [873/1000], Loss: 0.0065
Epoch [874/1000], Loss: 0.0064
Epoch [875/1000], Loss: 0.0065
Epoch [876/1000], Loss: 0.0066
Epoch [877/1000], Loss: 0.0065
Epoch [878/1000], Loss: 0.0066
Epoch [879/1000], Loss: 0.0064
Epoch [880/1000], Loss: 0.0064
Epoch [881/1000], Loss: 0.0065
Epoch [882/1000], Loss: 0.0066
Epoch [883/1000], Loss: 0.0066
Epoch [884/1000], Loss: 0.0067
Epoch [885/1000], Loss: 0.0065
Epoch [886/1000], Loss: 0.0066
Epoch [887/1000], Loss: 0.0067
Epoch [888/1000], Loss: 0.0065
Epoch [889/1000], Loss: 0.0065
Epoch [890/1000], Loss: 0.0065
Epoch [891/1000], Loss: 0.0066
Epoch [892/1000], Loss: 0.0065
Epoch [893/1000], Loss: 0.0066
Epoch [894/1000], Loss: 0.0068
Epoch [895/1000], Loss: 0.0065
Epoch [896/1000], Loss: 0.0067
Epoch [897/1000], Loss: 0.0067
Epoch [898/1000], Loss: 0.0067
Epoch [899/1000], Loss: 0.0068
Epoch [900/1000], Loss: 0.0074
Epoch [901/1000], Loss: 0.0068
Epoch [902/1000], Loss: 0.0066
Epoch [903/1000], Loss: 0.0065
Epoch [904/1000], Loss: 0.0065
Epoch [905/1000], Loss: 0.0064
Epoch [906/1000], Loss: 0.0064
Epoch [907/1000], Loss: 0.0064
Epoch [908/1000], Loss: 0.0064
Epoch [909/1000], Loss: 0.0066
Epoch [910/1000], Loss: 0.0064
Epoch [911/1000], Loss: 0.0066
Epoch [912/1000], Loss: 0.0066
Epoch [913/1000], Loss: 0.0065
Epoch [914/1000], Loss: 0.0065
Epoch [915/1000], Loss: 0.0065
Epoch [916/1000], Loss: 0.0065
Epoch [917/1000], Loss: 0.0064
Epoch [918/1000], Loss: 0.0065
Epoch [919/1000], Loss: 0.0066
Epoch [920/1000], Loss: 0.0065
Epoch [921/1000], Loss: 0.0065
Epoch [922/1000], Loss: 0.0064
Epoch [923/1000], Loss: 0.0065
Epoch [924/1000], Loss: 0.0064
Epoch [925/1000], Loss: 0.0065
Epoch [926/1000], Loss: 0.0064
Epoch [927/1000], Loss: 0.0066
Epoch [928/1000], Loss: 0.0066
Epoch [929/1000], Loss: 0.0066
Epoch [930/1000], Loss: 0.0065
Epoch [931/1000], Loss: 0.0064
Epoch [932/1000], Loss: 0.0064
Epoch [933/1000], Loss: 0.0066
Epoch [934/1000], Loss: 0.0065
Epoch [935/1000], Loss: 0.0065
Epoch [936/1000], Loss: 0.0064
Epoch [937/1000], Loss: 0.0064
Epoch [938/1000], Loss: 0.0068
Epoch [939/1000], Loss: 0.0065
Epoch [940/1000], Loss: 0.0064
Epoch [941/1000], Loss: 0.0065
Epoch [942/1000], Loss: 0.0066
Epoch [943/1000], Loss: 0.0064
Epoch [944/1000], Loss: 0.0064
Epoch [945/1000], Loss: 0.0064
Epoch [946/1000], Loss: 0.0064
Epoch [947/1000], Loss: 0.0066
Epoch [948/1000], Loss: 0.0066
Epoch [949/1000], Loss: 0.0066
Epoch [950/1000], Loss: 0.0064
Epoch [951/1000], Loss: 0.0064
Epoch [952/1000], Loss: 0.0063
Epoch [953/1000], Loss: 0.0063
Epoch [954/1000], Loss: 0.0064
Epoch [955/1000], Loss: 0.0065
Epoch [956/1000], Loss: 0.0064
Epoch [957/1000], Loss: 0.0065
Epoch [958/1000], Loss: 0.0066
Epoch [959/1000], Loss: 0.0067
Epoch [960/1000], Loss: 0.0065
Epoch [961/1000], Loss: 0.0065
Epoch [962/1000], Loss: 0.0064
Epoch [963/1000], Loss: 0.0064
Epoch [964/1000], Loss: 0.0064
Epoch [965/1000], Loss: 0.0064
Epoch [966/1000], Loss: 0.0064
Epoch [967/1000], Loss: 0.0068
Epoch [968/1000], Loss: 0.0065
Epoch [969/1000], Loss: 0.0067
Epoch [970/1000], Loss: 0.0065
Epoch [971/1000], Loss: 0.0065
Epoch [972/1000], Loss: 0.0064
Epoch [973/1000], Loss: 0.0064
Epoch [974/1000], Loss: 0.0066
Epoch [975/1000], Loss: 0.0066
Epoch [976/1000], Loss: 0.0066
Epoch [977/1000], Loss: 0.0065
Epoch [978/1000], Loss: 0.0065
Epoch [979/1000], Loss: 0.0066
Epoch [980/1000], Loss: 0.0070
Epoch [981/1000], Loss: 0.0066
Epoch [982/1000], Loss: 0.0066
Epoch [983/1000], Loss: 0.0068
Epoch [984/1000], Loss: 0.0070
Epoch [985/1000], Loss: 0.0069
Epoch [986/1000], Loss: 0.0073
Epoch [987/1000], Loss: 0.0065
Epoch [988/1000], Loss: 0.0064
Epoch [989/1000], Loss: 0.0065
Epoch [990/1000], Loss: 0.0064
Epoch [991/1000], Loss: 0.0063
Epoch [992/1000], Loss: 0.0063
Epoch [993/1000], Loss: 0.0064
Epoch [994/1000], Loss: 0.0064
Epoch [995/1000], Loss: 0.0064
Epoch [996/1000], Loss: 0.0064
Epoch [997/1000], Loss: 0.0063
Epoch [998/1000], Loss: 0.0064
Epoch [999/1000], Loss: 0.0065
Epoch [1000/1000], Loss: 0.0064
Training time: 7596.3956615924835
Saved model path: /home/dg321/gitTest/PRI/irp/interpolation_code_example_2D/models/Velocity256_Compression_1000epochs_32batchsize_lr0.003_OneField.pth
