1699972506.8270092
1
21
41
61
81
101
121
141
161
181
201
221
241
261
281
301
321
341
361
381
(20, 256, 256)
ConvAutoencoder5Conv2ds(
  (encoder): Sequential(
    (0): Conv2d(1, 16, kernel_size=(2, 2), stride=(2, 2))
    (1): ReLU(inplace=True)
    (2): Conv2d(16, 32, kernel_size=(2, 2), stride=(2, 2))
    (3): ReLU(inplace=True)
    (4): Conv2d(32, 64, kernel_size=(2, 2), stride=(2, 2))
    (5): ReLU(inplace=True)
    (6): Conv2d(64, 128, kernel_size=(2, 2), stride=(2, 2))
    (7): ReLU(inplace=True)
    (8): Conv2d(128, 256, kernel_size=(2, 2), stride=(2, 2))
    (9): ReLU(inplace=True)
  )
  (decoder): Sequential(
    (0): ConvTranspose2d(256, 128, kernel_size=(2, 2), stride=(2, 2))
    (1): ReLU(inplace=True)
    (2): ConvTranspose2d(128, 64, kernel_size=(2, 2), stride=(2, 2))
    (3): ReLU(inplace=True)
    (4): ConvTranspose2d(64, 32, kernel_size=(2, 2), stride=(2, 2))
    (5): ReLU(inplace=True)
    (6): ConvTranspose2d(32, 16, kernel_size=(2, 2), stride=(2, 2))
    (7): ReLU(inplace=True)
    (8): ConvTranspose2d(16, 1, kernel_size=(2, 2), stride=(2, 2))
    (9): Identity()
  )
)
Epoch [1/3000], Loss: 2.3068
Epoch [2/3000], Loss: 2.2983
Epoch [3/3000], Loss: 2.2896
Epoch [4/3000], Loss: 2.2798
Epoch [5/3000], Loss: 2.2670
Epoch [6/3000], Loss: 2.2457
Epoch [7/3000], Loss: 2.1989
Epoch [8/3000], Loss: 2.1018
Epoch [9/3000], Loss: 1.9837
Epoch [10/3000], Loss: 2.0583
Epoch [11/3000], Loss: 1.8570
Epoch [12/3000], Loss: 1.8258
Epoch [13/3000], Loss: 1.8224
Epoch [14/3000], Loss: 1.7823
Epoch [15/3000], Loss: 1.7073
Epoch [16/3000], Loss: 1.6559
Epoch [17/3000], Loss: 1.6916
Epoch [18/3000], Loss: 1.6308
Epoch [19/3000], Loss: 1.5741
Epoch [20/3000], Loss: 1.5699
Epoch [21/3000], Loss: 1.5539
Epoch [22/3000], Loss: 1.5067
Epoch [23/3000], Loss: 1.4599
Epoch [24/3000], Loss: 1.4510
Epoch [25/3000], Loss: 1.4089
Epoch [26/3000], Loss: 1.3459
Epoch [27/3000], Loss: 1.3115
Epoch [28/3000], Loss: 1.2701
Epoch [29/3000], Loss: 1.2191
Epoch [30/3000], Loss: 1.2092
Epoch [31/3000], Loss: 1.2148
Epoch [32/3000], Loss: 1.1978
Epoch [33/3000], Loss: 1.2096
Epoch [34/3000], Loss: 1.2212
Epoch [35/3000], Loss: 1.2133
Epoch [36/3000], Loss: 1.2061
Epoch [37/3000], Loss: 1.2088
Epoch [38/3000], Loss: 1.1962
Epoch [39/3000], Loss: 1.1833
Epoch [40/3000], Loss: 1.1778
Epoch [41/3000], Loss: 1.1661
Epoch [42/3000], Loss: 1.1559
Epoch [43/3000], Loss: 1.1576
Epoch [44/3000], Loss: 1.1523
Epoch [45/3000], Loss: 1.1467
Epoch [46/3000], Loss: 1.1471
Epoch [47/3000], Loss: 1.1416
Epoch [48/3000], Loss: 1.1349
Epoch [49/3000], Loss: 1.1310
Epoch [50/3000], Loss: 1.1226
Epoch [51/3000], Loss: 1.1199
Epoch [52/3000], Loss: 1.1119
Epoch [53/3000], Loss: 1.1092
Epoch [54/3000], Loss: 1.1024
Epoch [55/3000], Loss: 1.0970
Epoch [56/3000], Loss: 1.0906
Epoch [57/3000], Loss: 1.0826
Epoch [58/3000], Loss: 1.0763
Epoch [59/3000], Loss: 1.0672
Epoch [60/3000], Loss: 1.0595
Epoch [61/3000], Loss: 1.0491
Epoch [62/3000], Loss: 1.0380
Epoch [63/3000], Loss: 1.0235
Epoch [64/3000], Loss: 1.0066
Epoch [65/3000], Loss: 0.9865
Epoch [66/3000], Loss: 0.9641
Epoch [67/3000], Loss: 0.9413
Epoch [68/3000], Loss: 0.9232
Epoch [69/3000], Loss: 0.9107
Epoch [70/3000], Loss: 0.9030
Epoch [71/3000], Loss: 0.8952
Epoch [72/3000], Loss: 0.8826
Epoch [73/3000], Loss: 0.8677
Epoch [74/3000], Loss: 0.8524
Epoch [75/3000], Loss: 0.8353
Epoch [76/3000], Loss: 0.8183
Epoch [77/3000], Loss: 0.8030
Epoch [78/3000], Loss: 0.7896
Epoch [79/3000], Loss: 0.7777
Epoch [80/3000], Loss: 0.7668
Epoch [81/3000], Loss: 0.7577
Epoch [82/3000], Loss: 0.7499
Epoch [83/3000], Loss: 0.7455
Epoch [84/3000], Loss: 0.7433
Epoch [85/3000], Loss: 0.7331
Epoch [86/3000], Loss: 0.7151
Epoch [87/3000], Loss: 0.7123
Epoch [88/3000], Loss: 0.7069
Epoch [89/3000], Loss: 0.6923
Epoch [90/3000], Loss: 0.6912
Epoch [91/3000], Loss: 0.6837
Epoch [92/3000], Loss: 0.6757
Epoch [93/3000], Loss: 0.6732
Epoch [94/3000], Loss: 0.6636
Epoch [95/3000], Loss: 0.6584
Epoch [96/3000], Loss: 0.6549
Epoch [97/3000], Loss: 0.6474
Epoch [98/3000], Loss: 0.6413
Epoch [99/3000], Loss: 0.6388
Epoch [100/3000], Loss: 0.6319
Epoch [101/3000], Loss: 0.6252
Epoch [102/3000], Loss: 0.6229
Epoch [103/3000], Loss: 0.6189
Epoch [104/3000], Loss: 0.6126
Epoch [105/3000], Loss: 0.6090
Epoch [106/3000], Loss: 0.6115
Epoch [107/3000], Loss: 0.6256
Epoch [108/3000], Loss: 0.6373
Epoch [109/3000], Loss: 0.5952
Epoch [110/3000], Loss: 0.6177
Epoch [111/3000], Loss: 0.6134
Epoch [112/3000], Loss: 0.5950
Epoch [113/3000], Loss: 0.6122
Epoch [114/3000], Loss: 0.5799
Epoch [115/3000], Loss: 0.5945
Epoch [116/3000], Loss: 0.5736
Epoch [117/3000], Loss: 0.5861
Epoch [118/3000], Loss: 0.5694
Epoch [119/3000], Loss: 0.5748
Epoch [120/3000], Loss: 0.5620
Epoch [121/3000], Loss: 0.5659
Epoch [122/3000], Loss: 0.5574
Epoch [123/3000], Loss: 0.5570
Epoch [124/3000], Loss: 0.5508
Epoch [125/3000], Loss: 0.5483
Epoch [126/3000], Loss: 0.5454
Epoch [127/3000], Loss: 0.5405
Epoch [128/3000], Loss: 0.5393
Epoch [129/3000], Loss: 0.5328
Epoch [130/3000], Loss: 0.5322
Epoch [131/3000], Loss: 0.5262
Epoch [132/3000], Loss: 0.5246
Epoch [133/3000], Loss: 0.5203
Epoch [134/3000], Loss: 0.5164
Epoch [135/3000], Loss: 0.5142
Epoch [136/3000], Loss: 0.5088
Epoch [137/3000], Loss: 0.5065
Epoch [138/3000], Loss: 0.5023
Epoch [139/3000], Loss: 0.4979
Epoch [140/3000], Loss: 0.4957
Epoch [141/3000], Loss: 0.4903
Epoch [142/3000], Loss: 0.4868
Epoch [143/3000], Loss: 0.4842
Epoch [144/3000], Loss: 0.4791
Epoch [145/3000], Loss: 0.4760
Epoch [146/3000], Loss: 0.4782
Epoch [147/3000], Loss: 0.4936
Epoch [148/3000], Loss: 0.5229
Epoch [149/3000], Loss: 0.5055
Epoch [150/3000], Loss: 0.4698
Epoch [151/3000], Loss: 0.5005
Epoch [152/3000], Loss: 0.4628
Epoch [153/3000], Loss: 0.4807
Epoch [154/3000], Loss: 0.4554
Epoch [155/3000], Loss: 0.4687
Epoch [156/3000], Loss: 0.4499
Epoch [157/3000], Loss: 0.4574
Epoch [158/3000], Loss: 0.4440
Epoch [159/3000], Loss: 0.4484
Epoch [160/3000], Loss: 0.4374
Epoch [161/3000], Loss: 0.4412
Epoch [162/3000], Loss: 0.4309
Epoch [163/3000], Loss: 0.4341
Epoch [164/3000], Loss: 0.4256
Epoch [165/3000], Loss: 0.4264
Epoch [166/3000], Loss: 0.4201
Epoch [167/3000], Loss: 0.4201
Epoch [168/3000], Loss: 0.4147
Epoch [169/3000], Loss: 0.4130
Epoch [170/3000], Loss: 0.4098
Epoch [171/3000], Loss: 0.4068
Epoch [172/3000], Loss: 0.4043
Epoch [173/3000], Loss: 0.4010
Epoch [174/3000], Loss: 0.3984
Epoch [175/3000], Loss: 0.3959
Epoch [176/3000], Loss: 0.3936
Epoch [177/3000], Loss: 0.3912
Epoch [178/3000], Loss: 0.3892
Epoch [179/3000], Loss: 0.3870
Epoch [180/3000], Loss: 0.3865
Epoch [181/3000], Loss: 0.3853
Epoch [182/3000], Loss: 0.3859
Epoch [183/3000], Loss: 0.3862
Epoch [184/3000], Loss: 0.3822
Epoch [185/3000], Loss: 0.3760
Epoch [186/3000], Loss: 0.3695
Epoch [187/3000], Loss: 0.3690
Epoch [188/3000], Loss: 0.3697
Epoch [189/3000], Loss: 0.3685
Epoch [190/3000], Loss: 0.3663
Epoch [191/3000], Loss: 0.3620
Epoch [192/3000], Loss: 0.3589
Epoch [193/3000], Loss: 0.3563
Epoch [194/3000], Loss: 0.3557
Epoch [195/3000], Loss: 0.3563
Epoch [196/3000], Loss: 0.3554
Epoch [197/3000], Loss: 0.3530
Epoch [198/3000], Loss: 0.3486
Epoch [199/3000], Loss: 0.3452
Epoch [200/3000], Loss: 0.3440
Epoch [201/3000], Loss: 0.3430
Epoch [202/3000], Loss: 0.3421
Epoch [203/3000], Loss: 0.3403
Epoch [204/3000], Loss: 0.3384
Epoch [205/3000], Loss: 0.3383
Epoch [206/3000], Loss: 0.3424
Epoch [207/3000], Loss: 0.3533
Epoch [208/3000], Loss: 0.3680
Epoch [209/3000], Loss: 0.3546
Epoch [210/3000], Loss: 0.3371
Epoch [211/3000], Loss: 0.3409
Epoch [212/3000], Loss: 0.3352
Epoch [213/3000], Loss: 0.3354
Epoch [214/3000], Loss: 0.3361
Epoch [215/3000], Loss: 0.3244
Epoch [216/3000], Loss: 0.3306
Epoch [217/3000], Loss: 0.3281
Epoch [218/3000], Loss: 0.3224
Epoch [219/3000], Loss: 0.3235
Epoch [220/3000], Loss: 0.3193
Epoch [221/3000], Loss: 0.3210
Epoch [222/3000], Loss: 0.3176
Epoch [223/3000], Loss: 0.3143
Epoch [224/3000], Loss: 0.3161
Epoch [225/3000], Loss: 0.3128
Epoch [226/3000], Loss: 0.3125
Epoch [227/3000], Loss: 0.3107
Epoch [228/3000], Loss: 0.3079
Epoch [229/3000], Loss: 0.3093
Epoch [230/3000], Loss: 0.3075
Epoch [231/3000], Loss: 0.3056
Epoch [232/3000], Loss: 0.3056
Epoch [233/3000], Loss: 0.3030
Epoch [234/3000], Loss: 0.3015
Epoch [235/3000], Loss: 0.3018
Epoch [236/3000], Loss: 0.3001
Epoch [237/3000], Loss: 0.2990
Epoch [238/3000], Loss: 0.2992
Epoch [239/3000], Loss: 0.2978
Epoch [240/3000], Loss: 0.2965
Epoch [241/3000], Loss: 0.2964
Epoch [242/3000], Loss: 0.2955
Epoch [243/3000], Loss: 0.2944
Epoch [244/3000], Loss: 0.2946
Epoch [245/3000], Loss: 0.2949
Epoch [246/3000], Loss: 0.2949
Epoch [247/3000], Loss: 0.2957
Epoch [248/3000], Loss: 0.2977
Epoch [249/3000], Loss: 0.2973
Epoch [250/3000], Loss: 0.2957
Epoch [251/3000], Loss: 0.2907
Epoch [252/3000], Loss: 0.2863
Epoch [253/3000], Loss: 0.2849
Epoch [254/3000], Loss: 0.2861
Epoch [255/3000], Loss: 0.2879
Epoch [256/3000], Loss: 0.2877
Epoch [257/3000], Loss: 0.2860
Epoch [258/3000], Loss: 0.2826
Epoch [259/3000], Loss: 0.2804
Epoch [260/3000], Loss: 0.2799
Epoch [261/3000], Loss: 0.2804
Epoch [262/3000], Loss: 0.2808
Epoch [263/3000], Loss: 0.2801
Epoch [264/3000], Loss: 0.2790
Epoch [265/3000], Loss: 0.2774
Epoch [266/3000], Loss: 0.2761
Epoch [267/3000], Loss: 0.2754
Epoch [268/3000], Loss: 0.2753
Epoch [269/3000], Loss: 0.2754
Epoch [270/3000], Loss: 0.2752
Epoch [271/3000], Loss: 0.2746
Epoch [272/3000], Loss: 0.2736
Epoch [273/3000], Loss: 0.2724
Epoch [274/3000], Loss: 0.2710
Epoch [275/3000], Loss: 0.2698
Epoch [276/3000], Loss: 0.2691
Epoch [277/3000], Loss: 0.2692
Epoch [278/3000], Loss: 0.2704
Epoch [279/3000], Loss: 0.2732
Epoch [280/3000], Loss: 0.2768
Epoch [281/3000], Loss: 0.2819
Epoch [282/3000], Loss: 0.2815
Epoch [283/3000], Loss: 0.2779
Epoch [284/3000], Loss: 0.2709
Epoch [285/3000], Loss: 0.2710
Epoch [286/3000], Loss: 0.2720
Epoch [287/3000], Loss: 0.2671
Epoch [288/3000], Loss: 0.2630
Epoch [289/3000], Loss: 0.2656
Epoch [290/3000], Loss: 0.2676
Epoch [291/3000], Loss: 0.2631
Epoch [292/3000], Loss: 0.2594
Epoch [293/3000], Loss: 0.2616
Epoch [294/3000], Loss: 0.2622
Epoch [295/3000], Loss: 0.2586
Epoch [296/3000], Loss: 0.2576
Epoch [297/3000], Loss: 0.2592
Epoch [298/3000], Loss: 0.2581
Epoch [299/3000], Loss: 0.2555
Epoch [300/3000], Loss: 0.2548
Epoch [301/3000], Loss: 0.2553
Epoch [302/3000], Loss: 0.2549
Epoch [303/3000], Loss: 0.2535
Epoch [304/3000], Loss: 0.2525
Epoch [305/3000], Loss: 0.2522
Epoch [306/3000], Loss: 0.2521
Epoch [307/3000], Loss: 0.2520
Epoch [308/3000], Loss: 0.2519
Epoch [309/3000], Loss: 0.2518
Epoch [310/3000], Loss: 0.2535
Epoch [311/3000], Loss: 0.2578
Epoch [312/3000], Loss: 0.2654
Epoch [313/3000], Loss: 0.2687
Epoch [314/3000], Loss: 0.2660
Epoch [315/3000], Loss: 0.2531
Epoch [316/3000], Loss: 0.2493
Epoch [317/3000], Loss: 0.2535
Epoch [318/3000], Loss: 0.2543
Epoch [319/3000], Loss: 0.2510
Epoch [320/3000], Loss: 0.2479
Epoch [321/3000], Loss: 0.2490
Epoch [322/3000], Loss: 0.2489
Epoch [323/3000], Loss: 0.2446
Epoch [324/3000], Loss: 0.2448
Epoch [325/3000], Loss: 0.2466
Epoch [326/3000], Loss: 0.2431
Epoch [327/3000], Loss: 0.2414
Epoch [328/3000], Loss: 0.2433
Epoch [329/3000], Loss: 0.2423
Epoch [330/3000], Loss: 0.2397
Epoch [331/3000], Loss: 0.2402
Epoch [332/3000], Loss: 0.2408
Epoch [333/3000], Loss: 0.2387
Epoch [334/3000], Loss: 0.2372
Epoch [335/3000], Loss: 0.2377
Epoch [336/3000], Loss: 0.2374
Epoch [337/3000], Loss: 0.2359
Epoch [338/3000], Loss: 0.2355
Epoch [339/3000], Loss: 0.2359
Epoch [340/3000], Loss: 0.2354
Epoch [341/3000], Loss: 0.2344
Epoch [342/3000], Loss: 0.2342
Epoch [343/3000], Loss: 0.2348
Epoch [344/3000], Loss: 0.2358
Epoch [345/3000], Loss: 0.2368
Epoch [346/3000], Loss: 0.2399
Epoch [347/3000], Loss: 0.2441
Epoch [348/3000], Loss: 0.2482
Epoch [349/3000], Loss: 0.2442
Epoch [350/3000], Loss: 0.2389
Epoch [351/3000], Loss: 0.2359
Epoch [352/3000], Loss: 0.2369
Epoch [353/3000], Loss: 0.2370
Epoch [354/3000], Loss: 0.2344
Epoch [355/3000], Loss: 0.2319
Epoch [356/3000], Loss: 0.2306
Epoch [357/3000], Loss: 0.2319
Epoch [358/3000], Loss: 0.2317
Epoch [359/3000], Loss: 0.2279
Epoch [360/3000], Loss: 0.2273
Epoch [361/3000], Loss: 0.2296
Epoch [362/3000], Loss: 0.2279
Epoch [363/3000], Loss: 0.2251
Epoch [364/3000], Loss: 0.2254
Epoch [365/3000], Loss: 0.2260
Epoch [366/3000], Loss: 0.2247
Epoch [367/3000], Loss: 0.2240
Epoch [368/3000], Loss: 0.2243
Epoch [369/3000], Loss: 0.2240
Epoch [370/3000], Loss: 0.2234
Epoch [371/3000], Loss: 0.2240
Epoch [372/3000], Loss: 0.2248
Epoch [373/3000], Loss: 0.2247
Epoch [374/3000], Loss: 0.2253
Epoch [375/3000], Loss: 0.2270
Epoch [376/3000], Loss: 0.2287
Epoch [377/3000], Loss: 0.2275
Epoch [378/3000], Loss: 0.2271
Epoch [379/3000], Loss: 0.2263
Epoch [380/3000], Loss: 0.2263
Epoch [381/3000], Loss: 0.2249
Epoch [382/3000], Loss: 0.2226
Epoch [383/3000], Loss: 0.2202
Epoch [384/3000], Loss: 0.2182
Epoch [385/3000], Loss: 0.2189
Epoch [386/3000], Loss: 0.2204
Epoch [387/3000], Loss: 0.2196
Epoch [388/3000], Loss: 0.2175
Epoch [389/3000], Loss: 0.2169
Epoch [390/3000], Loss: 0.2171
Epoch [391/3000], Loss: 0.2164
Epoch [392/3000], Loss: 0.2153
Epoch [393/3000], Loss: 0.2152
Epoch [394/3000], Loss: 0.2153
Epoch [395/3000], Loss: 0.2145
Epoch [396/3000], Loss: 0.2136
Epoch [397/3000], Loss: 0.2133
Epoch [398/3000], Loss: 0.2132
Epoch [399/3000], Loss: 0.2131
Epoch [400/3000], Loss: 0.2135
Epoch [401/3000], Loss: 0.2141
Epoch [402/3000], Loss: 0.2148
Epoch [403/3000], Loss: 0.2153
Epoch [404/3000], Loss: 0.2169
Epoch [405/3000], Loss: 0.2195
Epoch [406/3000], Loss: 0.2227
Epoch [407/3000], Loss: 0.2210
Epoch [408/3000], Loss: 0.2164
Epoch [409/3000], Loss: 0.2117
Epoch [410/3000], Loss: 0.2128
Epoch [411/3000], Loss: 0.2165
Epoch [412/3000], Loss: 0.2178
Epoch [413/3000], Loss: 0.2157
Epoch [414/3000], Loss: 0.2116
Epoch [415/3000], Loss: 0.2114
Epoch [416/3000], Loss: 0.2139
Epoch [417/3000], Loss: 0.2118
Epoch [418/3000], Loss: 0.2083
Epoch [419/3000], Loss: 0.2080
Epoch [420/3000], Loss: 0.2101
Epoch [421/3000], Loss: 0.2094
Epoch [422/3000], Loss: 0.2059
Epoch [423/3000], Loss: 0.2057
Epoch [424/3000], Loss: 0.2078
Epoch [425/3000], Loss: 0.2073
Epoch [426/3000], Loss: 0.2051
Epoch [427/3000], Loss: 0.2049
Epoch [428/3000], Loss: 0.2067
Epoch [429/3000], Loss: 0.2082
Epoch [430/3000], Loss: 0.2084
Epoch [431/3000], Loss: 0.2115
Epoch [432/3000], Loss: 0.2167
Epoch [433/3000], Loss: 0.2229
Epoch [434/3000], Loss: 0.2186
Epoch [435/3000], Loss: 0.2108
Epoch [436/3000], Loss: 0.2048
Epoch [437/3000], Loss: 0.2061
Epoch [438/3000], Loss: 0.2088
Epoch [439/3000], Loss: 0.2092
Epoch [440/3000], Loss: 0.2090
Epoch [441/3000], Loss: 0.2046
Epoch [442/3000], Loss: 0.2021
Epoch [443/3000], Loss: 0.2039
Epoch [444/3000], Loss: 0.2057
Epoch [445/3000], Loss: 0.2046
Epoch [446/3000], Loss: 0.2010
Epoch [447/3000], Loss: 0.2003
Epoch [448/3000], Loss: 0.2023
Epoch [449/3000], Loss: 0.2028
Epoch [450/3000], Loss: 0.2016
Epoch [451/3000], Loss: 0.1999
Epoch [452/3000], Loss: 0.1991
Epoch [453/3000], Loss: 0.1990
Epoch [454/3000], Loss: 0.1988
Epoch [455/3000], Loss: 0.1989
Epoch [456/3000], Loss: 0.1990
Epoch [457/3000], Loss: 0.1984
Epoch [458/3000], Loss: 0.1973
Epoch [459/3000], Loss: 0.1965
Epoch [460/3000], Loss: 0.1966
Epoch [461/3000], Loss: 0.1971
Epoch [462/3000], Loss: 0.1973
Epoch [463/3000], Loss: 0.1969
Epoch [464/3000], Loss: 0.1969
Epoch [465/3000], Loss: 0.1976
Epoch [466/3000], Loss: 0.1992
Epoch [467/3000], Loss: 0.2011
Epoch [468/3000], Loss: 0.2029
Epoch [469/3000], Loss: 0.2034
Epoch [470/3000], Loss: 0.2020
Epoch [471/3000], Loss: 0.1976
Epoch [472/3000], Loss: 0.1947
Epoch [473/3000], Loss: 0.1964
Epoch [474/3000], Loss: 0.1991
Epoch [475/3000], Loss: 0.1983
Epoch [476/3000], Loss: 0.1941
Epoch [477/3000], Loss: 0.1925
Epoch [478/3000], Loss: 0.1947
Epoch [479/3000], Loss: 0.1964
Epoch [480/3000], Loss: 0.1954
Epoch [481/3000], Loss: 0.1933
Epoch [482/3000], Loss: 0.1935
Epoch [483/3000], Loss: 0.1955
Epoch [484/3000], Loss: 0.1971
Epoch [485/3000], Loss: 0.1978
Epoch [486/3000], Loss: 0.1988
Epoch [487/3000], Loss: 0.1986
Epoch [488/3000], Loss: 0.1982
Epoch [489/3000], Loss: 0.1959
Epoch [490/3000], Loss: 0.1937
Epoch [491/3000], Loss: 0.1914
Epoch [492/3000], Loss: 0.1904
Epoch [493/3000], Loss: 0.1909
Epoch [494/3000], Loss: 0.1922
Epoch [495/3000], Loss: 0.1929
Epoch [496/3000], Loss: 0.1918
Epoch [497/3000], Loss: 0.1904
Epoch [498/3000], Loss: 0.1899
Epoch [499/3000], Loss: 0.1903
Epoch [500/3000], Loss: 0.1904
Epoch [501/3000], Loss: 0.1897
Epoch [502/3000], Loss: 0.1887
Epoch [503/3000], Loss: 0.1883
Epoch [504/3000], Loss: 0.1889
Epoch [505/3000], Loss: 0.1900
Epoch [506/3000], Loss: 0.1909
Epoch [507/3000], Loss: 0.1922
Epoch [508/3000], Loss: 0.1947
Epoch [509/3000], Loss: 0.1992
Epoch [510/3000], Loss: 0.2043
Epoch [511/3000], Loss: 0.2028
Epoch [512/3000], Loss: 0.1925
Epoch [513/3000], Loss: 0.1899
Epoch [514/3000], Loss: 0.1946
Epoch [515/3000], Loss: 0.1948
Epoch [516/3000], Loss: 0.1899
Epoch [517/3000], Loss: 0.1878
Epoch [518/3000], Loss: 0.1895
Epoch [519/3000], Loss: 0.1901
Epoch [520/3000], Loss: 0.1876
Epoch [521/3000], Loss: 0.1866
Epoch [522/3000], Loss: 0.1879
Epoch [523/3000], Loss: 0.1873
Epoch [524/3000], Loss: 0.1852
Epoch [525/3000], Loss: 0.1851
Epoch [526/3000], Loss: 0.1860
Epoch [527/3000], Loss: 0.1847
Epoch [528/3000], Loss: 0.1837
Epoch [529/3000], Loss: 0.1841
Epoch [530/3000], Loss: 0.1841
Epoch [531/3000], Loss: 0.1831
Epoch [532/3000], Loss: 0.1827
Epoch [533/3000], Loss: 0.1829
Epoch [534/3000], Loss: 0.1826
Epoch [535/3000], Loss: 0.1820
Epoch [536/3000], Loss: 0.1821
Epoch [537/3000], Loss: 0.1827
Epoch [538/3000], Loss: 0.1830
Epoch [539/3000], Loss: 0.1843
Epoch [540/3000], Loss: 0.1877
Epoch [541/3000], Loss: 0.1955
Epoch [542/3000], Loss: 0.2033
Epoch [543/3000], Loss: 0.2142
Epoch [544/3000], Loss: 0.2023
Epoch [545/3000], Loss: 0.1884
Epoch [546/3000], Loss: 0.1821
Epoch [547/3000], Loss: 0.1909
Epoch [548/3000], Loss: 0.2015
Epoch [549/3000], Loss: 0.1905
Epoch [550/3000], Loss: 0.1811
Epoch [551/3000], Loss: 0.1851
Epoch [552/3000], Loss: 0.1914
Epoch [553/3000], Loss: 0.1904
Epoch [554/3000], Loss: 0.1814
Epoch [555/3000], Loss: 0.1813
Epoch [556/3000], Loss: 0.1866
Epoch [557/3000], Loss: 0.1843
Epoch [558/3000], Loss: 0.1798
Epoch [559/3000], Loss: 0.1791
Epoch [560/3000], Loss: 0.1820
Epoch [561/3000], Loss: 0.1823
Epoch [562/3000], Loss: 0.1786
Epoch [563/3000], Loss: 0.1775
Epoch [564/3000], Loss: 0.1794
Epoch [565/3000], Loss: 0.1799
Epoch [566/3000], Loss: 0.1780
Epoch [567/3000], Loss: 0.1765
Epoch [568/3000], Loss: 0.1771
Epoch [569/3000], Loss: 0.1783
Epoch [570/3000], Loss: 0.1777
Epoch [571/3000], Loss: 0.1765
Epoch [572/3000], Loss: 0.1759
Epoch [573/3000], Loss: 0.1766
Epoch [574/3000], Loss: 0.1775
Epoch [575/3000], Loss: 0.1775
Epoch [576/3000], Loss: 0.1775
Epoch [577/3000], Loss: 0.1777
Epoch [578/3000], Loss: 0.1791
Epoch [579/3000], Loss: 0.1811
Epoch [580/3000], Loss: 0.1821
Epoch [581/3000], Loss: 0.1808
Epoch [582/3000], Loss: 0.1772
Epoch [583/3000], Loss: 0.1747
Epoch [584/3000], Loss: 0.1750
Epoch [585/3000], Loss: 0.1767
Epoch [586/3000], Loss: 0.1779
Epoch [587/3000], Loss: 0.1774
Epoch [588/3000], Loss: 0.1761
Epoch [589/3000], Loss: 0.1753
Epoch [590/3000], Loss: 0.1755
Epoch [591/3000], Loss: 0.1766
Epoch [592/3000], Loss: 0.1771
Epoch [593/3000], Loss: 0.1776
Epoch [594/3000], Loss: 0.1776
Epoch [595/3000], Loss: 0.1773
Epoch [596/3000], Loss: 0.1765
Epoch [597/3000], Loss: 0.1752
Epoch [598/3000], Loss: 0.1744
Epoch [599/3000], Loss: 0.1740
Epoch [600/3000], Loss: 0.1735
Epoch [601/3000], Loss: 0.1729
Epoch [602/3000], Loss: 0.1723
Epoch [603/3000], Loss: 0.1721
Epoch [604/3000], Loss: 0.1723
Epoch [605/3000], Loss: 0.1725
Epoch [606/3000], Loss: 0.1724
Epoch [607/3000], Loss: 0.1720
Epoch [608/3000], Loss: 0.1717
Epoch [609/3000], Loss: 0.1715
Epoch [610/3000], Loss: 0.1720
Epoch [611/3000], Loss: 0.1723
Epoch [612/3000], Loss: 0.1722
Epoch [613/3000], Loss: 0.1716
Epoch [614/3000], Loss: 0.1710
Epoch [615/3000], Loss: 0.1709
Epoch [616/3000], Loss: 0.1713
Epoch [617/3000], Loss: 0.1717
Epoch [618/3000], Loss: 0.1717
Epoch [619/3000], Loss: 0.1714
Epoch [620/3000], Loss: 0.1709
Epoch [621/3000], Loss: 0.1706
Epoch [622/3000], Loss: 0.1704
Epoch [623/3000], Loss: 0.1700
Epoch [624/3000], Loss: 0.1697
Epoch [625/3000], Loss: 0.1697
Epoch [626/3000], Loss: 0.1704
Epoch [627/3000], Loss: 0.1715
Epoch [628/3000], Loss: 0.1729
Epoch [629/3000], Loss: 0.1746
Epoch [630/3000], Loss: 0.1758
Epoch [631/3000], Loss: 0.1756
Epoch [632/3000], Loss: 0.1729
Epoch [633/3000], Loss: 0.1697
Epoch [634/3000], Loss: 0.1683
Epoch [635/3000], Loss: 0.1692
Epoch [636/3000], Loss: 0.1704
Epoch [637/3000], Loss: 0.1701
Epoch [638/3000], Loss: 0.1684
Epoch [639/3000], Loss: 0.1670
Epoch [640/3000], Loss: 0.1667
Epoch [641/3000], Loss: 0.1671
Epoch [642/3000], Loss: 0.1674
Epoch [643/3000], Loss: 0.1669
Epoch [644/3000], Loss: 0.1661
Epoch [645/3000], Loss: 0.1654
Epoch [646/3000], Loss: 0.1651
Epoch [647/3000], Loss: 0.1651
Epoch [648/3000], Loss: 0.1654
Epoch [649/3000], Loss: 0.1654
Epoch [650/3000], Loss: 0.1652
Epoch [651/3000], Loss: 0.1650
Epoch [652/3000], Loss: 0.1653
Epoch [653/3000], Loss: 0.1664
Epoch [654/3000], Loss: 0.1691
Epoch [655/3000], Loss: 0.1731
Epoch [656/3000], Loss: 0.1798
Epoch [657/3000], Loss: 0.1825
Epoch [658/3000], Loss: 0.1846
Epoch [659/3000], Loss: 0.1751
Epoch [660/3000], Loss: 0.1680
Epoch [661/3000], Loss: 0.1662
Epoch [662/3000], Loss: 0.1692
Epoch [663/3000], Loss: 0.1739
Epoch [664/3000], Loss: 0.1721
Epoch [665/3000], Loss: 0.1682
Epoch [666/3000], Loss: 0.1654
Epoch [667/3000], Loss: 0.1682
Epoch [668/3000], Loss: 0.1727
Epoch [669/3000], Loss: 0.1722
Epoch [670/3000], Loss: 0.1674
Epoch [671/3000], Loss: 0.1640
Epoch [672/3000], Loss: 0.1667
Epoch [673/3000], Loss: 0.1693
Epoch [674/3000], Loss: 0.1657
Epoch [675/3000], Loss: 0.1625
Epoch [676/3000], Loss: 0.1633
Epoch [677/3000], Loss: 0.1652
Epoch [678/3000], Loss: 0.1648
Epoch [679/3000], Loss: 0.1625
Epoch [680/3000], Loss: 0.1621
Epoch [681/3000], Loss: 0.1628
Epoch [682/3000], Loss: 0.1628
Epoch [683/3000], Loss: 0.1622
Epoch [684/3000], Loss: 0.1618
Epoch [685/3000], Loss: 0.1617
Epoch [686/3000], Loss: 0.1618
Epoch [687/3000], Loss: 0.1620
Epoch [688/3000], Loss: 0.1628
Epoch [689/3000], Loss: 0.1633
Epoch [690/3000], Loss: 0.1637
Epoch [691/3000], Loss: 0.1635
Epoch [692/3000], Loss: 0.1642
Epoch [693/3000], Loss: 0.1646
Epoch [694/3000], Loss: 0.1640
Epoch [695/3000], Loss: 0.1611
Epoch [696/3000], Loss: 0.1594
Epoch [697/3000], Loss: 0.1598
Epoch [698/3000], Loss: 0.1606
Epoch [699/3000], Loss: 0.1603
Epoch [700/3000], Loss: 0.1594
Epoch [701/3000], Loss: 0.1593
Epoch [702/3000], Loss: 0.1599
Epoch [703/3000], Loss: 0.1604
Epoch [704/3000], Loss: 0.1595
Epoch [705/3000], Loss: 0.1581
Epoch [706/3000], Loss: 0.1573
Epoch [707/3000], Loss: 0.1573
Epoch [708/3000], Loss: 0.1575
Epoch [709/3000], Loss: 0.1577
Epoch [710/3000], Loss: 0.1580
Epoch [711/3000], Loss: 0.1584
Epoch [712/3000], Loss: 0.1586
Epoch [713/3000], Loss: 0.1591
Epoch [714/3000], Loss: 0.1598
Epoch [715/3000], Loss: 0.1613
Epoch [716/3000], Loss: 0.1627
Epoch [717/3000], Loss: 0.1631
Epoch [718/3000], Loss: 0.1613
Epoch [719/3000], Loss: 0.1607
Epoch [720/3000], Loss: 0.1612
Epoch [721/3000], Loss: 0.1625
Epoch [722/3000], Loss: 0.1609
Epoch [723/3000], Loss: 0.1583
Epoch [724/3000], Loss: 0.1567
Epoch [725/3000], Loss: 0.1569
Epoch [726/3000], Loss: 0.1570
Epoch [727/3000], Loss: 0.1564
Epoch [728/3000], Loss: 0.1566
Epoch [729/3000], Loss: 0.1576
Epoch [730/3000], Loss: 0.1586
Epoch [731/3000], Loss: 0.1586
Epoch [732/3000], Loss: 0.1580
Epoch [733/3000], Loss: 0.1577
Epoch [734/3000], Loss: 0.1582
Epoch [735/3000], Loss: 0.1586
Epoch [736/3000], Loss: 0.1590
Epoch [737/3000], Loss: 0.1585
Epoch [738/3000], Loss: 0.1569
Epoch [739/3000], Loss: 0.1553
Epoch [740/3000], Loss: 0.1550
Epoch [741/3000], Loss: 0.1564
Epoch [742/3000], Loss: 0.1573
Epoch [743/3000], Loss: 0.1571
Epoch [744/3000], Loss: 0.1560
Epoch [745/3000], Loss: 0.1562
Epoch [746/3000], Loss: 0.1565
Epoch [747/3000], Loss: 0.1561
Epoch [748/3000], Loss: 0.1547
Epoch [749/3000], Loss: 0.1539
Epoch [750/3000], Loss: 0.1541
Epoch [751/3000], Loss: 0.1548
Epoch [752/3000], Loss: 0.1544
Epoch [753/3000], Loss: 0.1535
Epoch [754/3000], Loss: 0.1525
Epoch [755/3000], Loss: 0.1523
Epoch [756/3000], Loss: 0.1527
Epoch [757/3000], Loss: 0.1533
Epoch [758/3000], Loss: 0.1538
Epoch [759/3000], Loss: 0.1541
Epoch [760/3000], Loss: 0.1540
Epoch [761/3000], Loss: 0.1536
Epoch [762/3000], Loss: 0.1532
Epoch [763/3000], Loss: 0.1531
Epoch [764/3000], Loss: 0.1532
Epoch [765/3000], Loss: 0.1542
Epoch [766/3000], Loss: 0.1559
Epoch [767/3000], Loss: 0.1595
Epoch [768/3000], Loss: 0.1619
Epoch [769/3000], Loss: 0.1646
Epoch [770/3000], Loss: 0.1611
Epoch [771/3000], Loss: 0.1570
Epoch [772/3000], Loss: 0.1526
Epoch [773/3000], Loss: 0.1519
Epoch [774/3000], Loss: 0.1535
Epoch [775/3000], Loss: 0.1547
Epoch [776/3000], Loss: 0.1548
Epoch [777/3000], Loss: 0.1532
Epoch [778/3000], Loss: 0.1524
Epoch [779/3000], Loss: 0.1519
Epoch [780/3000], Loss: 0.1511
Epoch [781/3000], Loss: 0.1506
Epoch [782/3000], Loss: 0.1509
Epoch [783/3000], Loss: 0.1519
Epoch [784/3000], Loss: 0.1519
Epoch [785/3000], Loss: 0.1513
Epoch [786/3000], Loss: 0.1506
Epoch [787/3000], Loss: 0.1511
Epoch [788/3000], Loss: 0.1524
Epoch [789/3000], Loss: 0.1532
Epoch [790/3000], Loss: 0.1534
Epoch [791/3000], Loss: 0.1536
Epoch [792/3000], Loss: 0.1539
Epoch [793/3000], Loss: 0.1535
Epoch [794/3000], Loss: 0.1514
Epoch [795/3000], Loss: 0.1501
Epoch [796/3000], Loss: 0.1506
Epoch [797/3000], Loss: 0.1523
Epoch [798/3000], Loss: 0.1528
Epoch [799/3000], Loss: 0.1526
Epoch [800/3000], Loss: 0.1521
Epoch [801/3000], Loss: 0.1518
Epoch [802/3000], Loss: 0.1506
Epoch [803/3000], Loss: 0.1494
Epoch [804/3000], Loss: 0.1489
Epoch [805/3000], Loss: 0.1492
Epoch [806/3000], Loss: 0.1488
Epoch [807/3000], Loss: 0.1477
Epoch [808/3000], Loss: 0.1467
Epoch [809/3000], Loss: 0.1468
Epoch [810/3000], Loss: 0.1477
Epoch [811/3000], Loss: 0.1481
Epoch [812/3000], Loss: 0.1477
Epoch [813/3000], Loss: 0.1470
Epoch [814/3000], Loss: 0.1467
Epoch [815/3000], Loss: 0.1465
Epoch [816/3000], Loss: 0.1463
Epoch [817/3000], Loss: 0.1459
Epoch [818/3000], Loss: 0.1460
Epoch [819/3000], Loss: 0.1469
Epoch [820/3000], Loss: 0.1486
Epoch [821/3000], Loss: 0.1506
Epoch [822/3000], Loss: 0.1538
Epoch [823/3000], Loss: 0.1563
Epoch [824/3000], Loss: 0.1616
Epoch [825/3000], Loss: 0.1626
Epoch [826/3000], Loss: 0.1640
Epoch [827/3000], Loss: 0.1564
Epoch [828/3000], Loss: 0.1502
Epoch [829/3000], Loss: 0.1488
Epoch [830/3000], Loss: 0.1517
Epoch [831/3000], Loss: 0.1553
Epoch [832/3000], Loss: 0.1518
Epoch [833/3000], Loss: 0.1472
Epoch [834/3000], Loss: 0.1458
Epoch [835/3000], Loss: 0.1488
Epoch [836/3000], Loss: 0.1519
Epoch [837/3000], Loss: 0.1496
Epoch [838/3000], Loss: 0.1455
Epoch [839/3000], Loss: 0.1441
Epoch [840/3000], Loss: 0.1465
Epoch [841/3000], Loss: 0.1486
Epoch [842/3000], Loss: 0.1472
Epoch [843/3000], Loss: 0.1447
Epoch [844/3000], Loss: 0.1437
Epoch [845/3000], Loss: 0.1448
Epoch [846/3000], Loss: 0.1458
Epoch [847/3000], Loss: 0.1451
Epoch [848/3000], Loss: 0.1442
Epoch [849/3000], Loss: 0.1437
Epoch [850/3000], Loss: 0.1444
Epoch [851/3000], Loss: 0.1452
Epoch [852/3000], Loss: 0.1462
Epoch [853/3000], Loss: 0.1473
Epoch [854/3000], Loss: 0.1483
Epoch [855/3000], Loss: 0.1485
Epoch [856/3000], Loss: 0.1487
Epoch [857/3000], Loss: 0.1479
Epoch [858/3000], Loss: 0.1464
Epoch [859/3000], Loss: 0.1439
Epoch [860/3000], Loss: 0.1430
Epoch [861/3000], Loss: 0.1435
Epoch [862/3000], Loss: 0.1442
Epoch [863/3000], Loss: 0.1440
Epoch [864/3000], Loss: 0.1430
Epoch [865/3000], Loss: 0.1424
Epoch [866/3000], Loss: 0.1421
Epoch [867/3000], Loss: 0.1422
Epoch [868/3000], Loss: 0.1422
Epoch [869/3000], Loss: 0.1418
Epoch [870/3000], Loss: 0.1416
Epoch [871/3000], Loss: 0.1420
Epoch [872/3000], Loss: 0.1428
Epoch [873/3000], Loss: 0.1431
Epoch [874/3000], Loss: 0.1425
Epoch [875/3000], Loss: 0.1420
Epoch [876/3000], Loss: 0.1425
Epoch [877/3000], Loss: 0.1448
Epoch [878/3000], Loss: 0.1475
Epoch [879/3000], Loss: 0.1508
Epoch [880/3000], Loss: 0.1513
Epoch [881/3000], Loss: 0.1510
Epoch [882/3000], Loss: 0.1462
Epoch [883/3000], Loss: 0.1425
Epoch [884/3000], Loss: 0.1410
Epoch [885/3000], Loss: 0.1419
Epoch [886/3000], Loss: 0.1437
Epoch [887/3000], Loss: 0.1443
Epoch [888/3000], Loss: 0.1444
Epoch [889/3000], Loss: 0.1431
Epoch [890/3000], Loss: 0.1421
Epoch [891/3000], Loss: 0.1408
Epoch [892/3000], Loss: 0.1401
Epoch [893/3000], Loss: 0.1402
Epoch [894/3000], Loss: 0.1411
Epoch [895/3000], Loss: 0.1417
Epoch [896/3000], Loss: 0.1417
Epoch [897/3000], Loss: 0.1413
Epoch [898/3000], Loss: 0.1410
Epoch [899/3000], Loss: 0.1415
Epoch [900/3000], Loss: 0.1425
Epoch [901/3000], Loss: 0.1432
Epoch [902/3000], Loss: 0.1434
Epoch [903/3000], Loss: 0.1427
Epoch [904/3000], Loss: 0.1424
Epoch [905/3000], Loss: 0.1421
Epoch [906/3000], Loss: 0.1421
Epoch [907/3000], Loss: 0.1411
Epoch [908/3000], Loss: 0.1399
Epoch [909/3000], Loss: 0.1390
Epoch [910/3000], Loss: 0.1392
Epoch [911/3000], Loss: 0.1401
Epoch [912/3000], Loss: 0.1403
Epoch [913/3000], Loss: 0.1395
Epoch [914/3000], Loss: 0.1382
Epoch [915/3000], Loss: 0.1380
Epoch [916/3000], Loss: 0.1394
Epoch [917/3000], Loss: 0.1417
Epoch [918/3000], Loss: 0.1431
Epoch [919/3000], Loss: 0.1439
Epoch [920/3000], Loss: 0.1432
Epoch [921/3000], Loss: 0.1420
Epoch [922/3000], Loss: 0.1392
Epoch [923/3000], Loss: 0.1372
Epoch [924/3000], Loss: 0.1368
Epoch [925/3000], Loss: 0.1379
Epoch [926/3000], Loss: 0.1390
Epoch [927/3000], Loss: 0.1387
Epoch [928/3000], Loss: 0.1374
Epoch [929/3000], Loss: 0.1362
Epoch [930/3000], Loss: 0.1361
Epoch [931/3000], Loss: 0.1367
Epoch [932/3000], Loss: 0.1373
Epoch [933/3000], Loss: 0.1373
Epoch [934/3000], Loss: 0.1370
Epoch [935/3000], Loss: 0.1368
Epoch [936/3000], Loss: 0.1372
Epoch [937/3000], Loss: 0.1383
Epoch [938/3000], Loss: 0.1408
Epoch [939/3000], Loss: 0.1433
Epoch [940/3000], Loss: 0.1475
Epoch [941/3000], Loss: 0.1477
Epoch [942/3000], Loss: 0.1479
Epoch [943/3000], Loss: 0.1424
Epoch [944/3000], Loss: 0.1380
Epoch [945/3000], Loss: 0.1361
Epoch [946/3000], Loss: 0.1374
Epoch [947/3000], Loss: 0.1403
Epoch [948/3000], Loss: 0.1407
Epoch [949/3000], Loss: 0.1399
Epoch [950/3000], Loss: 0.1376
Epoch [951/3000], Loss: 0.1368
Epoch [952/3000], Loss: 0.1368
Epoch [953/3000], Loss: 0.1370
Epoch [954/3000], Loss: 0.1374
Epoch [955/3000], Loss: 0.1377
Epoch [956/3000], Loss: 0.1382
Epoch [957/3000], Loss: 0.1378
Epoch [958/3000], Loss: 0.1371
Epoch [959/3000], Loss: 0.1374
Epoch [960/3000], Loss: 0.1385
Epoch [961/3000], Loss: 0.1391
Epoch [962/3000], Loss: 0.1379
Epoch [963/3000], Loss: 0.1361
Epoch [964/3000], Loss: 0.1355
Epoch [965/3000], Loss: 0.1355
Epoch [966/3000], Loss: 0.1350
Epoch [967/3000], Loss: 0.1339
Epoch [968/3000], Loss: 0.1339
Epoch [969/3000], Loss: 0.1346
Epoch [970/3000], Loss: 0.1351
Epoch [971/3000], Loss: 0.1348
Epoch [972/3000], Loss: 0.1344
Epoch [973/3000], Loss: 0.1346
Epoch [974/3000], Loss: 0.1352
Epoch [975/3000], Loss: 0.1356
Epoch [976/3000], Loss: 0.1357
Epoch [977/3000], Loss: 0.1361
Epoch [978/3000], Loss: 0.1362
Epoch [979/3000], Loss: 0.1353
Epoch [980/3000], Loss: 0.1335
Epoch [981/3000], Loss: 0.1322
Epoch [982/3000], Loss: 0.1320
Epoch [983/3000], Loss: 0.1324
Epoch [984/3000], Loss: 0.1325
Epoch [985/3000], Loss: 0.1326
Epoch [986/3000], Loss: 0.1332
Epoch [987/3000], Loss: 0.1338
Epoch [988/3000], Loss: 0.1343
Epoch [989/3000], Loss: 0.1345
Epoch [990/3000], Loss: 0.1356
Epoch [991/3000], Loss: 0.1377
Epoch [992/3000], Loss: 0.1420
Epoch [993/3000], Loss: 0.1449
Epoch [994/3000], Loss: 0.1469
Epoch [995/3000], Loss: 0.1412
Epoch [996/3000], Loss: 0.1359
Epoch [997/3000], Loss: 0.1336
Epoch [998/3000], Loss: 0.1354
Epoch [999/3000], Loss: 0.1380
Epoch [1000/3000], Loss: 0.1367
Epoch [1001/3000], Loss: 0.1339
Epoch [1002/3000], Loss: 0.1327
Epoch [1003/3000], Loss: 0.1344
Epoch [1004/3000], Loss: 0.1354
Epoch [1005/3000], Loss: 0.1333
Epoch [1006/3000], Loss: 0.1311
Epoch [1007/3000], Loss: 0.1318
Epoch [1008/3000], Loss: 0.1338
Epoch [1009/3000], Loss: 0.1340
Epoch [1010/3000], Loss: 0.1317
Epoch [1011/3000], Loss: 0.1304
Epoch [1012/3000], Loss: 0.1315
Epoch [1013/3000], Loss: 0.1332
Epoch [1014/3000], Loss: 0.1334
Epoch [1015/3000], Loss: 0.1328
Epoch [1016/3000], Loss: 0.1329
Epoch [1017/3000], Loss: 0.1341
Epoch [1018/3000], Loss: 0.1344
Epoch [1019/3000], Loss: 0.1334
Epoch [1020/3000], Loss: 0.1318
Epoch [1021/3000], Loss: 0.1315
Epoch [1022/3000], Loss: 0.1323
Epoch [1023/3000], Loss: 0.1336
Epoch [1024/3000], Loss: 0.1342
Epoch [1025/3000], Loss: 0.1347
Epoch [1026/3000], Loss: 0.1343
Epoch [1027/3000], Loss: 0.1339
Epoch [1028/3000], Loss: 0.1325
Epoch [1029/3000], Loss: 0.1315
Epoch [1030/3000], Loss: 0.1310
Epoch [1031/3000], Loss: 0.1316
Epoch [1032/3000], Loss: 0.1318
Epoch [1033/3000], Loss: 0.1308
Epoch [1034/3000], Loss: 0.1290
Epoch [1035/3000], Loss: 0.1280
Epoch [1036/3000], Loss: 0.1283
Epoch [1037/3000], Loss: 0.1292
Epoch [1038/3000], Loss: 0.1297
Epoch [1039/3000], Loss: 0.1297
Epoch [1040/3000], Loss: 0.1295
Epoch [1041/3000], Loss: 0.1296
Epoch [1042/3000], Loss: 0.1306
Epoch [1043/3000], Loss: 0.1320
Epoch [1044/3000], Loss: 0.1343
Epoch [1045/3000], Loss: 0.1361
Epoch [1046/3000], Loss: 0.1387
Epoch [1047/3000], Loss: 0.1378
Epoch [1048/3000], Loss: 0.1353
Epoch [1049/3000], Loss: 0.1311
Epoch [1050/3000], Loss: 0.1297
Epoch [1051/3000], Loss: 0.1314
Epoch [1052/3000], Loss: 0.1329
Epoch [1053/3000], Loss: 0.1321
Epoch [1054/3000], Loss: 0.1292
Epoch [1055/3000], Loss: 0.1283
Epoch [1056/3000], Loss: 0.1300
Epoch [1057/3000], Loss: 0.1315
Epoch [1058/3000], Loss: 0.1311
Epoch [1059/3000], Loss: 0.1297
Epoch [1060/3000], Loss: 0.1295
Epoch [1061/3000], Loss: 0.1315
Epoch [1062/3000], Loss: 0.1328
Epoch [1063/3000], Loss: 0.1336
Epoch [1064/3000], Loss: 0.1335
Epoch [1065/3000], Loss: 0.1351
Epoch [1066/3000], Loss: 0.1349
Epoch [1067/3000], Loss: 0.1333
Epoch [1068/3000], Loss: 0.1298
Epoch [1069/3000], Loss: 0.1282
Epoch [1070/3000], Loss: 0.1282
Epoch [1071/3000], Loss: 0.1282
Epoch [1072/3000], Loss: 0.1279
Epoch [1073/3000], Loss: 0.1280
Epoch [1074/3000], Loss: 0.1289
Epoch [1075/3000], Loss: 0.1292
Epoch [1076/3000], Loss: 0.1292
Epoch [1077/3000], Loss: 0.1286
Epoch [1078/3000], Loss: 0.1287
Epoch [1079/3000], Loss: 0.1286
Epoch [1080/3000], Loss: 0.1283
Epoch [1081/3000], Loss: 0.1275
Epoch [1082/3000], Loss: 0.1269
Epoch [1083/3000], Loss: 0.1268
Epoch [1084/3000], Loss: 0.1269
Epoch [1085/3000], Loss: 0.1267
Epoch [1086/3000], Loss: 0.1264
Epoch [1087/3000], Loss: 0.1260
Epoch [1088/3000], Loss: 0.1258
Epoch [1089/3000], Loss: 0.1259
Epoch [1090/3000], Loss: 0.1260
Epoch [1091/3000], Loss: 0.1264
Epoch [1092/3000], Loss: 0.1268
Epoch [1093/3000], Loss: 0.1277
Epoch [1094/3000], Loss: 0.1289
Epoch [1095/3000], Loss: 0.1312
Epoch [1096/3000], Loss: 0.1338
Epoch [1097/3000], Loss: 0.1380
Epoch [1098/3000], Loss: 0.1397
Epoch [1099/3000], Loss: 0.1420
Epoch [1100/3000], Loss: 0.1391
Epoch [1101/3000], Loss: 0.1336
Epoch [1102/3000], Loss: 0.1286
Epoch [1103/3000], Loss: 0.1296
Epoch [1104/3000], Loss: 0.1334
Epoch [1105/3000], Loss: 0.1320
Epoch [1106/3000], Loss: 0.1281
Epoch [1107/3000], Loss: 0.1275
Epoch [1108/3000], Loss: 0.1301
Epoch [1109/3000], Loss: 0.1296
Epoch [1110/3000], Loss: 0.1262
Epoch [1111/3000], Loss: 0.1250
Epoch [1112/3000], Loss: 0.1269
Epoch [1113/3000], Loss: 0.1276
Epoch [1114/3000], Loss: 0.1258
Epoch [1115/3000], Loss: 0.1245
Epoch [1116/3000], Loss: 0.1249
Epoch [1117/3000], Loss: 0.1256
Epoch [1118/3000], Loss: 0.1253
Epoch [1119/3000], Loss: 0.1247
Epoch [1120/3000], Loss: 0.1246
Epoch [1121/3000], Loss: 0.1249
Epoch [1122/3000], Loss: 0.1250
Epoch [1123/3000], Loss: 0.1253
Epoch [1124/3000], Loss: 0.1255
Epoch [1125/3000], Loss: 0.1263
Epoch [1126/3000], Loss: 0.1269
Epoch [1127/3000], Loss: 0.1278
Epoch [1128/3000], Loss: 0.1284
Epoch [1129/3000], Loss: 0.1296
Epoch [1130/3000], Loss: 0.1293
Epoch [1131/3000], Loss: 0.1287
Epoch [1132/3000], Loss: 0.1270
Epoch [1133/3000], Loss: 0.1264
Epoch [1134/3000], Loss: 0.1257
Epoch [1135/3000], Loss: 0.1254
Epoch [1136/3000], Loss: 0.1256
Epoch [1137/3000], Loss: 0.1265
Epoch [1138/3000], Loss: 0.1271
Epoch [1139/3000], Loss: 0.1259
Epoch [1140/3000], Loss: 0.1241
Epoch [1141/3000], Loss: 0.1229
Epoch [1142/3000], Loss: 0.1229
Epoch [1143/3000], Loss: 0.1232
Epoch [1144/3000], Loss: 0.1235
Epoch [1145/3000], Loss: 0.1239
Epoch [1146/3000], Loss: 0.1246
Epoch [1147/3000], Loss: 0.1248
Epoch [1148/3000], Loss: 0.1241
Epoch [1149/3000], Loss: 0.1227
Epoch [1150/3000], Loss: 0.1219
Epoch [1151/3000], Loss: 0.1219
Epoch [1152/3000], Loss: 0.1227
Epoch [1153/3000], Loss: 0.1235
Epoch [1154/3000], Loss: 0.1245
Epoch [1155/3000], Loss: 0.1251
Epoch [1156/3000], Loss: 0.1259
Epoch [1157/3000], Loss: 0.1259
Epoch [1158/3000], Loss: 0.1264
Epoch [1159/3000], Loss: 0.1261
Epoch [1160/3000], Loss: 0.1269
Epoch [1161/3000], Loss: 0.1269
Epoch [1162/3000], Loss: 0.1271
Epoch [1163/3000], Loss: 0.1256
Epoch [1164/3000], Loss: 0.1235
Epoch [1165/3000], Loss: 0.1219
Epoch [1166/3000], Loss: 0.1218
Epoch [1167/3000], Loss: 0.1229
Epoch [1168/3000], Loss: 0.1240
Epoch [1169/3000], Loss: 0.1246
Epoch [1170/3000], Loss: 0.1240
Epoch [1171/3000], Loss: 0.1231
Epoch [1172/3000], Loss: 0.1222
Epoch [1173/3000], Loss: 0.1223
Epoch [1174/3000], Loss: 0.1235
Epoch [1175/3000], Loss: 0.1252
Epoch [1176/3000], Loss: 0.1269
Epoch [1177/3000], Loss: 0.1274
Epoch [1178/3000], Loss: 0.1280
Epoch [1179/3000], Loss: 0.1283
Epoch [1180/3000], Loss: 0.1301
Epoch [1181/3000], Loss: 0.1294
Epoch [1182/3000], Loss: 0.1276
Epoch [1183/3000], Loss: 0.1248
Epoch [1184/3000], Loss: 0.1245
Epoch [1185/3000], Loss: 0.1240
Epoch [1186/3000], Loss: 0.1226
Epoch [1187/3000], Loss: 0.1208
Epoch [1188/3000], Loss: 0.1211
Epoch [1189/3000], Loss: 0.1232
Epoch [1190/3000], Loss: 0.1240
Epoch [1191/3000], Loss: 0.1237
Epoch [1192/3000], Loss: 0.1221
Epoch [1193/3000], Loss: 0.1215
Epoch [1194/3000], Loss: 0.1215
Epoch [1195/3000], Loss: 0.1214
Epoch [1196/3000], Loss: 0.1208
Epoch [1197/3000], Loss: 0.1201
Epoch [1198/3000], Loss: 0.1200
Epoch [1199/3000], Loss: 0.1203
Epoch [1200/3000], Loss: 0.1206
Epoch [1201/3000], Loss: 0.1210
Epoch [1202/3000], Loss: 0.1215
Epoch [1203/3000], Loss: 0.1225
Epoch [1204/3000], Loss: 0.1240
Epoch [1205/3000], Loss: 0.1262
Epoch [1206/3000], Loss: 0.1283
Epoch [1207/3000], Loss: 0.1291
Epoch [1208/3000], Loss: 0.1262
Epoch [1209/3000], Loss: 0.1227
Epoch [1210/3000], Loss: 0.1214
Epoch [1211/3000], Loss: 0.1230
Epoch [1212/3000], Loss: 0.1234
Epoch [1213/3000], Loss: 0.1220
Epoch [1214/3000], Loss: 0.1203
Epoch [1215/3000], Loss: 0.1202
Epoch [1216/3000], Loss: 0.1210
Epoch [1217/3000], Loss: 0.1210
Epoch [1218/3000], Loss: 0.1202
Epoch [1219/3000], Loss: 0.1197
Epoch [1220/3000], Loss: 0.1195
Epoch [1221/3000], Loss: 0.1194
Epoch [1222/3000], Loss: 0.1189
Epoch [1223/3000], Loss: 0.1186
Epoch [1224/3000], Loss: 0.1189
Epoch [1225/3000], Loss: 0.1193
Epoch [1226/3000], Loss: 0.1191
Epoch [1227/3000], Loss: 0.1186
Epoch [1228/3000], Loss: 0.1183
Epoch [1229/3000], Loss: 0.1189
Epoch [1230/3000], Loss: 0.1203
Epoch [1231/3000], Loss: 0.1226
Epoch [1232/3000], Loss: 0.1256
Epoch [1233/3000], Loss: 0.1316
Epoch [1234/3000], Loss: 0.1350
Epoch [1235/3000], Loss: 0.1398
Epoch [1236/3000], Loss: 0.1320
Epoch [1237/3000], Loss: 0.1247
Epoch [1238/3000], Loss: 0.1197
Epoch [1239/3000], Loss: 0.1212
Epoch [1240/3000], Loss: 0.1260
Epoch [1241/3000], Loss: 0.1273
Epoch [1242/3000], Loss: 0.1260
Epoch [1243/3000], Loss: 0.1205
Epoch [1244/3000], Loss: 0.1190
Epoch [1245/3000], Loss: 0.1213
Epoch [1246/3000], Loss: 0.1235
Epoch [1247/3000], Loss: 0.1235
Epoch [1248/3000], Loss: 0.1194
Epoch [1249/3000], Loss: 0.1177
Epoch [1250/3000], Loss: 0.1193
Epoch [1251/3000], Loss: 0.1214
Epoch [1252/3000], Loss: 0.1219
Epoch [1253/3000], Loss: 0.1199
Epoch [1254/3000], Loss: 0.1189
Epoch [1255/3000], Loss: 0.1202
Epoch [1256/3000], Loss: 0.1224
Epoch [1257/3000], Loss: 0.1239
Epoch [1258/3000], Loss: 0.1231
Epoch [1259/3000], Loss: 0.1216
Epoch [1260/3000], Loss: 0.1205
Epoch [1261/3000], Loss: 0.1196
Epoch [1262/3000], Loss: 0.1191
Epoch [1263/3000], Loss: 0.1182
Epoch [1264/3000], Loss: 0.1179
Epoch [1265/3000], Loss: 0.1182
Epoch [1266/3000], Loss: 0.1187
Epoch [1267/3000], Loss: 0.1187
Epoch [1268/3000], Loss: 0.1179
Epoch [1269/3000], Loss: 0.1169
Epoch [1270/3000], Loss: 0.1164
Epoch [1271/3000], Loss: 0.1164
Epoch [1272/3000], Loss: 0.1166
Epoch [1273/3000], Loss: 0.1166
Epoch [1274/3000], Loss: 0.1167
Epoch [1275/3000], Loss: 0.1169
Epoch [1276/3000], Loss: 0.1171
Epoch [1277/3000], Loss: 0.1170
Epoch [1278/3000], Loss: 0.1164
Epoch [1279/3000], Loss: 0.1160
Epoch [1280/3000], Loss: 0.1161
Epoch [1281/3000], Loss: 0.1164
Epoch [1282/3000], Loss: 0.1164
Epoch [1283/3000], Loss: 0.1162
Epoch [1284/3000], Loss: 0.1162
Epoch [1285/3000], Loss: 0.1170
Epoch [1286/3000], Loss: 0.1183
Epoch [1287/3000], Loss: 0.1202
Epoch [1288/3000], Loss: 0.1214
Epoch [1289/3000], Loss: 0.1221
Epoch [1290/3000], Loss: 0.1209
Epoch [1291/3000], Loss: 0.1195
Epoch [1292/3000], Loss: 0.1180
Epoch [1293/3000], Loss: 0.1179
Epoch [1294/3000], Loss: 0.1186
Epoch [1295/3000], Loss: 0.1194
Epoch [1296/3000], Loss: 0.1193
Epoch [1297/3000], Loss: 0.1177
Epoch [1298/3000], Loss: 0.1163
Epoch [1299/3000], Loss: 0.1160
Epoch [1300/3000], Loss: 0.1170
Epoch [1301/3000], Loss: 0.1183
Epoch [1302/3000], Loss: 0.1194
Epoch [1303/3000], Loss: 0.1197
Epoch [1304/3000], Loss: 0.1209
Epoch [1305/3000], Loss: 0.1221
Epoch [1306/3000], Loss: 0.1250
Epoch [1307/3000], Loss: 0.1245
Epoch [1308/3000], Loss: 0.1233
Epoch [1309/3000], Loss: 0.1192
Epoch [1310/3000], Loss: 0.1176
Epoch [1311/3000], Loss: 0.1172
Epoch [1312/3000], Loss: 0.1169
Epoch [1313/3000], Loss: 0.1160
Epoch [1314/3000], Loss: 0.1154
Epoch [1315/3000], Loss: 0.1164
Epoch [1316/3000], Loss: 0.1180
Epoch [1317/3000], Loss: 0.1189
Epoch [1318/3000], Loss: 0.1175
Epoch [1319/3000], Loss: 0.1158
Epoch [1320/3000], Loss: 0.1149
Epoch [1321/3000], Loss: 0.1155
Epoch [1322/3000], Loss: 0.1158
Epoch [1323/3000], Loss: 0.1153
Epoch [1324/3000], Loss: 0.1144
Epoch [1325/3000], Loss: 0.1144
Epoch [1326/3000], Loss: 0.1154
Epoch [1327/3000], Loss: 0.1165
Epoch [1328/3000], Loss: 0.1173
Epoch [1329/3000], Loss: 0.1172
Epoch [1330/3000], Loss: 0.1171
Epoch [1331/3000], Loss: 0.1171
Epoch [1332/3000], Loss: 0.1171
Epoch [1333/3000], Loss: 0.1164
Epoch [1334/3000], Loss: 0.1153
Epoch [1335/3000], Loss: 0.1149
Epoch [1336/3000], Loss: 0.1154
Epoch [1337/3000], Loss: 0.1166
Epoch [1338/3000], Loss: 0.1172
Epoch [1339/3000], Loss: 0.1170
Epoch [1340/3000], Loss: 0.1159
Epoch [1341/3000], Loss: 0.1151
Epoch [1342/3000], Loss: 0.1149
Epoch [1343/3000], Loss: 0.1156
Epoch [1344/3000], Loss: 0.1168
Epoch [1345/3000], Loss: 0.1177
Epoch [1346/3000], Loss: 0.1180
Epoch [1347/3000], Loss: 0.1171
Epoch [1348/3000], Loss: 0.1157
Epoch [1349/3000], Loss: 0.1149
Epoch [1350/3000], Loss: 0.1147
Epoch [1351/3000], Loss: 0.1149
Epoch [1352/3000], Loss: 0.1146
Epoch [1353/3000], Loss: 0.1142
Epoch [1354/3000], Loss: 0.1137
Epoch [1355/3000], Loss: 0.1137
Epoch [1356/3000], Loss: 0.1141
Epoch [1357/3000], Loss: 0.1148
Epoch [1358/3000], Loss: 0.1160
Epoch [1359/3000], Loss: 0.1179
Epoch [1360/3000], Loss: 0.1200
Epoch [1361/3000], Loss: 0.1225
Epoch [1362/3000], Loss: 0.1225
Epoch [1363/3000], Loss: 0.1227
Epoch [1364/3000], Loss: 0.1197
Epoch [1365/3000], Loss: 0.1186
Epoch [1366/3000], Loss: 0.1170
Epoch [1367/3000], Loss: 0.1162
Epoch [1368/3000], Loss: 0.1147
Epoch [1369/3000], Loss: 0.1138
Epoch [1370/3000], Loss: 0.1141
Epoch [1371/3000], Loss: 0.1150
Epoch [1372/3000], Loss: 0.1160
Epoch [1373/3000], Loss: 0.1154
Epoch [1374/3000], Loss: 0.1148
Epoch [1375/3000], Loss: 0.1143
Epoch [1376/3000], Loss: 0.1148
Epoch [1377/3000], Loss: 0.1151
Epoch [1378/3000], Loss: 0.1147
Epoch [1379/3000], Loss: 0.1134
Epoch [1380/3000], Loss: 0.1123
Epoch [1381/3000], Loss: 0.1121
Epoch [1382/3000], Loss: 0.1125
Epoch [1383/3000], Loss: 0.1131
Epoch [1384/3000], Loss: 0.1135
Epoch [1385/3000], Loss: 0.1141
Epoch [1386/3000], Loss: 0.1150
Epoch [1387/3000], Loss: 0.1160
Epoch [1388/3000], Loss: 0.1166
Epoch [1389/3000], Loss: 0.1162
Epoch [1390/3000], Loss: 0.1144
Epoch [1391/3000], Loss: 0.1127
Epoch [1392/3000], Loss: 0.1116
Epoch [1393/3000], Loss: 0.1117
Epoch [1394/3000], Loss: 0.1124
Epoch [1395/3000], Loss: 0.1131
Epoch [1396/3000], Loss: 0.1133
Epoch [1397/3000], Loss: 0.1127
Epoch [1398/3000], Loss: 0.1119
Epoch [1399/3000], Loss: 0.1115
Epoch [1400/3000], Loss: 0.1118
Epoch [1401/3000], Loss: 0.1126
Epoch [1402/3000], Loss: 0.1133
Epoch [1403/3000], Loss: 0.1138
Epoch [1404/3000], Loss: 0.1142
Epoch [1405/3000], Loss: 0.1159
Epoch [1406/3000], Loss: 0.1177
Epoch [1407/3000], Loss: 0.1208
Epoch [1408/3000], Loss: 0.1210
Epoch [1409/3000], Loss: 0.1212
Epoch [1410/3000], Loss: 0.1174
Epoch [1411/3000], Loss: 0.1150
Epoch [1412/3000], Loss: 0.1131
Epoch [1413/3000], Loss: 0.1131
Epoch [1414/3000], Loss: 0.1140
Epoch [1415/3000], Loss: 0.1144
Epoch [1416/3000], Loss: 0.1147
Epoch [1417/3000], Loss: 0.1139
Epoch [1418/3000], Loss: 0.1130
Epoch [1419/3000], Loss: 0.1119
Epoch [1420/3000], Loss: 0.1112
Epoch [1421/3000], Loss: 0.1112
Epoch [1422/3000], Loss: 0.1117
Epoch [1423/3000], Loss: 0.1124
Epoch [1424/3000], Loss: 0.1124
Epoch [1425/3000], Loss: 0.1115
Epoch [1426/3000], Loss: 0.1103
Epoch [1427/3000], Loss: 0.1096
Epoch [1428/3000], Loss: 0.1098
Epoch [1429/3000], Loss: 0.1105
Epoch [1430/3000], Loss: 0.1112
Epoch [1431/3000], Loss: 0.1111
Epoch [1432/3000], Loss: 0.1106
Epoch [1433/3000], Loss: 0.1101
Epoch [1434/3000], Loss: 0.1104
Epoch [1435/3000], Loss: 0.1116
Epoch [1436/3000], Loss: 0.1135
Epoch [1437/3000], Loss: 0.1157
Epoch [1438/3000], Loss: 0.1174
Epoch [1439/3000], Loss: 0.1183
Epoch [1440/3000], Loss: 0.1168
Epoch [1441/3000], Loss: 0.1138
Epoch [1442/3000], Loss: 0.1106
Epoch [1443/3000], Loss: 0.1099
Epoch [1444/3000], Loss: 0.1115
Epoch [1445/3000], Loss: 0.1132
Epoch [1446/3000], Loss: 0.1131
Epoch [1447/3000], Loss: 0.1117
Epoch [1448/3000], Loss: 0.1107
Epoch [1449/3000], Loss: 0.1112
Epoch [1450/3000], Loss: 0.1125
Epoch [1451/3000], Loss: 0.1139
Epoch [1452/3000], Loss: 0.1147
Epoch [1453/3000], Loss: 0.1164
Epoch [1454/3000], Loss: 0.1174
Epoch [1455/3000], Loss: 0.1186
Epoch [1456/3000], Loss: 0.1165
Epoch [1457/3000], Loss: 0.1146
Epoch [1458/3000], Loss: 0.1121
Epoch [1459/3000], Loss: 0.1108
Epoch [1460/3000], Loss: 0.1100
Epoch [1461/3000], Loss: 0.1107
Epoch [1462/3000], Loss: 0.1121
Epoch [1463/3000], Loss: 0.1126
Epoch [1464/3000], Loss: 0.1115
Epoch [1465/3000], Loss: 0.1098
Epoch [1466/3000], Loss: 0.1092
Epoch [1467/3000], Loss: 0.1096
Epoch [1468/3000], Loss: 0.1097
Epoch [1469/3000], Loss: 0.1094
Epoch [1470/3000], Loss: 0.1093
Epoch [1471/3000], Loss: 0.1097
Epoch [1472/3000], Loss: 0.1102
Epoch [1473/3000], Loss: 0.1104
Epoch [1474/3000], Loss: 0.1105
Epoch [1475/3000], Loss: 0.1113
Epoch [1476/3000], Loss: 0.1126
Epoch [1477/3000], Loss: 0.1150
Epoch [1478/3000], Loss: 0.1170
Epoch [1479/3000], Loss: 0.1200
Epoch [1480/3000], Loss: 0.1188
Epoch [1481/3000], Loss: 0.1169
Epoch [1482/3000], Loss: 0.1115
Epoch [1483/3000], Loss: 0.1089
Epoch [1484/3000], Loss: 0.1094
Epoch [1485/3000], Loss: 0.1114
Epoch [1486/3000], Loss: 0.1127
Epoch [1487/3000], Loss: 0.1115
Epoch [1488/3000], Loss: 0.1104
Epoch [1489/3000], Loss: 0.1098
Epoch [1490/3000], Loss: 0.1101
Epoch [1491/3000], Loss: 0.1104
Epoch [1492/3000], Loss: 0.1102
Epoch [1493/3000], Loss: 0.1097
Epoch [1494/3000], Loss: 0.1092
Epoch [1495/3000], Loss: 0.1093
Epoch [1496/3000], Loss: 0.1103
Epoch [1497/3000], Loss: 0.1111
Epoch [1498/3000], Loss: 0.1112
Epoch [1499/3000], Loss: 0.1100
Epoch [1500/3000], Loss: 0.1096
Epoch [1501/3000], Loss: 0.1111
Epoch [1502/3000], Loss: 0.1131
Epoch [1503/3000], Loss: 0.1148
Epoch [1504/3000], Loss: 0.1138
Epoch [1505/3000], Loss: 0.1130
Epoch [1506/3000], Loss: 0.1116
Epoch [1507/3000], Loss: 0.1107
Epoch [1508/3000], Loss: 0.1095
Epoch [1509/3000], Loss: 0.1087
Epoch [1510/3000], Loss: 0.1085
Epoch [1511/3000], Loss: 0.1085
Epoch [1512/3000], Loss: 0.1083
Epoch [1513/3000], Loss: 0.1079
Epoch [1514/3000], Loss: 0.1077
Epoch [1515/3000], Loss: 0.1074
Epoch [1516/3000], Loss: 0.1071
Epoch [1517/3000], Loss: 0.1071
Epoch [1518/3000], Loss: 0.1078
Epoch [1519/3000], Loss: 0.1086
Epoch [1520/3000], Loss: 0.1093
Epoch [1521/3000], Loss: 0.1092
Epoch [1522/3000], Loss: 0.1091
Epoch [1523/3000], Loss: 0.1088
Epoch [1524/3000], Loss: 0.1092
Epoch [1525/3000], Loss: 0.1092
Epoch [1526/3000], Loss: 0.1093
Epoch [1527/3000], Loss: 0.1088
Epoch [1528/3000], Loss: 0.1086
Epoch [1529/3000], Loss: 0.1082
Epoch [1530/3000], Loss: 0.1079
Epoch [1531/3000], Loss: 0.1076
Epoch [1532/3000], Loss: 0.1076
Epoch [1533/3000], Loss: 0.1077
Epoch [1534/3000], Loss: 0.1079
Epoch [1535/3000], Loss: 0.1080
Epoch [1536/3000], Loss: 0.1084
Epoch [1537/3000], Loss: 0.1087
Epoch [1538/3000], Loss: 0.1090
Epoch [1539/3000], Loss: 0.1087
Epoch [1540/3000], Loss: 0.1081
Epoch [1541/3000], Loss: 0.1074
Epoch [1542/3000], Loss: 0.1073
Epoch [1543/3000], Loss: 0.1077
Epoch [1544/3000], Loss: 0.1081
Epoch [1545/3000], Loss: 0.1084
Epoch [1546/3000], Loss: 0.1083
Epoch [1547/3000], Loss: 0.1080
Epoch [1548/3000], Loss: 0.1078
Epoch [1549/3000], Loss: 0.1076
Epoch [1550/3000], Loss: 0.1077
Epoch [1551/3000], Loss: 0.1080
Epoch [1552/3000], Loss: 0.1084
Epoch [1553/3000], Loss: 0.1086
Epoch [1554/3000], Loss: 0.1083
Epoch [1555/3000], Loss: 0.1082
Epoch [1556/3000], Loss: 0.1085
Epoch [1557/3000], Loss: 0.1095
Epoch [1558/3000], Loss: 0.1115
Epoch [1559/3000], Loss: 0.1137
Epoch [1560/3000], Loss: 0.1181
Epoch [1561/3000], Loss: 0.1203
Epoch [1562/3000], Loss: 0.1250
Epoch [1563/3000], Loss: 0.1211
Epoch [1564/3000], Loss: 0.1187
Epoch [1565/3000], Loss: 0.1123
Epoch [1566/3000], Loss: 0.1095
Epoch [1567/3000], Loss: 0.1093
Epoch [1568/3000], Loss: 0.1103
Epoch [1569/3000], Loss: 0.1121
Epoch [1570/3000], Loss: 0.1119
Epoch [1571/3000], Loss: 0.1114
Epoch [1572/3000], Loss: 0.1092
Epoch [1573/3000], Loss: 0.1077
Epoch [1574/3000], Loss: 0.1068
Epoch [1575/3000], Loss: 0.1070
Epoch [1576/3000], Loss: 0.1076
Epoch [1577/3000], Loss: 0.1075
Epoch [1578/3000], Loss: 0.1074
Epoch [1579/3000], Loss: 0.1069
Epoch [1580/3000], Loss: 0.1068
Epoch [1581/3000], Loss: 0.1062
Epoch [1582/3000], Loss: 0.1053
Epoch [1583/3000], Loss: 0.1047
Epoch [1584/3000], Loss: 0.1049
Epoch [1585/3000], Loss: 0.1057
Epoch [1586/3000], Loss: 0.1061
Epoch [1587/3000], Loss: 0.1058
Epoch [1588/3000], Loss: 0.1050
Epoch [1589/3000], Loss: 0.1046
Epoch [1590/3000], Loss: 0.1046
Epoch [1591/3000], Loss: 0.1048
Epoch [1592/3000], Loss: 0.1049
Epoch [1593/3000], Loss: 0.1048
Epoch [1594/3000], Loss: 0.1049
Epoch [1595/3000], Loss: 0.1053
Epoch [1596/3000], Loss: 0.1059
Epoch [1597/3000], Loss: 0.1066
Epoch [1598/3000], Loss: 0.1069
Epoch [1599/3000], Loss: 0.1071
Epoch [1600/3000], Loss: 0.1070
Epoch [1601/3000], Loss: 0.1068
Epoch [1602/3000], Loss: 0.1063
Epoch [1603/3000], Loss: 0.1057
Epoch [1604/3000], Loss: 0.1052
Epoch [1605/3000], Loss: 0.1052
Epoch [1606/3000], Loss: 0.1055
Epoch [1607/3000], Loss: 0.1059
Epoch [1608/3000], Loss: 0.1061
Epoch [1609/3000], Loss: 0.1064
Epoch [1610/3000], Loss: 0.1064
Epoch [1611/3000], Loss: 0.1072
Epoch [1612/3000], Loss: 0.1082
Epoch [1613/3000], Loss: 0.1103
Epoch [1614/3000], Loss: 0.1110
Epoch [1615/3000], Loss: 0.1117
Epoch [1616/3000], Loss: 0.1093
Epoch [1617/3000], Loss: 0.1077
Epoch [1618/3000], Loss: 0.1065
Epoch [1619/3000], Loss: 0.1072
Epoch [1620/3000], Loss: 0.1081
Epoch [1621/3000], Loss: 0.1079
Epoch [1622/3000], Loss: 0.1066
Epoch [1623/3000], Loss: 0.1051
Epoch [1624/3000], Loss: 0.1050
Epoch [1625/3000], Loss: 0.1059
Epoch [1626/3000], Loss: 0.1069
Epoch [1627/3000], Loss: 0.1073
Epoch [1628/3000], Loss: 0.1069
Epoch [1629/3000], Loss: 0.1066
Epoch [1630/3000], Loss: 0.1065
Epoch [1631/3000], Loss: 0.1065
Epoch [1632/3000], Loss: 0.1065
Epoch [1633/3000], Loss: 0.1060
Epoch [1634/3000], Loss: 0.1056
Epoch [1635/3000], Loss: 0.1048
Epoch [1636/3000], Loss: 0.1044
Epoch [1637/3000], Loss: 0.1043
Epoch [1638/3000], Loss: 0.1048
Epoch [1639/3000], Loss: 0.1052
Epoch [1640/3000], Loss: 0.1052
Epoch [1641/3000], Loss: 0.1048
Epoch [1642/3000], Loss: 0.1049
Epoch [1643/3000], Loss: 0.1053
Epoch [1644/3000], Loss: 0.1063
Epoch [1645/3000], Loss: 0.1066
Epoch [1646/3000], Loss: 0.1071
Epoch [1647/3000], Loss: 0.1068
Epoch [1648/3000], Loss: 0.1076
Epoch [1649/3000], Loss: 0.1082
Epoch [1650/3000], Loss: 0.1096
Epoch [1651/3000], Loss: 0.1092
Epoch [1652/3000], Loss: 0.1084
Epoch [1653/3000], Loss: 0.1062
Epoch [1654/3000], Loss: 0.1049
Epoch [1655/3000], Loss: 0.1042
Epoch [1656/3000], Loss: 0.1042
Epoch [1657/3000], Loss: 0.1042
Epoch [1658/3000], Loss: 0.1041
Epoch [1659/3000], Loss: 0.1040
Epoch [1660/3000], Loss: 0.1040
Epoch [1661/3000], Loss: 0.1044
Epoch [1662/3000], Loss: 0.1046
Epoch [1663/3000], Loss: 0.1048
Epoch [1664/3000], Loss: 0.1045
Epoch [1665/3000], Loss: 0.1044
Epoch [1666/3000], Loss: 0.1042
Epoch [1667/3000], Loss: 0.1044
Epoch [1668/3000], Loss: 0.1050
Epoch [1669/3000], Loss: 0.1060
Epoch [1670/3000], Loss: 0.1070
Epoch [1671/3000], Loss: 0.1074
Epoch [1672/3000], Loss: 0.1063
Epoch [1673/3000], Loss: 0.1045
Epoch [1674/3000], Loss: 0.1030
Epoch [1675/3000], Loss: 0.1031
Epoch [1676/3000], Loss: 0.1040
Epoch [1677/3000], Loss: 0.1048
Epoch [1678/3000], Loss: 0.1043
Epoch [1679/3000], Loss: 0.1030
Epoch [1680/3000], Loss: 0.1020
Epoch [1681/3000], Loss: 0.1019
Epoch [1682/3000], Loss: 0.1024
Epoch [1683/3000], Loss: 0.1029
Epoch [1684/3000], Loss: 0.1028
Epoch [1685/3000], Loss: 0.1028
Epoch [1686/3000], Loss: 0.1032
Epoch [1687/3000], Loss: 0.1044
Epoch [1688/3000], Loss: 0.1058
Epoch [1689/3000], Loss: 0.1075
Epoch [1690/3000], Loss: 0.1084
Epoch [1691/3000], Loss: 0.1100
Epoch [1692/3000], Loss: 0.1097
Epoch [1693/3000], Loss: 0.1099
Epoch [1694/3000], Loss: 0.1077
Epoch [1695/3000], Loss: 0.1070
Epoch [1696/3000], Loss: 0.1065
Epoch [1697/3000], Loss: 0.1068
Epoch [1698/3000], Loss: 0.1064
Epoch [1699/3000], Loss: 0.1056
Epoch [1700/3000], Loss: 0.1044
Epoch [1701/3000], Loss: 0.1037
Epoch [1702/3000], Loss: 0.1032
Epoch [1703/3000], Loss: 0.1030
Epoch [1704/3000], Loss: 0.1029
Epoch [1705/3000], Loss: 0.1026
Epoch [1706/3000], Loss: 0.1024
Epoch [1707/3000], Loss: 0.1020
Epoch [1708/3000], Loss: 0.1018
Epoch [1709/3000], Loss: 0.1019
Epoch [1710/3000], Loss: 0.1022
Epoch [1711/3000], Loss: 0.1024
Epoch [1712/3000], Loss: 0.1027
Epoch [1713/3000], Loss: 0.1030
Epoch [1714/3000], Loss: 0.1037
Epoch [1715/3000], Loss: 0.1048
Epoch [1716/3000], Loss: 0.1060
Epoch [1717/3000], Loss: 0.1066
Epoch [1718/3000], Loss: 0.1068
Epoch [1719/3000], Loss: 0.1055
Epoch [1720/3000], Loss: 0.1044
Epoch [1721/3000], Loss: 0.1029
Epoch [1722/3000], Loss: 0.1023
Epoch [1723/3000], Loss: 0.1022
Epoch [1724/3000], Loss: 0.1029
Epoch [1725/3000], Loss: 0.1038
Epoch [1726/3000], Loss: 0.1047
Epoch [1727/3000], Loss: 0.1053
Epoch [1728/3000], Loss: 0.1053
Epoch [1729/3000], Loss: 0.1049
Epoch [1730/3000], Loss: 0.1056
Epoch [1731/3000], Loss: 0.1066
Epoch [1732/3000], Loss: 0.1089
Epoch [1733/3000], Loss: 0.1085
Epoch [1734/3000], Loss: 0.1077
Epoch [1735/3000], Loss: 0.1049
Epoch [1736/3000], Loss: 0.1038
Epoch [1737/3000], Loss: 0.1033
Epoch [1738/3000], Loss: 0.1034
Epoch [1739/3000], Loss: 0.1031
Epoch [1740/3000], Loss: 0.1026
Epoch [1741/3000], Loss: 0.1021
Epoch [1742/3000], Loss: 0.1019
Epoch [1743/3000], Loss: 0.1017
Epoch [1744/3000], Loss: 0.1013
Epoch [1745/3000], Loss: 0.1015
Epoch [1746/3000], Loss: 0.1021
Epoch [1747/3000], Loss: 0.1029
Epoch [1748/3000], Loss: 0.1026
Epoch [1749/3000], Loss: 0.1017
Epoch [1750/3000], Loss: 0.1009
Epoch [1751/3000], Loss: 0.1012
Epoch [1752/3000], Loss: 0.1019
Epoch [1753/3000], Loss: 0.1025
Epoch [1754/3000], Loss: 0.1019
Epoch [1755/3000], Loss: 0.1013
Epoch [1756/3000], Loss: 0.1009
Epoch [1757/3000], Loss: 0.1011
Epoch [1758/3000], Loss: 0.1013
Epoch [1759/3000], Loss: 0.1015
Epoch [1760/3000], Loss: 0.1016
Epoch [1761/3000], Loss: 0.1027
Epoch [1762/3000], Loss: 0.1040
Epoch [1763/3000], Loss: 0.1055
Epoch [1764/3000], Loss: 0.1050
Epoch [1765/3000], Loss: 0.1031
Epoch [1766/3000], Loss: 0.1006
Epoch [1767/3000], Loss: 0.0994
Epoch [1768/3000], Loss: 0.1000
Epoch [1769/3000], Loss: 0.1012
Epoch [1770/3000], Loss: 0.1024
Epoch [1771/3000], Loss: 0.1023
Epoch [1772/3000], Loss: 0.1019
Epoch [1773/3000], Loss: 0.1015
Epoch [1774/3000], Loss: 0.1023
Epoch [1775/3000], Loss: 0.1041
Epoch [1776/3000], Loss: 0.1077
Epoch [1777/3000], Loss: 0.1093
Epoch [1778/3000], Loss: 0.1107
Epoch [1779/3000], Loss: 0.1071
Epoch [1780/3000], Loss: 0.1052
Epoch [1781/3000], Loss: 0.1037
Epoch [1782/3000], Loss: 0.1031
Epoch [1783/3000], Loss: 0.1014
Epoch [1784/3000], Loss: 0.0997
Epoch [1785/3000], Loss: 0.0997
Epoch [1786/3000], Loss: 0.1016
Epoch [1787/3000], Loss: 0.1037
Epoch [1788/3000], Loss: 0.1034
Epoch [1789/3000], Loss: 0.1022
Epoch [1790/3000], Loss: 0.1006
Epoch [1791/3000], Loss: 0.1004
Epoch [1792/3000], Loss: 0.1004
Epoch [1793/3000], Loss: 0.1005
Epoch [1794/3000], Loss: 0.1005
Epoch [1795/3000], Loss: 0.1008
Epoch [1796/3000], Loss: 0.1015
Epoch [1797/3000], Loss: 0.1022
Epoch [1798/3000], Loss: 0.1027
Epoch [1799/3000], Loss: 0.1025
Epoch [1800/3000], Loss: 0.1013
Epoch [1801/3000], Loss: 0.0999
Epoch [1802/3000], Loss: 0.0989
Epoch [1803/3000], Loss: 0.0991
Epoch [1804/3000], Loss: 0.1000
Epoch [1805/3000], Loss: 0.1008
Epoch [1806/3000], Loss: 0.1007
Epoch [1807/3000], Loss: 0.1001
Epoch [1808/3000], Loss: 0.0993
Epoch [1809/3000], Loss: 0.0992
Epoch [1810/3000], Loss: 0.0993
Epoch [1811/3000], Loss: 0.0994
Epoch [1812/3000], Loss: 0.0991
Epoch [1813/3000], Loss: 0.0992
Epoch [1814/3000], Loss: 0.0995
Epoch [1815/3000], Loss: 0.1003
Epoch [1816/3000], Loss: 0.1009
Epoch [1817/3000], Loss: 0.1012
Epoch [1818/3000], Loss: 0.1007
Epoch [1819/3000], Loss: 0.1000
Epoch [1820/3000], Loss: 0.0993
Epoch [1821/3000], Loss: 0.0992
Epoch [1822/3000], Loss: 0.0993
Epoch [1823/3000], Loss: 0.0997
Epoch [1824/3000], Loss: 0.0999
Epoch [1825/3000], Loss: 0.0997
Epoch [1826/3000], Loss: 0.0994
Epoch [1827/3000], Loss: 0.0992
Epoch [1828/3000], Loss: 0.0993
Epoch [1829/3000], Loss: 0.0998
Epoch [1830/3000], Loss: 0.1007
Epoch [1831/3000], Loss: 0.1013
Epoch [1832/3000], Loss: 0.1022
Epoch [1833/3000], Loss: 0.1025
Epoch [1834/3000], Loss: 0.1042
Epoch [1835/3000], Loss: 0.1059
Epoch [1836/3000], Loss: 0.1098
Epoch [1837/3000], Loss: 0.1103
Epoch [1838/3000], Loss: 0.1112
Epoch [1839/3000], Loss: 0.1063
Epoch [1840/3000], Loss: 0.1034
Epoch [1841/3000], Loss: 0.1012
Epoch [1842/3000], Loss: 0.1014
Epoch [1843/3000], Loss: 0.1021
Epoch [1844/3000], Loss: 0.1019
Epoch [1845/3000], Loss: 0.1016
Epoch [1846/3000], Loss: 0.1009
Epoch [1847/3000], Loss: 0.1012
Epoch [1848/3000], Loss: 0.1011
Epoch [1849/3000], Loss: 0.1004
Epoch [1850/3000], Loss: 0.0986
Epoch [1851/3000], Loss: 0.0978
Epoch [1852/3000], Loss: 0.0984
Epoch [1853/3000], Loss: 0.0994
Epoch [1854/3000], Loss: 0.0996
Epoch [1855/3000], Loss: 0.0982
Epoch [1856/3000], Loss: 0.0974
Epoch [1857/3000], Loss: 0.0976
Epoch [1858/3000], Loss: 0.0980
Epoch [1859/3000], Loss: 0.0979
Epoch [1860/3000], Loss: 0.0972
Epoch [1861/3000], Loss: 0.0969
Epoch [1862/3000], Loss: 0.0974
Epoch [1863/3000], Loss: 0.0980
Epoch [1864/3000], Loss: 0.0983
Epoch [1865/3000], Loss: 0.0982
Epoch [1866/3000], Loss: 0.0982
Epoch [1867/3000], Loss: 0.0987
Epoch [1868/3000], Loss: 0.0992
Epoch [1869/3000], Loss: 0.0993
Epoch [1870/3000], Loss: 0.0988
Epoch [1871/3000], Loss: 0.0983
Epoch [1872/3000], Loss: 0.0982
Epoch [1873/3000], Loss: 0.0983
Epoch [1874/3000], Loss: 0.0987
Epoch [1875/3000], Loss: 0.0989
Epoch [1876/3000], Loss: 0.0997
Epoch [1877/3000], Loss: 0.1004
Epoch [1878/3000], Loss: 0.1020
Epoch [1879/3000], Loss: 0.1028
Epoch [1880/3000], Loss: 0.1047
Epoch [1881/3000], Loss: 0.1044
Epoch [1882/3000], Loss: 0.1049
Epoch [1883/3000], Loss: 0.1031
Epoch [1884/3000], Loss: 0.1028
Epoch [1885/3000], Loss: 0.1028
Epoch [1886/3000], Loss: 0.1043
Epoch [1887/3000], Loss: 0.1035
Epoch [1888/3000], Loss: 0.1007
Epoch [1889/3000], Loss: 0.0973
Epoch [1890/3000], Loss: 0.0971
Epoch [1891/3000], Loss: 0.0995
Epoch [1892/3000], Loss: 0.1009
Epoch [1893/3000], Loss: 0.0998
Epoch [1894/3000], Loss: 0.0973
Epoch [1895/3000], Loss: 0.0968
Epoch [1896/3000], Loss: 0.0978
Epoch [1897/3000], Loss: 0.0985
Epoch [1898/3000], Loss: 0.0976
Epoch [1899/3000], Loss: 0.0967
Epoch [1900/3000], Loss: 0.0967
Epoch [1901/3000], Loss: 0.0972
Epoch [1902/3000], Loss: 0.0973
Epoch [1903/3000], Loss: 0.0971
Epoch [1904/3000], Loss: 0.0970
Epoch [1905/3000], Loss: 0.0973
Epoch [1906/3000], Loss: 0.0976
Epoch [1907/3000], Loss: 0.0980
Epoch [1908/3000], Loss: 0.0985
Epoch [1909/3000], Loss: 0.0996
Epoch [1910/3000], Loss: 0.1001
Epoch [1911/3000], Loss: 0.1007
Epoch [1912/3000], Loss: 0.1003
Epoch [1913/3000], Loss: 0.1003
Epoch [1914/3000], Loss: 0.0996
Epoch [1915/3000], Loss: 0.0993
Epoch [1916/3000], Loss: 0.0984
Epoch [1917/3000], Loss: 0.0980
Epoch [1918/3000], Loss: 0.0977
Epoch [1919/3000], Loss: 0.0979
Epoch [1920/3000], Loss: 0.0982
Epoch [1921/3000], Loss: 0.0983
Epoch [1922/3000], Loss: 0.0983
Epoch [1923/3000], Loss: 0.0983
Epoch [1924/3000], Loss: 0.0984
Epoch [1925/3000], Loss: 0.0980
Epoch [1926/3000], Loss: 0.0971
Epoch [1927/3000], Loss: 0.0964
Epoch [1928/3000], Loss: 0.0966
Epoch [1929/3000], Loss: 0.0974
Epoch [1930/3000], Loss: 0.0982
Epoch [1931/3000], Loss: 0.0981
Epoch [1932/3000], Loss: 0.0979
Epoch [1933/3000], Loss: 0.0978
Epoch [1934/3000], Loss: 0.0978
Epoch [1935/3000], Loss: 0.0978
Epoch [1936/3000], Loss: 0.0981
Epoch [1937/3000], Loss: 0.0983
Epoch [1938/3000], Loss: 0.0991
Epoch [1939/3000], Loss: 0.0993
Epoch [1940/3000], Loss: 0.1001
Epoch [1941/3000], Loss: 0.1002
Epoch [1942/3000], Loss: 0.1016
Epoch [1943/3000], Loss: 0.1018
Epoch [1944/3000], Loss: 0.1030
Epoch [1945/3000], Loss: 0.1022
Epoch [1946/3000], Loss: 0.1020
Epoch [1947/3000], Loss: 0.0999
Epoch [1948/3000], Loss: 0.0984
Epoch [1949/3000], Loss: 0.0974
Epoch [1950/3000], Loss: 0.0975
Epoch [1951/3000], Loss: 0.0983
Epoch [1952/3000], Loss: 0.0984
Epoch [1953/3000], Loss: 0.0978
Epoch [1954/3000], Loss: 0.0966
Epoch [1955/3000], Loss: 0.0960
Epoch [1956/3000], Loss: 0.0959
Epoch [1957/3000], Loss: 0.0962
Epoch [1958/3000], Loss: 0.0963
Epoch [1959/3000], Loss: 0.0964
Epoch [1960/3000], Loss: 0.0962
Epoch [1961/3000], Loss: 0.0959
Epoch [1962/3000], Loss: 0.0956
Epoch [1963/3000], Loss: 0.0958
Epoch [1964/3000], Loss: 0.0962
Epoch [1965/3000], Loss: 0.0964
Epoch [1966/3000], Loss: 0.0961
Epoch [1967/3000], Loss: 0.0958
Epoch [1968/3000], Loss: 0.0957
Epoch [1969/3000], Loss: 0.0961
Epoch [1970/3000], Loss: 0.0963
Epoch [1971/3000], Loss: 0.0967
Epoch [1972/3000], Loss: 0.0968
Epoch [1973/3000], Loss: 0.0976
Epoch [1974/3000], Loss: 0.0984
Epoch [1975/3000], Loss: 0.1000
Epoch [1976/3000], Loss: 0.1002
Epoch [1977/3000], Loss: 0.1005
Epoch [1978/3000], Loss: 0.0989
Epoch [1979/3000], Loss: 0.0981
Epoch [1980/3000], Loss: 0.0969
Epoch [1981/3000], Loss: 0.0965
Epoch [1982/3000], Loss: 0.0959
Epoch [1983/3000], Loss: 0.0957
Epoch [1984/3000], Loss: 0.0958
Epoch [1985/3000], Loss: 0.0962
Epoch [1986/3000], Loss: 0.0969
Epoch [1987/3000], Loss: 0.0969
Epoch [1988/3000], Loss: 0.0971
Epoch [1989/3000], Loss: 0.0969
Epoch [1990/3000], Loss: 0.0976
Epoch [1991/3000], Loss: 0.0989
Epoch [1992/3000], Loss: 0.1015
Epoch [1993/3000], Loss: 0.1030
Epoch [1994/3000], Loss: 0.1029
Epoch [1995/3000], Loss: 0.0991
Epoch [1996/3000], Loss: 0.0959
Epoch [1997/3000], Loss: 0.0954
Epoch [1998/3000], Loss: 0.0969
Epoch [1999/3000], Loss: 0.0974
Epoch [2000/3000], Loss: 0.0961
Epoch [2001/3000], Loss: 0.0950
Epoch [2002/3000], Loss: 0.0951
Epoch [2003/3000], Loss: 0.0960
Epoch [2004/3000], Loss: 0.0961
Epoch [2005/3000], Loss: 0.0952
Epoch [2006/3000], Loss: 0.0942
Epoch [2007/3000], Loss: 0.0944
Epoch [2008/3000], Loss: 0.0952
Epoch [2009/3000], Loss: 0.0955
Epoch [2010/3000], Loss: 0.0953
Epoch [2011/3000], Loss: 0.0954
Epoch [2012/3000], Loss: 0.0963
Epoch [2013/3000], Loss: 0.0977
Epoch [2014/3000], Loss: 0.0982
Epoch [2015/3000], Loss: 0.0990
Epoch [2016/3000], Loss: 0.0991
Epoch [2017/3000], Loss: 0.1004
Epoch [2018/3000], Loss: 0.0996
Epoch [2019/3000], Loss: 0.0986
Epoch [2020/3000], Loss: 0.0964
Epoch [2021/3000], Loss: 0.0960
Epoch [2022/3000], Loss: 0.0961
Epoch [2023/3000], Loss: 0.0964
Epoch [2024/3000], Loss: 0.0959
Epoch [2025/3000], Loss: 0.0953
Epoch [2026/3000], Loss: 0.0950
Epoch [2027/3000], Loss: 0.0947
Epoch [2028/3000], Loss: 0.0944
Epoch [2029/3000], Loss: 0.0942
Epoch [2030/3000], Loss: 0.0943
Epoch [2031/3000], Loss: 0.0942
Epoch [2032/3000], Loss: 0.0940
Epoch [2033/3000], Loss: 0.0937
Epoch [2034/3000], Loss: 0.0935
Epoch [2035/3000], Loss: 0.0935
Epoch [2036/3000], Loss: 0.0934
Epoch [2037/3000], Loss: 0.0933
Epoch [2038/3000], Loss: 0.0932
Epoch [2039/3000], Loss: 0.0931
Epoch [2040/3000], Loss: 0.0931
Epoch [2041/3000], Loss: 0.0930
Epoch [2042/3000], Loss: 0.0930
Epoch [2043/3000], Loss: 0.0931
Epoch [2044/3000], Loss: 0.0934
Epoch [2045/3000], Loss: 0.0939
Epoch [2046/3000], Loss: 0.0944
Epoch [2047/3000], Loss: 0.0953
Epoch [2048/3000], Loss: 0.0962
Epoch [2049/3000], Loss: 0.0979
Epoch [2050/3000], Loss: 0.0990
Epoch [2051/3000], Loss: 0.1001
Epoch [2052/3000], Loss: 0.0994
Epoch [2053/3000], Loss: 0.0993
Epoch [2054/3000], Loss: 0.0989
Epoch [2055/3000], Loss: 0.1007
Epoch [2056/3000], Loss: 0.1016
Epoch [2057/3000], Loss: 0.1023
Epoch [2058/3000], Loss: 0.0990
Epoch [2059/3000], Loss: 0.0956
Epoch [2060/3000], Loss: 0.0938
Epoch [2061/3000], Loss: 0.0946
Epoch [2062/3000], Loss: 0.0957
Epoch [2063/3000], Loss: 0.0955
Epoch [2064/3000], Loss: 0.0944
Epoch [2065/3000], Loss: 0.0937
Epoch [2066/3000], Loss: 0.0944
Epoch [2067/3000], Loss: 0.0952
Epoch [2068/3000], Loss: 0.0959
Epoch [2069/3000], Loss: 0.0951
Epoch [2070/3000], Loss: 0.0943
Epoch [2071/3000], Loss: 0.0939
Epoch [2072/3000], Loss: 0.0944
Epoch [2073/3000], Loss: 0.0946
Epoch [2074/3000], Loss: 0.0942
Epoch [2075/3000], Loss: 0.0933
Epoch [2076/3000], Loss: 0.0928
Epoch [2077/3000], Loss: 0.0933
Epoch [2078/3000], Loss: 0.0943
Epoch [2079/3000], Loss: 0.0951
Epoch [2080/3000], Loss: 0.0956
Epoch [2081/3000], Loss: 0.0958
Epoch [2082/3000], Loss: 0.0959
Epoch [2083/3000], Loss: 0.0962
Epoch [2084/3000], Loss: 0.0962
Epoch [2085/3000], Loss: 0.0968
Epoch [2086/3000], Loss: 0.0972
Epoch [2087/3000], Loss: 0.0988
Epoch [2088/3000], Loss: 0.0993
Epoch [2089/3000], Loss: 0.0997
Epoch [2090/3000], Loss: 0.0968
Epoch [2091/3000], Loss: 0.0937
Epoch [2092/3000], Loss: 0.0921
Epoch [2093/3000], Loss: 0.0931
Epoch [2094/3000], Loss: 0.0949
Epoch [2095/3000], Loss: 0.0957
Epoch [2096/3000], Loss: 0.0948
Epoch [2097/3000], Loss: 0.0931
Epoch [2098/3000], Loss: 0.0923
Epoch [2099/3000], Loss: 0.0926
Epoch [2100/3000], Loss: 0.0930
Epoch [2101/3000], Loss: 0.0932
Epoch [2102/3000], Loss: 0.0930
Epoch [2103/3000], Loss: 0.0933
Epoch [2104/3000], Loss: 0.0937
Epoch [2105/3000], Loss: 0.0946
Epoch [2106/3000], Loss: 0.0952
Epoch [2107/3000], Loss: 0.0971
Epoch [2108/3000], Loss: 0.0985
Epoch [2109/3000], Loss: 0.1012
Epoch [2110/3000], Loss: 0.1009
Epoch [2111/3000], Loss: 0.1009
Epoch [2112/3000], Loss: 0.0978
Epoch [2113/3000], Loss: 0.0966
Epoch [2114/3000], Loss: 0.0951
Epoch [2115/3000], Loss: 0.0948
Epoch [2116/3000], Loss: 0.0947
Epoch [2117/3000], Loss: 0.0949
Epoch [2118/3000], Loss: 0.0957
Epoch [2119/3000], Loss: 0.0956
Epoch [2120/3000], Loss: 0.0949
Epoch [2121/3000], Loss: 0.0933
Epoch [2122/3000], Loss: 0.0923
Epoch [2123/3000], Loss: 0.0922
Epoch [2124/3000], Loss: 0.0930
Epoch [2125/3000], Loss: 0.0937
Epoch [2126/3000], Loss: 0.0936
Epoch [2127/3000], Loss: 0.0928
Epoch [2128/3000], Loss: 0.0921
Epoch [2129/3000], Loss: 0.0918
Epoch [2130/3000], Loss: 0.0918
Epoch [2131/3000], Loss: 0.0917
Epoch [2132/3000], Loss: 0.0914
Epoch [2133/3000], Loss: 0.0912
Epoch [2134/3000], Loss: 0.0912
Epoch [2135/3000], Loss: 0.0912
Epoch [2136/3000], Loss: 0.0911
Epoch [2137/3000], Loss: 0.0908
Epoch [2138/3000], Loss: 0.0908
Epoch [2139/3000], Loss: 0.0909
Epoch [2140/3000], Loss: 0.0912
Epoch [2141/3000], Loss: 0.0913
Epoch [2142/3000], Loss: 0.0913
Epoch [2143/3000], Loss: 0.0914
Epoch [2144/3000], Loss: 0.0920
Epoch [2145/3000], Loss: 0.0930
Epoch [2146/3000], Loss: 0.0944
Epoch [2147/3000], Loss: 0.0953
Epoch [2148/3000], Loss: 0.0959
Epoch [2149/3000], Loss: 0.0953
Epoch [2150/3000], Loss: 0.0953
Epoch [2151/3000], Loss: 0.0955
Epoch [2152/3000], Loss: 0.0976
Epoch [2153/3000], Loss: 0.0992
Epoch [2154/3000], Loss: 0.1006
Epoch [2155/3000], Loss: 0.0979
Epoch [2156/3000], Loss: 0.0951
Epoch [2157/3000], Loss: 0.0932
Epoch [2158/3000], Loss: 0.0940
Epoch [2159/3000], Loss: 0.0950
Epoch [2160/3000], Loss: 0.0947
Epoch [2161/3000], Loss: 0.0930
Epoch [2162/3000], Loss: 0.0922
Epoch [2163/3000], Loss: 0.0924
Epoch [2164/3000], Loss: 0.0927
Epoch [2165/3000], Loss: 0.0921
Epoch [2166/3000], Loss: 0.0914
Epoch [2167/3000], Loss: 0.0914
Epoch [2168/3000], Loss: 0.0918
Epoch [2169/3000], Loss: 0.0918
Epoch [2170/3000], Loss: 0.0910
Epoch [2171/3000], Loss: 0.0904
Epoch [2172/3000], Loss: 0.0906
Epoch [2173/3000], Loss: 0.0911
Epoch [2174/3000], Loss: 0.0917
Epoch [2175/3000], Loss: 0.0918
Epoch [2176/3000], Loss: 0.0922
Epoch [2177/3000], Loss: 0.0931
Epoch [2178/3000], Loss: 0.0950
Epoch [2179/3000], Loss: 0.0966
Epoch [2180/3000], Loss: 0.0993
Epoch [2181/3000], Loss: 0.0995
Epoch [2182/3000], Loss: 0.1009
Epoch [2183/3000], Loss: 0.0980
Epoch [2184/3000], Loss: 0.0961
Epoch [2185/3000], Loss: 0.0929
Epoch [2186/3000], Loss: 0.0919
Epoch [2187/3000], Loss: 0.0923
Epoch [2188/3000], Loss: 0.0933
Epoch [2189/3000], Loss: 0.0945
Epoch [2190/3000], Loss: 0.0945
Epoch [2191/3000], Loss: 0.0938
Epoch [2192/3000], Loss: 0.0923
Epoch [2193/3000], Loss: 0.0911
Epoch [2194/3000], Loss: 0.0906
Epoch [2195/3000], Loss: 0.0908
Epoch [2196/3000], Loss: 0.0912
Epoch [2197/3000], Loss: 0.0913
Epoch [2198/3000], Loss: 0.0914
Epoch [2199/3000], Loss: 0.0914
Epoch [2200/3000], Loss: 0.0912
Epoch [2201/3000], Loss: 0.0906
Epoch [2202/3000], Loss: 0.0901
Epoch [2203/3000], Loss: 0.0902
Epoch [2204/3000], Loss: 0.0908
Epoch [2205/3000], Loss: 0.0916
Epoch [2206/3000], Loss: 0.0919
Epoch [2207/3000], Loss: 0.0926
Epoch [2208/3000], Loss: 0.0932
Epoch [2209/3000], Loss: 0.0945
Epoch [2210/3000], Loss: 0.0948
Epoch [2211/3000], Loss: 0.0948
Epoch [2212/3000], Loss: 0.0934
Epoch [2213/3000], Loss: 0.0924
Epoch [2214/3000], Loss: 0.0919
Epoch [2215/3000], Loss: 0.0920
Epoch [2216/3000], Loss: 0.0920
Epoch [2217/3000], Loss: 0.0923
Epoch [2218/3000], Loss: 0.0926
Epoch [2219/3000], Loss: 0.0930
Epoch [2220/3000], Loss: 0.0929
Epoch [2221/3000], Loss: 0.0925
Epoch [2222/3000], Loss: 0.0918
Epoch [2223/3000], Loss: 0.0918
Epoch [2224/3000], Loss: 0.0920
Epoch [2225/3000], Loss: 0.0926
Epoch [2226/3000], Loss: 0.0927
Epoch [2227/3000], Loss: 0.0928
Epoch [2228/3000], Loss: 0.0923
Epoch [2229/3000], Loss: 0.0922
Epoch [2230/3000], Loss: 0.0920
Epoch [2231/3000], Loss: 0.0922
Epoch [2232/3000], Loss: 0.0920
Epoch [2233/3000], Loss: 0.0917
Epoch [2234/3000], Loss: 0.0908
Epoch [2235/3000], Loss: 0.0902
Epoch [2236/3000], Loss: 0.0900
Epoch [2237/3000], Loss: 0.0900
Epoch [2238/3000], Loss: 0.0901
Epoch [2239/3000], Loss: 0.0903
Epoch [2240/3000], Loss: 0.0903
Epoch [2241/3000], Loss: 0.0903
Epoch [2242/3000], Loss: 0.0901
Epoch [2243/3000], Loss: 0.0898
Epoch [2244/3000], Loss: 0.0897
Epoch [2245/3000], Loss: 0.0900
Epoch [2246/3000], Loss: 0.0906
Epoch [2247/3000], Loss: 0.0915
Epoch [2248/3000], Loss: 0.0920
Epoch [2249/3000], Loss: 0.0929
Epoch [2250/3000], Loss: 0.0932
Epoch [2251/3000], Loss: 0.0946
Epoch [2252/3000], Loss: 0.0945
Epoch [2253/3000], Loss: 0.0951
Epoch [2254/3000], Loss: 0.0940
Epoch [2255/3000], Loss: 0.0939
Epoch [2256/3000], Loss: 0.0934
Epoch [2257/3000], Loss: 0.0942
Epoch [2258/3000], Loss: 0.0941
Epoch [2259/3000], Loss: 0.0940
Epoch [2260/3000], Loss: 0.0921
Epoch [2261/3000], Loss: 0.0900
Epoch [2262/3000], Loss: 0.0887
Epoch [2263/3000], Loss: 0.0889
Epoch [2264/3000], Loss: 0.0900
Epoch [2265/3000], Loss: 0.0907
Epoch [2266/3000], Loss: 0.0905
Epoch [2267/3000], Loss: 0.0896
Epoch [2268/3000], Loss: 0.0890
Epoch [2269/3000], Loss: 0.0889
Epoch [2270/3000], Loss: 0.0895
Epoch [2271/3000], Loss: 0.0898
Epoch [2272/3000], Loss: 0.0899
Epoch [2273/3000], Loss: 0.0895
Epoch [2274/3000], Loss: 0.0894
Epoch [2275/3000], Loss: 0.0896
Epoch [2276/3000], Loss: 0.0900
Epoch [2277/3000], Loss: 0.0904
Epoch [2278/3000], Loss: 0.0910
Epoch [2279/3000], Loss: 0.0911
Epoch [2280/3000], Loss: 0.0916
Epoch [2281/3000], Loss: 0.0914
Epoch [2282/3000], Loss: 0.0915
Epoch [2283/3000], Loss: 0.0910
Epoch [2284/3000], Loss: 0.0910
Epoch [2285/3000], Loss: 0.0908
Epoch [2286/3000], Loss: 0.0912
Epoch [2287/3000], Loss: 0.0916
Epoch [2288/3000], Loss: 0.0927
Epoch [2289/3000], Loss: 0.0933
Epoch [2290/3000], Loss: 0.0935
Epoch [2291/3000], Loss: 0.0919
Epoch [2292/3000], Loss: 0.0899
Epoch [2293/3000], Loss: 0.0882
Epoch [2294/3000], Loss: 0.0880
Epoch [2295/3000], Loss: 0.0889
Epoch [2296/3000], Loss: 0.0900
Epoch [2297/3000], Loss: 0.0906
Epoch [2298/3000], Loss: 0.0901
Epoch [2299/3000], Loss: 0.0892
Epoch [2300/3000], Loss: 0.0883
Epoch [2301/3000], Loss: 0.0880
Epoch [2302/3000], Loss: 0.0881
Epoch [2303/3000], Loss: 0.0884
Epoch [2304/3000], Loss: 0.0887
Epoch [2305/3000], Loss: 0.0887
Epoch [2306/3000], Loss: 0.0888
Epoch [2307/3000], Loss: 0.0890
Epoch [2308/3000], Loss: 0.0902
Epoch [2309/3000], Loss: 0.0916
Epoch [2310/3000], Loss: 0.0940
Epoch [2311/3000], Loss: 0.0953
Epoch [2312/3000], Loss: 0.0963
Epoch [2313/3000], Loss: 0.0943
Epoch [2314/3000], Loss: 0.0919
Epoch [2315/3000], Loss: 0.0900
Epoch [2316/3000], Loss: 0.0902
Epoch [2317/3000], Loss: 0.0915
Epoch [2318/3000], Loss: 0.0923
Epoch [2319/3000], Loss: 0.0913
Epoch [2320/3000], Loss: 0.0894
Epoch [2321/3000], Loss: 0.0884
Epoch [2322/3000], Loss: 0.0891
Epoch [2323/3000], Loss: 0.0902
Epoch [2324/3000], Loss: 0.0904
Epoch [2325/3000], Loss: 0.0900
Epoch [2326/3000], Loss: 0.0900
Epoch [2327/3000], Loss: 0.0911
Epoch [2328/3000], Loss: 0.0924
Epoch [2329/3000], Loss: 0.0945
Epoch [2330/3000], Loss: 0.0953
Epoch [2331/3000], Loss: 0.0980
Epoch [2332/3000], Loss: 0.0981
Epoch [2333/3000], Loss: 0.0999
Epoch [2334/3000], Loss: 0.0971
Epoch [2335/3000], Loss: 0.0946
Epoch [2336/3000], Loss: 0.0907
Epoch [2337/3000], Loss: 0.0886
Epoch [2338/3000], Loss: 0.0888
Epoch [2339/3000], Loss: 0.0903
Epoch [2340/3000], Loss: 0.0921
Epoch [2341/3000], Loss: 0.0920
Epoch [2342/3000], Loss: 0.0912
Epoch [2343/3000], Loss: 0.0895
Epoch [2344/3000], Loss: 0.0889
Epoch [2345/3000], Loss: 0.0890
Epoch [2346/3000], Loss: 0.0893
Epoch [2347/3000], Loss: 0.0890
Epoch [2348/3000], Loss: 0.0881
Epoch [2349/3000], Loss: 0.0878
Epoch [2350/3000], Loss: 0.0879
Epoch [2351/3000], Loss: 0.0883
Epoch [2352/3000], Loss: 0.0879
Epoch [2353/3000], Loss: 0.0872
Epoch [2354/3000], Loss: 0.0866
Epoch [2355/3000], Loss: 0.0869
Epoch [2356/3000], Loss: 0.0875
Epoch [2357/3000], Loss: 0.0880
Epoch [2358/3000], Loss: 0.0878
Epoch [2359/3000], Loss: 0.0873
Epoch [2360/3000], Loss: 0.0870
Epoch [2361/3000], Loss: 0.0873
Epoch [2362/3000], Loss: 0.0877
Epoch [2363/3000], Loss: 0.0880
Epoch [2364/3000], Loss: 0.0880
Epoch [2365/3000], Loss: 0.0882
Epoch [2366/3000], Loss: 0.0887
Epoch [2367/3000], Loss: 0.0894
Epoch [2368/3000], Loss: 0.0899
Epoch [2369/3000], Loss: 0.0903
Epoch [2370/3000], Loss: 0.0901
Epoch [2371/3000], Loss: 0.0899
Epoch [2372/3000], Loss: 0.0894
Epoch [2373/3000], Loss: 0.0891
Epoch [2374/3000], Loss: 0.0891
Epoch [2375/3000], Loss: 0.0896
Epoch [2376/3000], Loss: 0.0911
Epoch [2377/3000], Loss: 0.0920
Epoch [2378/3000], Loss: 0.0929
Epoch [2379/3000], Loss: 0.0920
Epoch [2380/3000], Loss: 0.0920
Epoch [2381/3000], Loss: 0.0912
Epoch [2382/3000], Loss: 0.0911
Epoch [2383/3000], Loss: 0.0906
Epoch [2384/3000], Loss: 0.0907
Epoch [2385/3000], Loss: 0.0909
Epoch [2386/3000], Loss: 0.0915
Epoch [2387/3000], Loss: 0.0909
Epoch [2388/3000], Loss: 0.0900
Epoch [2389/3000], Loss: 0.0886
Epoch [2390/3000], Loss: 0.0879
Epoch [2391/3000], Loss: 0.0876
Epoch [2392/3000], Loss: 0.0876
Epoch [2393/3000], Loss: 0.0874
Epoch [2394/3000], Loss: 0.0871
Epoch [2395/3000], Loss: 0.0868
Epoch [2396/3000], Loss: 0.0867
Epoch [2397/3000], Loss: 0.0867
Epoch [2398/3000], Loss: 0.0867
Epoch [2399/3000], Loss: 0.0865
Epoch [2400/3000], Loss: 0.0864
Epoch [2401/3000], Loss: 0.0865
Epoch [2402/3000], Loss: 0.0869
Epoch [2403/3000], Loss: 0.0874
Epoch [2404/3000], Loss: 0.0876
Epoch [2405/3000], Loss: 0.0879
Epoch [2406/3000], Loss: 0.0883
Epoch [2407/3000], Loss: 0.0890
Epoch [2408/3000], Loss: 0.0894
Epoch [2409/3000], Loss: 0.0888
Epoch [2410/3000], Loss: 0.0875
Epoch [2411/3000], Loss: 0.0864
Epoch [2412/3000], Loss: 0.0864
Epoch [2413/3000], Loss: 0.0871
Epoch [2414/3000], Loss: 0.0880
Epoch [2415/3000], Loss: 0.0885
Epoch [2416/3000], Loss: 0.0895
Epoch [2417/3000], Loss: 0.0906
Epoch [2418/3000], Loss: 0.0934
Epoch [2419/3000], Loss: 0.0948
Epoch [2420/3000], Loss: 0.0972
Epoch [2421/3000], Loss: 0.0962
Epoch [2422/3000], Loss: 0.0965
Epoch [2423/3000], Loss: 0.0939
Epoch [2424/3000], Loss: 0.0929
Epoch [2425/3000], Loss: 0.0910
Epoch [2426/3000], Loss: 0.0901
Epoch [2427/3000], Loss: 0.0896
Epoch [2428/3000], Loss: 0.0894
Epoch [2429/3000], Loss: 0.0894
Epoch [2430/3000], Loss: 0.0888
Epoch [2431/3000], Loss: 0.0885
Epoch [2432/3000], Loss: 0.0881
Epoch [2433/3000], Loss: 0.0883
Epoch [2434/3000], Loss: 0.0887
Epoch [2435/3000], Loss: 0.0890
Epoch [2436/3000], Loss: 0.0885
Epoch [2437/3000], Loss: 0.0870
Epoch [2438/3000], Loss: 0.0858
Epoch [2439/3000], Loss: 0.0857
Epoch [2440/3000], Loss: 0.0868
Epoch [2441/3000], Loss: 0.0879
Epoch [2442/3000], Loss: 0.0882
Epoch [2443/3000], Loss: 0.0875
Epoch [2444/3000], Loss: 0.0873
Epoch [2445/3000], Loss: 0.0880
Epoch [2446/3000], Loss: 0.0897
Epoch [2447/3000], Loss: 0.0906
Epoch [2448/3000], Loss: 0.0906
Epoch [2449/3000], Loss: 0.0891
Epoch [2450/3000], Loss: 0.0880
Epoch [2451/3000], Loss: 0.0871
Epoch [2452/3000], Loss: 0.0866
Epoch [2453/3000], Loss: 0.0863
Epoch [2454/3000], Loss: 0.0865
Epoch [2455/3000], Loss: 0.0869
Epoch [2456/3000], Loss: 0.0870
Epoch [2457/3000], Loss: 0.0865
Epoch [2458/3000], Loss: 0.0858
Epoch [2459/3000], Loss: 0.0855
Epoch [2460/3000], Loss: 0.0855
Epoch [2461/3000], Loss: 0.0857
Epoch [2462/3000], Loss: 0.0857
Epoch [2463/3000], Loss: 0.0855
Epoch [2464/3000], Loss: 0.0854
Epoch [2465/3000], Loss: 0.0854
Epoch [2466/3000], Loss: 0.0855
Epoch [2467/3000], Loss: 0.0856
Epoch [2468/3000], Loss: 0.0859
Epoch [2469/3000], Loss: 0.0866
Epoch [2470/3000], Loss: 0.0879
Epoch [2471/3000], Loss: 0.0892
Epoch [2472/3000], Loss: 0.0916
Epoch [2473/3000], Loss: 0.0933
Epoch [2474/3000], Loss: 0.0973
Epoch [2475/3000], Loss: 0.0977
Epoch [2476/3000], Loss: 0.0988
Epoch [2477/3000], Loss: 0.0929
Epoch [2478/3000], Loss: 0.0882
Epoch [2479/3000], Loss: 0.0853
Epoch [2480/3000], Loss: 0.0861
Epoch [2481/3000], Loss: 0.0890
Epoch [2482/3000], Loss: 0.0906
Epoch [2483/3000], Loss: 0.0912
Epoch [2484/3000], Loss: 0.0887
Epoch [2485/3000], Loss: 0.0870
Epoch [2486/3000], Loss: 0.0861
Epoch [2487/3000], Loss: 0.0866
Epoch [2488/3000], Loss: 0.0875
Epoch [2489/3000], Loss: 0.0880
Epoch [2490/3000], Loss: 0.0878
Epoch [2491/3000], Loss: 0.0867
Epoch [2492/3000], Loss: 0.0857
Epoch [2493/3000], Loss: 0.0854
Epoch [2494/3000], Loss: 0.0859
Epoch [2495/3000], Loss: 0.0868
Epoch [2496/3000], Loss: 0.0875
Epoch [2497/3000], Loss: 0.0878
Epoch [2498/3000], Loss: 0.0880
Epoch [2499/3000], Loss: 0.0883
Epoch [2500/3000], Loss: 0.0888
Epoch [2501/3000], Loss: 0.0889
Epoch [2502/3000], Loss: 0.0884
Epoch [2503/3000], Loss: 0.0873
Epoch [2504/3000], Loss: 0.0860
Epoch [2505/3000], Loss: 0.0853
Epoch [2506/3000], Loss: 0.0854
Epoch [2507/3000], Loss: 0.0859
Epoch [2508/3000], Loss: 0.0862
Epoch [2509/3000], Loss: 0.0860
Epoch [2510/3000], Loss: 0.0854
Epoch [2511/3000], Loss: 0.0848
Epoch [2512/3000], Loss: 0.0845
Epoch [2513/3000], Loss: 0.0845
Epoch [2514/3000], Loss: 0.0850
Epoch [2515/3000], Loss: 0.0854
Epoch [2516/3000], Loss: 0.0858
Epoch [2517/3000], Loss: 0.0858
Epoch [2518/3000], Loss: 0.0862
Epoch [2519/3000], Loss: 0.0867
Epoch [2520/3000], Loss: 0.0880
Epoch [2521/3000], Loss: 0.0887
Epoch [2522/3000], Loss: 0.0895
Epoch [2523/3000], Loss: 0.0889
Epoch [2524/3000], Loss: 0.0892
Epoch [2525/3000], Loss: 0.0891
Epoch [2526/3000], Loss: 0.0900
Epoch [2527/3000], Loss: 0.0894
Epoch [2528/3000], Loss: 0.0891
Epoch [2529/3000], Loss: 0.0879
Epoch [2530/3000], Loss: 0.0874
Epoch [2531/3000], Loss: 0.0870
Epoch [2532/3000], Loss: 0.0868
Epoch [2533/3000], Loss: 0.0865
Epoch [2534/3000], Loss: 0.0860
Epoch [2535/3000], Loss: 0.0853
Epoch [2536/3000], Loss: 0.0847
Epoch [2537/3000], Loss: 0.0847
Epoch [2538/3000], Loss: 0.0853
Epoch [2539/3000], Loss: 0.0860
Epoch [2540/3000], Loss: 0.0861
Epoch [2541/3000], Loss: 0.0857
Epoch [2542/3000], Loss: 0.0848
Epoch [2543/3000], Loss: 0.0845
Epoch [2544/3000], Loss: 0.0846
Epoch [2545/3000], Loss: 0.0850
Epoch [2546/3000], Loss: 0.0855
Epoch [2547/3000], Loss: 0.0858
Epoch [2548/3000], Loss: 0.0861
Epoch [2549/3000], Loss: 0.0864
Epoch [2550/3000], Loss: 0.0867
Epoch [2551/3000], Loss: 0.0871
Epoch [2552/3000], Loss: 0.0875
Epoch [2553/3000], Loss: 0.0874
Epoch [2554/3000], Loss: 0.0871
Epoch [2555/3000], Loss: 0.0864
Epoch [2556/3000], Loss: 0.0866
Epoch [2557/3000], Loss: 0.0870
Epoch [2558/3000], Loss: 0.0884
Epoch [2559/3000], Loss: 0.0889
Epoch [2560/3000], Loss: 0.0894
Epoch [2561/3000], Loss: 0.0886
Epoch [2562/3000], Loss: 0.0881
Epoch [2563/3000], Loss: 0.0869
Epoch [2564/3000], Loss: 0.0864
Epoch [2565/3000], Loss: 0.0860
Epoch [2566/3000], Loss: 0.0862
Epoch [2567/3000], Loss: 0.0861
Epoch [2568/3000], Loss: 0.0853
Epoch [2569/3000], Loss: 0.0843
Epoch [2570/3000], Loss: 0.0840
Epoch [2571/3000], Loss: 0.0847
Epoch [2572/3000], Loss: 0.0854
Epoch [2573/3000], Loss: 0.0856
Epoch [2574/3000], Loss: 0.0852
Epoch [2575/3000], Loss: 0.0851
Epoch [2576/3000], Loss: 0.0854
Epoch [2577/3000], Loss: 0.0861
Epoch [2578/3000], Loss: 0.0863
Epoch [2579/3000], Loss: 0.0863
Epoch [2580/3000], Loss: 0.0857
Epoch [2581/3000], Loss: 0.0854
Epoch [2582/3000], Loss: 0.0852
Epoch [2583/3000], Loss: 0.0856
Epoch [2584/3000], Loss: 0.0860
Epoch [2585/3000], Loss: 0.0866
Epoch [2586/3000], Loss: 0.0868
Epoch [2587/3000], Loss: 0.0871
Epoch [2588/3000], Loss: 0.0871
Epoch [2589/3000], Loss: 0.0870
Epoch [2590/3000], Loss: 0.0864
Epoch [2591/3000], Loss: 0.0855
Epoch [2592/3000], Loss: 0.0846
Epoch [2593/3000], Loss: 0.0849
Epoch [2594/3000], Loss: 0.0858
Epoch [2595/3000], Loss: 0.0867
Epoch [2596/3000], Loss: 0.0868
Epoch [2597/3000], Loss: 0.0859
Epoch [2598/3000], Loss: 0.0850
Epoch [2599/3000], Loss: 0.0846
Epoch [2600/3000], Loss: 0.0845
Epoch [2601/3000], Loss: 0.0847
Epoch [2602/3000], Loss: 0.0850
Epoch [2603/3000], Loss: 0.0854
Epoch [2604/3000], Loss: 0.0853
Epoch [2605/3000], Loss: 0.0855
Epoch [2606/3000], Loss: 0.0856
Epoch [2607/3000], Loss: 0.0867
Epoch [2608/3000], Loss: 0.0879
Epoch [2609/3000], Loss: 0.0901
Epoch [2610/3000], Loss: 0.0906
Epoch [2611/3000], Loss: 0.0917
Epoch [2612/3000], Loss: 0.0901
Epoch [2613/3000], Loss: 0.0892
Epoch [2614/3000], Loss: 0.0869
Epoch [2615/3000], Loss: 0.0857
Epoch [2616/3000], Loss: 0.0847
Epoch [2617/3000], Loss: 0.0843
Epoch [2618/3000], Loss: 0.0844
Epoch [2619/3000], Loss: 0.0847
Epoch [2620/3000], Loss: 0.0853
Epoch [2621/3000], Loss: 0.0856
Epoch [2622/3000], Loss: 0.0856
Epoch [2623/3000], Loss: 0.0847
Epoch [2624/3000], Loss: 0.0838
Epoch [2625/3000], Loss: 0.0831
Epoch [2626/3000], Loss: 0.0832
Epoch [2627/3000], Loss: 0.0838
Epoch [2628/3000], Loss: 0.0845
Epoch [2629/3000], Loss: 0.0847
Epoch [2630/3000], Loss: 0.0847
Epoch [2631/3000], Loss: 0.0846
Epoch [2632/3000], Loss: 0.0851
Epoch [2633/3000], Loss: 0.0859
Epoch [2634/3000], Loss: 0.0872
Epoch [2635/3000], Loss: 0.0877
Epoch [2636/3000], Loss: 0.0886
Epoch [2637/3000], Loss: 0.0885
Epoch [2638/3000], Loss: 0.0897
Epoch [2639/3000], Loss: 0.0893
Epoch [2640/3000], Loss: 0.0893
Epoch [2641/3000], Loss: 0.0868
Epoch [2642/3000], Loss: 0.0849
Epoch [2643/3000], Loss: 0.0836
Epoch [2644/3000], Loss: 0.0837
Epoch [2645/3000], Loss: 0.0846
Epoch [2646/3000], Loss: 0.0852
Epoch [2647/3000], Loss: 0.0853
Epoch [2648/3000], Loss: 0.0846
Epoch [2649/3000], Loss: 0.0838
Epoch [2650/3000], Loss: 0.0830
Epoch [2651/3000], Loss: 0.0829
Epoch [2652/3000], Loss: 0.0833
Epoch [2653/3000], Loss: 0.0841
Epoch [2654/3000], Loss: 0.0846
Epoch [2655/3000], Loss: 0.0844
Epoch [2656/3000], Loss: 0.0837
Epoch [2657/3000], Loss: 0.0831
Epoch [2658/3000], Loss: 0.0828
Epoch [2659/3000], Loss: 0.0830
Epoch [2660/3000], Loss: 0.0832
Epoch [2661/3000], Loss: 0.0835
Epoch [2662/3000], Loss: 0.0837
Epoch [2663/3000], Loss: 0.0842
Epoch [2664/3000], Loss: 0.0845
Epoch [2665/3000], Loss: 0.0850
Epoch [2666/3000], Loss: 0.0853
Epoch [2667/3000], Loss: 0.0857
Epoch [2668/3000], Loss: 0.0859
Epoch [2669/3000], Loss: 0.0855
Epoch [2670/3000], Loss: 0.0850
Epoch [2671/3000], Loss: 0.0842
Epoch [2672/3000], Loss: 0.0845
Epoch [2673/3000], Loss: 0.0853
Epoch [2674/3000], Loss: 0.0868
Epoch [2675/3000], Loss: 0.0872
Epoch [2676/3000], Loss: 0.0877
Epoch [2677/3000], Loss: 0.0872
Epoch [2678/3000], Loss: 0.0878
Epoch [2679/3000], Loss: 0.0873
Epoch [2680/3000], Loss: 0.0875
Epoch [2681/3000], Loss: 0.0864
Epoch [2682/3000], Loss: 0.0858
Epoch [2683/3000], Loss: 0.0845
Epoch [2684/3000], Loss: 0.0836
Epoch [2685/3000], Loss: 0.0829
Epoch [2686/3000], Loss: 0.0828
Epoch [2687/3000], Loss: 0.0830
Epoch [2688/3000], Loss: 0.0831
Epoch [2689/3000], Loss: 0.0834
Epoch [2690/3000], Loss: 0.0838
Epoch [2691/3000], Loss: 0.0843
Epoch [2692/3000], Loss: 0.0842
Epoch [2693/3000], Loss: 0.0840
Epoch [2694/3000], Loss: 0.0835
Epoch [2695/3000], Loss: 0.0835
Epoch [2696/3000], Loss: 0.0834
Epoch [2697/3000], Loss: 0.0834
Epoch [2698/3000], Loss: 0.0830
Epoch [2699/3000], Loss: 0.0825
Epoch [2700/3000], Loss: 0.0823
Epoch [2701/3000], Loss: 0.0825
Epoch [2702/3000], Loss: 0.0832
Epoch [2703/3000], Loss: 0.0841
Epoch [2704/3000], Loss: 0.0850
Epoch [2705/3000], Loss: 0.0853
Epoch [2706/3000], Loss: 0.0854
Epoch [2707/3000], Loss: 0.0852
Epoch [2708/3000], Loss: 0.0857
Epoch [2709/3000], Loss: 0.0859
Epoch [2710/3000], Loss: 0.0863
Epoch [2711/3000], Loss: 0.0856
Epoch [2712/3000], Loss: 0.0852
Epoch [2713/3000], Loss: 0.0846
Epoch [2714/3000], Loss: 0.0849
Epoch [2715/3000], Loss: 0.0852
Epoch [2716/3000], Loss: 0.0850
Epoch [2717/3000], Loss: 0.0842
Epoch [2718/3000], Loss: 0.0834
Epoch [2719/3000], Loss: 0.0833
Epoch [2720/3000], Loss: 0.0837
Epoch [2721/3000], Loss: 0.0842
Epoch [2722/3000], Loss: 0.0845
Epoch [2723/3000], Loss: 0.0842
Epoch [2724/3000], Loss: 0.0837
Epoch [2725/3000], Loss: 0.0830
Epoch [2726/3000], Loss: 0.0830
Epoch [2727/3000], Loss: 0.0835
Epoch [2728/3000], Loss: 0.0848
Epoch [2729/3000], Loss: 0.0856
Epoch [2730/3000], Loss: 0.0862
Epoch [2731/3000], Loss: 0.0855
Epoch [2732/3000], Loss: 0.0856
Epoch [2733/3000], Loss: 0.0855
Epoch [2734/3000], Loss: 0.0863
Epoch [2735/3000], Loss: 0.0858
Epoch [2736/3000], Loss: 0.0851
Epoch [2737/3000], Loss: 0.0837
Epoch [2738/3000], Loss: 0.0830
Epoch [2739/3000], Loss: 0.0825
Epoch [2740/3000], Loss: 0.0821
Epoch [2741/3000], Loss: 0.0818
Epoch [2742/3000], Loss: 0.0819
Epoch [2743/3000], Loss: 0.0829
Epoch [2744/3000], Loss: 0.0839
Epoch [2745/3000], Loss: 0.0850
Epoch [2746/3000], Loss: 0.0849
Epoch [2747/3000], Loss: 0.0850
Epoch [2748/3000], Loss: 0.0846
Epoch [2749/3000], Loss: 0.0848
Epoch [2750/3000], Loss: 0.0845
Epoch [2751/3000], Loss: 0.0845
Epoch [2752/3000], Loss: 0.0842
Epoch [2753/3000], Loss: 0.0848
Epoch [2754/3000], Loss: 0.0857
Epoch [2755/3000], Loss: 0.0867
Epoch [2756/3000], Loss: 0.0867
Epoch [2757/3000], Loss: 0.0850
Epoch [2758/3000], Loss: 0.0830
Epoch [2759/3000], Loss: 0.0820
Epoch [2760/3000], Loss: 0.0824
Epoch [2761/3000], Loss: 0.0834
Epoch [2762/3000], Loss: 0.0836
Epoch [2763/3000], Loss: 0.0830
Epoch [2764/3000], Loss: 0.0822
Epoch [2765/3000], Loss: 0.0817
Epoch [2766/3000], Loss: 0.0816
Epoch [2767/3000], Loss: 0.0816
Epoch [2768/3000], Loss: 0.0817
Epoch [2769/3000], Loss: 0.0818
Epoch [2770/3000], Loss: 0.0815
Epoch [2771/3000], Loss: 0.0812
Epoch [2772/3000], Loss: 0.0809
Epoch [2773/3000], Loss: 0.0810
Epoch [2774/3000], Loss: 0.0814
Epoch [2775/3000], Loss: 0.0822
Epoch [2776/3000], Loss: 0.0829
Epoch [2777/3000], Loss: 0.0841
Epoch [2778/3000], Loss: 0.0851
Epoch [2779/3000], Loss: 0.0876
Epoch [2780/3000], Loss: 0.0894
Epoch [2781/3000], Loss: 0.0932
Epoch [2782/3000], Loss: 0.0923
Epoch [2783/3000], Loss: 0.0924
Epoch [2784/3000], Loss: 0.0876
Epoch [2785/3000], Loss: 0.0844
Epoch [2786/3000], Loss: 0.0823
Epoch [2787/3000], Loss: 0.0824
Epoch [2788/3000], Loss: 0.0841
Epoch [2789/3000], Loss: 0.0854
Epoch [2790/3000], Loss: 0.0859
Epoch [2791/3000], Loss: 0.0841
Epoch [2792/3000], Loss: 0.0826
Epoch [2793/3000], Loss: 0.0821
Epoch [2794/3000], Loss: 0.0831
Epoch [2795/3000], Loss: 0.0843
Epoch [2796/3000], Loss: 0.0847
Epoch [2797/3000], Loss: 0.0837
Epoch [2798/3000], Loss: 0.0822
Epoch [2799/3000], Loss: 0.0816
Epoch [2800/3000], Loss: 0.0822
Epoch [2801/3000], Loss: 0.0832
Epoch [2802/3000], Loss: 0.0840
Epoch [2803/3000], Loss: 0.0838
Epoch [2804/3000], Loss: 0.0835
Epoch [2805/3000], Loss: 0.0830
Epoch [2806/3000], Loss: 0.0824
Epoch [2807/3000], Loss: 0.0819
Epoch [2808/3000], Loss: 0.0815
Epoch [2809/3000], Loss: 0.0814
Epoch [2810/3000], Loss: 0.0814
Epoch [2811/3000], Loss: 0.0815
Epoch [2812/3000], Loss: 0.0815
Epoch [2813/3000], Loss: 0.0816
Epoch [2814/3000], Loss: 0.0819
Epoch [2815/3000], Loss: 0.0822
Epoch [2816/3000], Loss: 0.0823
Epoch [2817/3000], Loss: 0.0820
Epoch [2818/3000], Loss: 0.0816
Epoch [2819/3000], Loss: 0.0817
Epoch [2820/3000], Loss: 0.0821
Epoch [2821/3000], Loss: 0.0826
Epoch [2822/3000], Loss: 0.0826
Epoch [2823/3000], Loss: 0.0823
Epoch [2824/3000], Loss: 0.0820
Epoch [2825/3000], Loss: 0.0820
Epoch [2826/3000], Loss: 0.0820
Epoch [2827/3000], Loss: 0.0817
Epoch [2828/3000], Loss: 0.0814
Epoch [2829/3000], Loss: 0.0812
Epoch [2830/3000], Loss: 0.0813
Epoch [2831/3000], Loss: 0.0813
Epoch [2832/3000], Loss: 0.0813
Epoch [2833/3000], Loss: 0.0812
Epoch [2834/3000], Loss: 0.0814
Epoch [2835/3000], Loss: 0.0817
Epoch [2836/3000], Loss: 0.0819
Epoch [2837/3000], Loss: 0.0819
Epoch [2838/3000], Loss: 0.0824
Epoch [2839/3000], Loss: 0.0832
Epoch [2840/3000], Loss: 0.0848
Epoch [2841/3000], Loss: 0.0857
Epoch [2842/3000], Loss: 0.0867
Epoch [2843/3000], Loss: 0.0858
Epoch [2844/3000], Loss: 0.0858
Epoch [2845/3000], Loss: 0.0855
Epoch [2846/3000], Loss: 0.0876
Epoch [2847/3000], Loss: 0.0891
Epoch [2848/3000], Loss: 0.0906
Epoch [2849/3000], Loss: 0.0874
Epoch [2850/3000], Loss: 0.0836
Epoch [2851/3000], Loss: 0.0814
Epoch [2852/3000], Loss: 0.0824
Epoch [2853/3000], Loss: 0.0838
Epoch [2854/3000], Loss: 0.0832
Epoch [2855/3000], Loss: 0.0810
Epoch [2856/3000], Loss: 0.0801
Epoch [2857/3000], Loss: 0.0814
Epoch [2858/3000], Loss: 0.0829
Epoch [2859/3000], Loss: 0.0829
Epoch [2860/3000], Loss: 0.0814
Epoch [2861/3000], Loss: 0.0807
Epoch [2862/3000], Loss: 0.0810
Epoch [2863/3000], Loss: 0.0813
Epoch [2864/3000], Loss: 0.0808
Epoch [2865/3000], Loss: 0.0802
Epoch [2866/3000], Loss: 0.0801
Epoch [2867/3000], Loss: 0.0808
Epoch [2868/3000], Loss: 0.0813
Epoch [2869/3000], Loss: 0.0818
Epoch [2870/3000], Loss: 0.0822
Epoch [2871/3000], Loss: 0.0832
Epoch [2872/3000], Loss: 0.0839
Epoch [2873/3000], Loss: 0.0846
Epoch [2874/3000], Loss: 0.0839
Epoch [2875/3000], Loss: 0.0831
Epoch [2876/3000], Loss: 0.0820
Epoch [2877/3000], Loss: 0.0816
Epoch [2878/3000], Loss: 0.0814
Epoch [2879/3000], Loss: 0.0819
Epoch [2880/3000], Loss: 0.0822
Epoch [2881/3000], Loss: 0.0825
Epoch [2882/3000], Loss: 0.0818
Epoch [2883/3000], Loss: 0.0810
Epoch [2884/3000], Loss: 0.0804
Epoch [2885/3000], Loss: 0.0806
Epoch [2886/3000], Loss: 0.0811
Epoch [2887/3000], Loss: 0.0817
Epoch [2888/3000], Loss: 0.0821
Epoch [2889/3000], Loss: 0.0827
Epoch [2890/3000], Loss: 0.0831
Epoch [2891/3000], Loss: 0.0829
Epoch [2892/3000], Loss: 0.0818
Epoch [2893/3000], Loss: 0.0810
Epoch [2894/3000], Loss: 0.0811
Epoch [2895/3000], Loss: 0.0822
Epoch [2896/3000], Loss: 0.0829
Epoch [2897/3000], Loss: 0.0824
Epoch [2898/3000], Loss: 0.0809
Epoch [2899/3000], Loss: 0.0798
Epoch [2900/3000], Loss: 0.0798
Epoch [2901/3000], Loss: 0.0805
Epoch [2902/3000], Loss: 0.0816
Epoch [2903/3000], Loss: 0.0822
Epoch [2904/3000], Loss: 0.0826
Epoch [2905/3000], Loss: 0.0824
Epoch [2906/3000], Loss: 0.0827
Epoch [2907/3000], Loss: 0.0831
Epoch [2908/3000], Loss: 0.0849
Epoch [2909/3000], Loss: 0.0859
Epoch [2910/3000], Loss: 0.0866
Epoch [2911/3000], Loss: 0.0845
Epoch [2912/3000], Loss: 0.0829
Epoch [2913/3000], Loss: 0.0817
Epoch [2914/3000], Loss: 0.0821
Epoch [2915/3000], Loss: 0.0823
Epoch [2916/3000], Loss: 0.0826
Epoch [2917/3000], Loss: 0.0821
Epoch [2918/3000], Loss: 0.0819
Epoch [2919/3000], Loss: 0.0819
Epoch [2920/3000], Loss: 0.0819
Epoch [2921/3000], Loss: 0.0817
Epoch [2922/3000], Loss: 0.0810
Epoch [2923/3000], Loss: 0.0805
Epoch [2924/3000], Loss: 0.0802
Epoch [2925/3000], Loss: 0.0805
Epoch [2926/3000], Loss: 0.0808
Epoch [2927/3000], Loss: 0.0806
Epoch [2928/3000], Loss: 0.0796
Epoch [2929/3000], Loss: 0.0787
Epoch [2930/3000], Loss: 0.0783
Epoch [2931/3000], Loss: 0.0788
Epoch [2932/3000], Loss: 0.0795
Epoch [2933/3000], Loss: 0.0801
Epoch [2934/3000], Loss: 0.0802
Epoch [2935/3000], Loss: 0.0800
Epoch [2936/3000], Loss: 0.0800
Epoch [2937/3000], Loss: 0.0806
Epoch [2938/3000], Loss: 0.0813
Epoch [2939/3000], Loss: 0.0826
Epoch [2940/3000], Loss: 0.0832
Epoch [2941/3000], Loss: 0.0846
Epoch [2942/3000], Loss: 0.0850
Epoch [2943/3000], Loss: 0.0861
Epoch [2944/3000], Loss: 0.0848
Epoch [2945/3000], Loss: 0.0837
Epoch [2946/3000], Loss: 0.0819
Epoch [2947/3000], Loss: 0.0820
Epoch [2948/3000], Loss: 0.0828
Epoch [2949/3000], Loss: 0.0842
Epoch [2950/3000], Loss: 0.0843
Epoch [2951/3000], Loss: 0.0829
Epoch [2952/3000], Loss: 0.0808
Epoch [2953/3000], Loss: 0.0801
Epoch [2954/3000], Loss: 0.0810
Epoch [2955/3000], Loss: 0.0823
Epoch [2956/3000], Loss: 0.0822
Epoch [2957/3000], Loss: 0.0811
Epoch [2958/3000], Loss: 0.0796
Epoch [2959/3000], Loss: 0.0792
Epoch [2960/3000], Loss: 0.0797
Epoch [2961/3000], Loss: 0.0803
Epoch [2962/3000], Loss: 0.0802
Epoch [2963/3000], Loss: 0.0795
Epoch [2964/3000], Loss: 0.0790
Epoch [2965/3000], Loss: 0.0792
Epoch [2966/3000], Loss: 0.0798
Epoch [2967/3000], Loss: 0.0806
Epoch [2968/3000], Loss: 0.0805
Epoch [2969/3000], Loss: 0.0806
Epoch [2970/3000], Loss: 0.0809
Epoch [2971/3000], Loss: 0.0820
Epoch [2972/3000], Loss: 0.0825
Epoch [2973/3000], Loss: 0.0830
Epoch [2974/3000], Loss: 0.0826
Epoch [2975/3000], Loss: 0.0833
Epoch [2976/3000], Loss: 0.0837
Epoch [2977/3000], Loss: 0.0848
Epoch [2978/3000], Loss: 0.0839
Epoch [2979/3000], Loss: 0.0833
Epoch [2980/3000], Loss: 0.0822
Epoch [2981/3000], Loss: 0.0821
Epoch [2982/3000], Loss: 0.0818
Epoch [2983/3000], Loss: 0.0809
Epoch [2984/3000], Loss: 0.0799
Epoch [2985/3000], Loss: 0.0797
Epoch [2986/3000], Loss: 0.0804
Epoch [2987/3000], Loss: 0.0811
Epoch [2988/3000], Loss: 0.0813
Epoch [2989/3000], Loss: 0.0807
Epoch [2990/3000], Loss: 0.0803
Epoch [2991/3000], Loss: 0.0799
Epoch [2992/3000], Loss: 0.0798
Epoch [2993/3000], Loss: 0.0796
Epoch [2994/3000], Loss: 0.0797
Epoch [2995/3000], Loss: 0.0802
Epoch [2996/3000], Loss: 0.0809
Epoch [2997/3000], Loss: 0.0806
Epoch [2998/3000], Loss: 0.0797
Epoch [2999/3000], Loss: 0.0787
Epoch [3000/3000], Loss: 0.0784
Training time: 21293.15887069702
Saved model path: /home/dg321/gitTest/PRI/irp/interpolation_code_example_2D/models/Velocity256_Compression_3000epochs_32batchsize_lr0.002_20samplesOrigial.pth
mple.pth
