ConvAutoencoder5Conv2ds(
  (encoder): Sequential(
    (0): Conv2d(1, 16, kernel_size=(2, 2), stride=(2, 2))
    (1): ReLU(inplace=True)
    (2): Conv2d(16, 32, kernel_size=(2, 2), stride=(2, 2))
    (3): ReLU(inplace=True)
    (4): Conv2d(32, 64, kernel_size=(2, 2), stride=(2, 2))
    (5): ReLU(inplace=True)
    (6): Conv2d(64, 128, kernel_size=(2, 2), stride=(2, 2))
    (7): ReLU(inplace=True)
    (8): Conv2d(128, 256, kernel_size=(2, 2), stride=(2, 2))
    (9): ReLU(inplace=True)
  )
  (latentspace): Sequential(
    (0): Conv2d(256, 128, kernel_size=(5, 5), stride=(1, 1))
    (1): ReLU(inplace=True)
    (2): Conv2d(128, 128, kernel_size=(5, 5), stride=(1, 1))
    (3): ReLU(inplace=True)
    (4): Conv2d(128, 256, kernel_size=(5, 5), stride=(1, 1))
    (5): ReLU(inplace=True)
  )
  (decoder): Sequential(
    (0): ConvTranspose2d(256, 128, kernel_size=(2, 2), stride=(2, 2))
    (1): ReLU(inplace=True)
    (2): ConvTranspose2d(128, 64, kernel_size=(2, 2), stride=(2, 2))
    (3): ReLU(inplace=True)
    (4): ConvTranspose2d(64, 32, kernel_size=(2, 2), stride=(2, 2))
    (5): ReLU(inplace=True)
    (6): ConvTranspose2d(32, 16, kernel_size=(2, 2), stride=(2, 2))
    (7): ReLU(inplace=True)
    (8): ConvTranspose2d(16, 1, kernel_size=(2, 2), stride=(2, 2))
    (9): Identity()
  )
)
1699372613.7627883
torch.Size([16, 1, 9600, 9600])
torch.Size([16, 1, 9600, 9600])
torch.Size([16, 1, 9600, 9600])
torch.Size([16, 1, 9600, 9600])
Epoch [1/200], Loss: 1.6701
torch.Size([16, 1, 9600, 9600])
torch.Size([16, 1, 9600, 9600])
torch.Size([16, 1, 9600, 9600])
torch.Size([16, 1, 9600, 9600])
Epoch [2/200], Loss: 1.6141
torch.Size([16, 1, 9600, 9600])
torch.Size([16, 1, 9600, 9600])
torch.Size([16, 1, 9600, 9600])
torch.Size([16, 1, 9600, 9600])
Epoch [3/200], Loss: 1.3352
torch.Size([16, 1, 9600, 9600])
torch.Size([16, 1, 9600, 9600])
torch.Size([16, 1, 9600, 9600])
torch.Size([16, 1, 9600, 9600])
Epoch [4/200], Loss: 0.8332
torch.Size([16, 1, 9600, 9600])
torch.Size([16, 1, 9600, 9600])
torch.Size([16, 1, 9600, 9600])
torch.Size([16, 1, 9600, 9600])
Epoch [5/200], Loss: 0.4410
torch.Size([16, 1, 9600, 9600])
torch.Size([16, 1, 9600, 9600])
torch.Size([16, 1, 9600, 9600])
torch.Size([16, 1, 9600, 9600])
Epoch [6/200], Loss: 0.1946
torch.Size([16, 1, 9600, 9600])
torch.Size([16, 1, 9600, 9600])
torch.Size([16, 1, 9600, 9600])
torch.Size([16, 1, 9600, 9600])
Epoch [7/200], Loss: 0.1719
torch.Size([16, 1, 9600, 9600])
torch.Size([16, 1, 9600, 9600])
torch.Size([16, 1, 9600, 9600])
torch.Size([16, 1, 9600, 9600])
Epoch [8/200], Loss: 0.2048
torch.Size([16, 1, 9600, 9600])
torch.Size([16, 1, 9600, 9600])
torch.Size([16, 1, 9600, 9600])
torch.Size([16, 1, 9600, 9600])
Epoch [9/200], Loss: 0.1409
torch.Size([16, 1, 9600, 9600])
torch.Size([16, 1, 9600, 9600])
torch.Size([16, 1, 9600, 9600])
torch.Size([16, 1, 9600, 9600])
Epoch [10/200], Loss: 0.1215
torch.Size([16, 1, 9600, 9600])
torch.Size([16, 1, 9600, 9600])
torch.Size([16, 1, 9600, 9600])
torch.Size([16, 1, 9600, 9600])
Epoch [11/200], Loss: 0.1374
torch.Size([16, 1, 9600, 9600])
torch.Size([16, 1, 9600, 9600])
torch.Size([16, 1, 9600, 9600])
torch.Size([16, 1, 9600, 9600])
Epoch [12/200], Loss: 0.0978
torch.Size([16, 1, 9600, 9600])
torch.Size([16, 1, 9600, 9600])
torch.Size([16, 1, 9600, 9600])
torch.Size([16, 1, 9600, 9600])
Epoch [13/200], Loss: 0.0894
torch.Size([16, 1, 9600, 9600])
torch.Size([16, 1, 9600, 9600])
torch.Size([16, 1, 9600, 9600])
torch.Size([16, 1, 9600, 9600])
Epoch [14/200], Loss: 0.0973
torch.Size([16, 1, 9600, 9600])
torch.Size([16, 1, 9600, 9600])
torch.Size([16, 1, 9600, 9600])
torch.Size([16, 1, 9600, 9600])
Epoch [15/200], Loss: 0.0776
torch.Size([16, 1, 9600, 9600])
torch.Size([16, 1, 9600, 9600])
torch.Size([16, 1, 9600, 9600])
torch.Size([16, 1, 9600, 9600])
Epoch [16/200], Loss: 0.0712
torch.Size([16, 1, 9600, 9600])
torch.Size([16, 1, 9600, 9600])
torch.Size([16, 1, 9600, 9600])
torch.Size([16, 1, 9600, 9600])
Epoch [17/200], Loss: 0.0697
torch.Size([16, 1, 9600, 9600])
torch.Size([16, 1, 9600, 9600])
torch.Size([16, 1, 9600, 9600])
torch.Size([16, 1, 9600, 9600])
Epoch [18/200], Loss: 0.0666
torch.Size([16, 1, 9600, 9600])
torch.Size([16, 1, 9600, 9600])
torch.Size([16, 1, 9600, 9600])
torch.Size([16, 1, 9600, 9600])
Epoch [19/200], Loss: 0.0650
torch.Size([16, 1, 9600, 9600])
torch.Size([16, 1, 9600, 9600])
torch.Size([16, 1, 9600, 9600])
torch.Size([16, 1, 9600, 9600])
Epoch [20/200], Loss: 0.0623
torch.Size([16, 1, 9600, 9600])
torch.Size([16, 1, 9600, 9600])
torch.Size([16, 1, 9600, 9600])
torch.Size([16, 1, 9600, 9600])
Epoch [21/200], Loss: 0.0621
torch.Size([16, 1, 9600, 9600])
torch.Size([16, 1, 9600, 9600])
torch.Size([16, 1, 9600, 9600])
torch.Size([16, 1, 9600, 9600])
Epoch [22/200], Loss: 0.0599
torch.Size([16, 1, 9600, 9600])
torch.Size([16, 1, 9600, 9600])
torch.Size([16, 1, 9600, 9600])
torch.Size([16, 1, 9600, 9600])
Epoch [23/200], Loss: 0.0575
torch.Size([16, 1, 9600, 9600])
torch.Size([16, 1, 9600, 9600])
torch.Size([16, 1, 9600, 9600])
torch.Size([16, 1, 9600, 9600])
Epoch [24/200], Loss: 0.0519
torch.Size([16, 1, 9600, 9600])
torch.Size([16, 1, 9600, 9600])
torch.Size([16, 1, 9600, 9600])
torch.Size([16, 1, 9600, 9600])
Epoch [25/200], Loss: 0.0472
torch.Size([16, 1, 9600, 9600])
torch.Size([16, 1, 9600, 9600])
torch.Size([16, 1, 9600, 9600])
torch.Size([16, 1, 9600, 9600])
Epoch [26/200], Loss: 0.0462
torch.Size([16, 1, 9600, 9600])
torch.Size([16, 1, 9600, 9600])
torch.Size([16, 1, 9600, 9600])
torch.Size([16, 1, 9600, 9600])
Epoch [27/200], Loss: 0.0442
torch.Size([16, 1, 9600, 9600])
torch.Size([16, 1, 9600, 9600])
torch.Size([16, 1, 9600, 9600])
torch.Size([16, 1, 9600, 9600])
Epoch [28/200], Loss: 0.0400
torch.Size([16, 1, 9600, 9600])
torch.Size([16, 1, 9600, 9600])
torch.Size([16, 1, 9600, 9600])
torch.Size([16, 1, 9600, 9600])
Epoch [29/200], Loss: 0.0400
torch.Size([16, 1, 9600, 9600])
torch.Size([16, 1, 9600, 9600])
torch.Size([16, 1, 9600, 9600])
torch.Size([16, 1, 9600, 9600])
Epoch [30/200], Loss: 0.0410
torch.Size([16, 1, 9600, 9600])
torch.Size([16, 1, 9600, 9600])
torch.Size([16, 1, 9600, 9600])
torch.Size([16, 1, 9600, 9600])
Epoch [31/200], Loss: 0.0406
torch.Size([16, 1, 9600, 9600])
torch.Size([16, 1, 9600, 9600])
torch.Size([16, 1, 9600, 9600])
torch.Size([16, 1, 9600, 9600])
Epoch [32/200], Loss: 0.0422
torch.Size([16, 1, 9600, 9600])
torch.Size([16, 1, 9600, 9600])
torch.Size([16, 1, 9600, 9600])
torch.Size([16, 1, 9600, 9600])
Epoch [33/200], Loss: 0.0426
torch.Size([16, 1, 9600, 9600])
torch.Size([16, 1, 9600, 9600])
torch.Size([16, 1, 9600, 9600])
torch.Size([16, 1, 9600, 9600])
Epoch [34/200], Loss: 0.0395
torch.Size([16, 1, 9600, 9600])
torch.Size([16, 1, 9600, 9600])
torch.Size([16, 1, 9600, 9600])
torch.Size([16, 1, 9600, 9600])
Epoch [35/200], Loss: 0.0362
torch.Size([16, 1, 9600, 9600])
torch.Size([16, 1, 9600, 9600])
torch.Size([16, 1, 9600, 9600])
torch.Size([16, 1, 9600, 9600])
Epoch [36/200], Loss: 0.0288
torch.Size([16, 1, 9600, 9600])
torch.Size([16, 1, 9600, 9600])
torch.Size([16, 1, 9600, 9600])
torch.Size([16, 1, 9600, 9600])
Epoch [37/200], Loss: 0.0234
torch.Size([16, 1, 9600, 9600])
torch.Size([16, 1, 9600, 9600])
torch.Size([16, 1, 9600, 9600])
torch.Size([16, 1, 9600, 9600])
Epoch [38/200], Loss: 0.0174
torch.Size([16, 1, 9600, 9600])
torch.Size([16, 1, 9600, 9600])
torch.Size([16, 1, 9600, 9600])
torch.Size([16, 1, 9600, 9600])
Epoch [39/200], Loss: 0.0142
torch.Size([16, 1, 9600, 9600])
torch.Size([16, 1, 9600, 9600])
torch.Size([16, 1, 9600, 9600])
torch.Size([16, 1, 9600, 9600])
Epoch [40/200], Loss: 0.0130
torch.Size([16, 1, 9600, 9600])
torch.Size([16, 1, 9600, 9600])
torch.Size([16, 1, 9600, 9600])
torch.Size([16, 1, 9600, 9600])
Epoch [41/200], Loss: 0.0119
torch.Size([16, 1, 9600, 9600])
torch.Size([16, 1, 9600, 9600])
torch.Size([16, 1, 9600, 9600])
torch.Size([16, 1, 9600, 9600])
Epoch [42/200], Loss: 0.0119
torch.Size([16, 1, 9600, 9600])
torch.Size([16, 1, 9600, 9600])
torch.Size([16, 1, 9600, 9600])
torch.Size([16, 1, 9600, 9600])
Epoch [43/200], Loss: 0.0119
torch.Size([16, 1, 9600, 9600])
torch.Size([16, 1, 9600, 9600])
torch.Size([16, 1, 9600, 9600])
torch.Size([16, 1, 9600, 9600])
Epoch [44/200], Loss: 0.0116
torch.Size([16, 1, 9600, 9600])
torch.Size([16, 1, 9600, 9600])
torch.Size([16, 1, 9600, 9600])
torch.Size([16, 1, 9600, 9600])
Epoch [45/200], Loss: 0.0110
torch.Size([16, 1, 9600, 9600])
torch.Size([16, 1, 9600, 9600])
torch.Size([16, 1, 9600, 9600])
torch.Size([16, 1, 9600, 9600])
Epoch [46/200], Loss: 0.0109
torch.Size([16, 1, 9600, 9600])
torch.Size([16, 1, 9600, 9600])
torch.Size([16, 1, 9600, 9600])
torch.Size([16, 1, 9600, 9600])
Epoch [47/200], Loss: 0.0104
torch.Size([16, 1, 9600, 9600])
torch.Size([16, 1, 9600, 9600])
torch.Size([16, 1, 9600, 9600])
torch.Size([16, 1, 9600, 9600])
Epoch [48/200], Loss: 0.0102
torch.Size([16, 1, 9600, 9600])
torch.Size([16, 1, 9600, 9600])
torch.Size([16, 1, 9600, 9600])
torch.Size([16, 1, 9600, 9600])
Epoch [49/200], Loss: 0.0104
torch.Size([16, 1, 9600, 9600])
torch.Size([16, 1, 9600, 9600])
torch.Size([16, 1, 9600, 9600])
torch.Size([16, 1, 9600, 9600])
Epoch [50/200], Loss: 0.0113
torch.Size([16, 1, 9600, 9600])
torch.Size([16, 1, 9600, 9600])
torch.Size([16, 1, 9600, 9600])
torch.Size([16, 1, 9600, 9600])
Epoch [51/200], Loss: 0.0130
torch.Size([16, 1, 9600, 9600])
torch.Size([16, 1, 9600, 9600])
torch.Size([16, 1, 9600, 9600])
torch.Size([16, 1, 9600, 9600])
Epoch [52/200], Loss: 0.0145
torch.Size([16, 1, 9600, 9600])
torch.Size([16, 1, 9600, 9600])
torch.Size([16, 1, 9600, 9600])
torch.Size([16, 1, 9600, 9600])
Epoch [53/200], Loss: 0.0144
torch.Size([16, 1, 9600, 9600])
torch.Size([16, 1, 9600, 9600])
torch.Size([16, 1, 9600, 9600])
torch.Size([16, 1, 9600, 9600])
Epoch [54/200], Loss: 0.0182
torch.Size([16, 1, 9600, 9600])
torch.Size([16, 1, 9600, 9600])
torch.Size([16, 1, 9600, 9600])
torch.Size([16, 1, 9600, 9600])
Epoch [55/200], Loss: 0.0196
torch.Size([16, 1, 9600, 9600])
torch.Size([16, 1, 9600, 9600])
torch.Size([16, 1, 9600, 9600])
torch.Size([16, 1, 9600, 9600])
Epoch [56/200], Loss: 0.0253
torch.Size([16, 1, 9600, 9600])
torch.Size([16, 1, 9600, 9600])
torch.Size([16, 1, 9600, 9600])
torch.Size([16, 1, 9600, 9600])
Epoch [57/200], Loss: 0.0293
torch.Size([16, 1, 9600, 9600])
torch.Size([16, 1, 9600, 9600])
torch.Size([16, 1, 9600, 9600])
torch.Size([16, 1, 9600, 9600])
Epoch [58/200], Loss: 0.0364
torch.Size([16, 1, 9600, 9600])
torch.Size([16, 1, 9600, 9600])
torch.Size([16, 1, 9600, 9600])
torch.Size([16, 1, 9600, 9600])
Epoch [59/200], Loss: 0.0394
torch.Size([16, 1, 9600, 9600])
torch.Size([16, 1, 9600, 9600])
torch.Size([16, 1, 9600, 9600])
torch.Size([16, 1, 9600, 9600])
Epoch [60/200], Loss: 0.0410
torch.Size([16, 1, 9600, 9600])
torch.Size([16, 1, 9600, 9600])
torch.Size([16, 1, 9600, 9600])
torch.Size([16, 1, 9600, 9600])
Epoch [61/200], Loss: 0.0335
torch.Size([16, 1, 9600, 9600])
torch.Size([16, 1, 9600, 9600])
torch.Size([16, 1, 9600, 9600])
torch.Size([16, 1, 9600, 9600])
Epoch [62/200], Loss: 0.0256
torch.Size([16, 1, 9600, 9600])
torch.Size([16, 1, 9600, 9600])
torch.Size([16, 1, 9600, 9600])
torch.Size([16, 1, 9600, 9600])
Epoch [63/200], Loss: 0.0128
torch.Size([16, 1, 9600, 9600])
torch.Size([16, 1, 9600, 9600])
torch.Size([16, 1, 9600, 9600])
torch.Size([16, 1, 9600, 9600])
Epoch [64/200], Loss: 0.0077
torch.Size([16, 1, 9600, 9600])
torch.Size([16, 1, 9600, 9600])
torch.Size([16, 1, 9600, 9600])
torch.Size([16, 1, 9600, 9600])
Epoch [65/200], Loss: 0.0052
torch.Size([16, 1, 9600, 9600])
torch.Size([16, 1, 9600, 9600])
torch.Size([16, 1, 9600, 9600])
torch.Size([16, 1, 9600, 9600])
Epoch [66/200], Loss: 0.0062
torch.Size([16, 1, 9600, 9600])
torch.Size([16, 1, 9600, 9600])
torch.Size([16, 1, 9600, 9600])
torch.Size([16, 1, 9600, 9600])
Epoch [67/200], Loss: 0.0085
torch.Size([16, 1, 9600, 9600])
torch.Size([16, 1, 9600, 9600])
torch.Size([16, 1, 9600, 9600])
torch.Size([16, 1, 9600, 9600])
Epoch [68/200], Loss: 0.0087
torch.Size([16, 1, 9600, 9600])
torch.Size([16, 1, 9600, 9600])
torch.Size([16, 1, 9600, 9600])
torch.Size([16, 1, 9600, 9600])
Epoch [69/200], Loss: 0.0105
torch.Size([16, 1, 9600, 9600])
torch.Size([16, 1, 9600, 9600])
torch.Size([16, 1, 9600, 9600])
torch.Size([16, 1, 9600, 9600])
Epoch [70/200], Loss: 0.0099
torch.Size([16, 1, 9600, 9600])
torch.Size([16, 1, 9600, 9600])
torch.Size([16, 1, 9600, 9600])
torch.Size([16, 1, 9600, 9600])
Epoch [71/200], Loss: 0.0095
torch.Size([16, 1, 9600, 9600])
torch.Size([16, 1, 9600, 9600])
torch.Size([16, 1, 9600, 9600])
torch.Size([16, 1, 9600, 9600])
Epoch [72/200], Loss: 0.0078
torch.Size([16, 1, 9600, 9600])
torch.Size([16, 1, 9600, 9600])
torch.Size([16, 1, 9600, 9600])
torch.Size([16, 1, 9600, 9600])
Epoch [73/200], Loss: 0.0069
torch.Size([16, 1, 9600, 9600])
torch.Size([16, 1, 9600, 9600])
torch.Size([16, 1, 9600, 9600])
torch.Size([16, 1, 9600, 9600])
Epoch [74/200], Loss: 0.0057
torch.Size([16, 1, 9600, 9600])
torch.Size([16, 1, 9600, 9600])
torch.Size([16, 1, 9600, 9600])
torch.Size([16, 1, 9600, 9600])
Epoch [75/200], Loss: 0.0052
torch.Size([16, 1, 9600, 9600])
torch.Size([16, 1, 9600, 9600])
torch.Size([16, 1, 9600, 9600])
torch.Size([16, 1, 9600, 9600])
Epoch [76/200], Loss: 0.0047
torch.Size([16, 1, 9600, 9600])
torch.Size([16, 1, 9600, 9600])
torch.Size([16, 1, 9600, 9600])
torch.Size([16, 1, 9600, 9600])
Epoch [77/200], Loss: 0.0045
torch.Size([16, 1, 9600, 9600])
torch.Size([16, 1, 9600, 9600])
torch.Size([16, 1, 9600, 9600])
torch.Size([16, 1, 9600, 9600])
Epoch [78/200], Loss: 0.0043
torch.Size([16, 1, 9600, 9600])
torch.Size([16, 1, 9600, 9600])
torch.Size([16, 1, 9600, 9600])
torch.Size([16, 1, 9600, 9600])
Epoch [79/200], Loss: 0.0041
torch.Size([16, 1, 9600, 9600])
torch.Size([16, 1, 9600, 9600])
torch.Size([16, 1, 9600, 9600])
torch.Size([16, 1, 9600, 9600])
Epoch [80/200], Loss: 0.0039
torch.Size([16, 1, 9600, 9600])
torch.Size([16, 1, 9600, 9600])
torch.Size([16, 1, 9600, 9600])
torch.Size([16, 1, 9600, 9600])
Epoch [81/200], Loss: 0.0039
torch.Size([16, 1, 9600, 9600])
torch.Size([16, 1, 9600, 9600])
torch.Size([16, 1, 9600, 9600])
torch.Size([16, 1, 9600, 9600])
Epoch [82/200], Loss: 0.0038
torch.Size([16, 1, 9600, 9600])
torch.Size([16, 1, 9600, 9600])
torch.Size([16, 1, 9600, 9600])
torch.Size([16, 1, 9600, 9600])
Epoch [83/200], Loss: 0.0038
torch.Size([16, 1, 9600, 9600])
torch.Size([16, 1, 9600, 9600])
torch.Size([16, 1, 9600, 9600])
torch.Size([16, 1, 9600, 9600])
Epoch [84/200], Loss: 0.0038
torch.Size([16, 1, 9600, 9600])
torch.Size([16, 1, 9600, 9600])
torch.Size([16, 1, 9600, 9600])
torch.Size([16, 1, 9600, 9600])
Epoch [85/200], Loss: 0.0038
torch.Size([16, 1, 9600, 9600])
torch.Size([16, 1, 9600, 9600])
torch.Size([16, 1, 9600, 9600])
torch.Size([16, 1, 9600, 9600])
Epoch [86/200], Loss: 0.0038
torch.Size([16, 1, 9600, 9600])
torch.Size([16, 1, 9600, 9600])
torch.Size([16, 1, 9600, 9600])
torch.Size([16, 1, 9600, 9600])
Epoch [87/200], Loss: 0.0039
torch.Size([16, 1, 9600, 9600])
torch.Size([16, 1, 9600, 9600])
torch.Size([16, 1, 9600, 9600])
torch.Size([16, 1, 9600, 9600])
Epoch [88/200], Loss: 0.0040
torch.Size([16, 1, 9600, 9600])
torch.Size([16, 1, 9600, 9600])
torch.Size([16, 1, 9600, 9600])
torch.Size([16, 1, 9600, 9600])
Epoch [89/200], Loss: 0.0041
torch.Size([16, 1, 9600, 9600])
torch.Size([16, 1, 9600, 9600])
torch.Size([16, 1, 9600, 9600])
torch.Size([16, 1, 9600, 9600])
Epoch [90/200], Loss: 0.0043
torch.Size([16, 1, 9600, 9600])
torch.Size([16, 1, 9600, 9600])
torch.Size([16, 1, 9600, 9600])
torch.Size([16, 1, 9600, 9600])
Epoch [91/200], Loss: 0.0045
torch.Size([16, 1, 9600, 9600])
torch.Size([16, 1, 9600, 9600])
torch.Size([16, 1, 9600, 9600])
torch.Size([16, 1, 9600, 9600])
Epoch [92/200], Loss: 0.0048
torch.Size([16, 1, 9600, 9600])
torch.Size([16, 1, 9600, 9600])
torch.Size([16, 1, 9600, 9600])
torch.Size([16, 1, 9600, 9600])
Epoch [93/200], Loss: 0.0054
torch.Size([16, 1, 9600, 9600])
torch.Size([16, 1, 9600, 9600])
torch.Size([16, 1, 9600, 9600])
torch.Size([16, 1, 9600, 9600])
Epoch [94/200], Loss: 0.0061
torch.Size([16, 1, 9600, 9600])
torch.Size([16, 1, 9600, 9600])
torch.Size([16, 1, 9600, 9600])
torch.Size([16, 1, 9600, 9600])
Epoch [95/200], Loss: 0.0084
torch.Size([16, 1, 9600, 9600])
torch.Size([16, 1, 9600, 9600])
torch.Size([16, 1, 9600, 9600])
torch.Size([16, 1, 9600, 9600])
Epoch [96/200], Loss: 0.0098
torch.Size([16, 1, 9600, 9600])
torch.Size([16, 1, 9600, 9600])
torch.Size([16, 1, 9600, 9600])
torch.Size([16, 1, 9600, 9600])
Epoch [97/200], Loss: 0.0146
torch.Size([16, 1, 9600, 9600])
torch.Size([16, 1, 9600, 9600])
torch.Size([16, 1, 9600, 9600])
torch.Size([16, 1, 9600, 9600])
Epoch [98/200], Loss: 0.0182
torch.Size([16, 1, 9600, 9600])
torch.Size([16, 1, 9600, 9600])
torch.Size([16, 1, 9600, 9600])
torch.Size([16, 1, 9600, 9600])
Epoch [99/200], Loss: 0.0295
torch.Size([16, 1, 9600, 9600])
torch.Size([16, 1, 9600, 9600])
torch.Size([16, 1, 9600, 9600])
torch.Size([16, 1, 9600, 9600])
Epoch [100/200], Loss: 0.0372
torch.Size([16, 1, 9600, 9600])
torch.Size([16, 1, 9600, 9600])
torch.Size([16, 1, 9600, 9600])
torch.Size([16, 1, 9600, 9600])
Epoch [101/200], Loss: 0.0573
torch.Size([16, 1, 9600, 9600])
torch.Size([16, 1, 9600, 9600])
torch.Size([16, 1, 9600, 9600])
torch.Size([16, 1, 9600, 9600])
Epoch [102/200], Loss: 0.0684
torch.Size([16, 1, 9600, 9600])
torch.Size([16, 1, 9600, 9600])
torch.Size([16, 1, 9600, 9600])
torch.Size([16, 1, 9600, 9600])
Epoch [103/200], Loss: 0.0816
torch.Size([16, 1, 9600, 9600])
torch.Size([16, 1, 9600, 9600])
torch.Size([16, 1, 9600, 9600])
torch.Size([16, 1, 9600, 9600])
Epoch [104/200], Loss: 0.0674
torch.Size([16, 1, 9600, 9600])
torch.Size([16, 1, 9600, 9600])
torch.Size([16, 1, 9600, 9600])
torch.Size([16, 1, 9600, 9600])
Epoch [105/200], Loss: 0.0487
torch.Size([16, 1, 9600, 9600])
torch.Size([16, 1, 9600, 9600])
torch.Size([16, 1, 9600, 9600])
torch.Size([16, 1, 9600, 9600])
Epoch [106/200], Loss: 0.0172
torch.Size([16, 1, 9600, 9600])
torch.Size([16, 1, 9600, 9600])
torch.Size([16, 1, 9600, 9600])
torch.Size([16, 1, 9600, 9600])
Epoch [107/200], Loss: 0.0076
torch.Size([16, 1, 9600, 9600])
torch.Size([16, 1, 9600, 9600])
torch.Size([16, 1, 9600, 9600])
torch.Size([16, 1, 9600, 9600])
Epoch [108/200], Loss: 0.0061
torch.Size([16, 1, 9600, 9600])
torch.Size([16, 1, 9600, 9600])
torch.Size([16, 1, 9600, 9600])
torch.Size([16, 1, 9600, 9600])
Epoch [109/200], Loss: 0.0088
torch.Size([16, 1, 9600, 9600])
torch.Size([16, 1, 9600, 9600])
torch.Size([16, 1, 9600, 9600])
torch.Size([16, 1, 9600, 9600])
Epoch [110/200], Loss: 0.0154
torch.Size([16, 1, 9600, 9600])
torch.Size([16, 1, 9600, 9600])
torch.Size([16, 1, 9600, 9600])
torch.Size([16, 1, 9600, 9600])
Epoch [111/200], Loss: 0.0136
torch.Size([16, 1, 9600, 9600])
torch.Size([16, 1, 9600, 9600])
torch.Size([16, 1, 9600, 9600])
torch.Size([16, 1, 9600, 9600])
Epoch [112/200], Loss: 0.0115
torch.Size([16, 1, 9600, 9600])
torch.Size([16, 1, 9600, 9600])
torch.Size([16, 1, 9600, 9600])
torch.Size([16, 1, 9600, 9600])
Epoch [113/200], Loss: 0.0057
torch.Size([16, 1, 9600, 9600])
torch.Size([16, 1, 9600, 9600])
torch.Size([16, 1, 9600, 9600])
torch.Size([16, 1, 9600, 9600])
Epoch [114/200], Loss: 0.0039
torch.Size([16, 1, 9600, 9600])
torch.Size([16, 1, 9600, 9600])
torch.Size([16, 1, 9600, 9600])
torch.Size([16, 1, 9600, 9600])
Epoch [115/200], Loss: 0.0038
torch.Size([16, 1, 9600, 9600])
torch.Size([16, 1, 9600, 9600])
torch.Size([16, 1, 9600, 9600])
torch.Size([16, 1, 9600, 9600])
Epoch [116/200], Loss: 0.0045
torch.Size([16, 1, 9600, 9600])
torch.Size([16, 1, 9600, 9600])
torch.Size([16, 1, 9600, 9600])
torch.Size([16, 1, 9600, 9600])
Epoch [117/200], Loss: 0.0056
torch.Size([16, 1, 9600, 9600])
torch.Size([16, 1, 9600, 9600])
torch.Size([16, 1, 9600, 9600])
torch.Size([16, 1, 9600, 9600])
Epoch [118/200], Loss: 0.0052
torch.Size([16, 1, 9600, 9600])
torch.Size([16, 1, 9600, 9600])
torch.Size([16, 1, 9600, 9600])
torch.Size([16, 1, 9600, 9600])
Epoch [119/200], Loss: 0.0052
torch.Size([16, 1, 9600, 9600])
torch.Size([16, 1, 9600, 9600])
torch.Size([16, 1, 9600, 9600])
torch.Size([16, 1, 9600, 9600])
Epoch [120/200], Loss: 0.0042
torch.Size([16, 1, 9600, 9600])
torch.Size([16, 1, 9600, 9600])
torch.Size([16, 1, 9600, 9600])
torch.Size([16, 1, 9600, 9600])
Epoch [121/200], Loss: 0.0035
torch.Size([16, 1, 9600, 9600])
torch.Size([16, 1, 9600, 9600])
torch.Size([16, 1, 9600, 9600])
torch.Size([16, 1, 9600, 9600])
Epoch [122/200], Loss: 0.0030
torch.Size([16, 1, 9600, 9600])
torch.Size([16, 1, 9600, 9600])
torch.Size([16, 1, 9600, 9600])
torch.Size([16, 1, 9600, 9600])
Epoch [123/200], Loss: 0.0029
torch.Size([16, 1, 9600, 9600])
torch.Size([16, 1, 9600, 9600])
torch.Size([16, 1, 9600, 9600])
torch.Size([16, 1, 9600, 9600])
Epoch [124/200], Loss: 0.0029
torch.Size([16, 1, 9600, 9600])
torch.Size([16, 1, 9600, 9600])
torch.Size([16, 1, 9600, 9600])
torch.Size([16, 1, 9600, 9600])
Epoch [125/200], Loss: 0.0029
torch.Size([16, 1, 9600, 9600])
torch.Size([16, 1, 9600, 9600])
torch.Size([16, 1, 9600, 9600])
torch.Size([16, 1, 9600, 9600])
Epoch [126/200], Loss: 0.0030
torch.Size([16, 1, 9600, 9600])
torch.Size([16, 1, 9600, 9600])
torch.Size([16, 1, 9600, 9600])
torch.Size([16, 1, 9600, 9600])
Epoch [127/200], Loss: 0.0030
torch.Size([16, 1, 9600, 9600])
torch.Size([16, 1, 9600, 9600])
torch.Size([16, 1, 9600, 9600])
torch.Size([16, 1, 9600, 9600])
Epoch [128/200], Loss: 0.0031
torch.Size([16, 1, 9600, 9600])
torch.Size([16, 1, 9600, 9600])
torch.Size([16, 1, 9600, 9600])
torch.Size([16, 1, 9600, 9600])
Epoch [129/200], Loss: 0.0029
torch.Size([16, 1, 9600, 9600])
torch.Size([16, 1, 9600, 9600])
torch.Size([16, 1, 9600, 9600])
torch.Size([16, 1, 9600, 9600])
Epoch [130/200], Loss: 0.0029
torch.Size([16, 1, 9600, 9600])
torch.Size([16, 1, 9600, 9600])
torch.Size([16, 1, 9600, 9600])
torch.Size([16, 1, 9600, 9600])
Epoch [131/200], Loss: 0.0028
torch.Size([16, 1, 9600, 9600])
torch.Size([16, 1, 9600, 9600])
torch.Size([16, 1, 9600, 9600])
torch.Size([16, 1, 9600, 9600])
Epoch [132/200], Loss: 0.0028
torch.Size([16, 1, 9600, 9600])
torch.Size([16, 1, 9600, 9600])
torch.Size([16, 1, 9600, 9600])
torch.Size([16, 1, 9600, 9600])
Epoch [133/200], Loss: 0.0026
torch.Size([16, 1, 9600, 9600])
torch.Size([16, 1, 9600, 9600])
torch.Size([16, 1, 9600, 9600])
torch.Size([16, 1, 9600, 9600])
Epoch [134/200], Loss: 0.0026
torch.Size([16, 1, 9600, 9600])
torch.Size([16, 1, 9600, 9600])
torch.Size([16, 1, 9600, 9600])
torch.Size([16, 1, 9600, 9600])
Epoch [135/200], Loss: 0.0025
torch.Size([16, 1, 9600, 9600])
torch.Size([16, 1, 9600, 9600])
torch.Size([16, 1, 9600, 9600])
torch.Size([16, 1, 9600, 9600])
Epoch [136/200], Loss: 0.0025
torch.Size([16, 1, 9600, 9600])
torch.Size([16, 1, 9600, 9600])
torch.Size([16, 1, 9600, 9600])
torch.Size([16, 1, 9600, 9600])
Epoch [137/200], Loss: 0.0025
torch.Size([16, 1, 9600, 9600])
torch.Size([16, 1, 9600, 9600])
torch.Size([16, 1, 9600, 9600])
torch.Size([16, 1, 9600, 9600])
Epoch [138/200], Loss: 0.0025
torch.Size([16, 1, 9600, 9600])
torch.Size([16, 1, 9600, 9600])
torch.Size([16, 1, 9600, 9600])
torch.Size([16, 1, 9600, 9600])
Epoch [139/200], Loss: 0.0024
torch.Size([16, 1, 9600, 9600])
torch.Size([16, 1, 9600, 9600])
torch.Size([16, 1, 9600, 9600])
torch.Size([16, 1, 9600, 9600])
Epoch [140/200], Loss: 0.0024
torch.Size([16, 1, 9600, 9600])
torch.Size([16, 1, 9600, 9600])
torch.Size([16, 1, 9600, 9600])
torch.Size([16, 1, 9600, 9600])
Epoch [141/200], Loss: 0.0024
torch.Size([16, 1, 9600, 9600])
torch.Size([16, 1, 9600, 9600])
torch.Size([16, 1, 9600, 9600])
torch.Size([16, 1, 9600, 9600])
Epoch [142/200], Loss: 0.0025
torch.Size([16, 1, 9600, 9600])
torch.Size([16, 1, 9600, 9600])
torch.Size([16, 1, 9600, 9600])
torch.Size([16, 1, 9600, 9600])
Epoch [143/200], Loss: 0.0025
torch.Size([16, 1, 9600, 9600])
torch.Size([16, 1, 9600, 9600])
torch.Size([16, 1, 9600, 9600])
torch.Size([16, 1, 9600, 9600])
Epoch [144/200], Loss: 0.0027
torch.Size([16, 1, 9600, 9600])
torch.Size([16, 1, 9600, 9600])
torch.Size([16, 1, 9600, 9600])
torch.Size([16, 1, 9600, 9600])
Epoch [145/200], Loss: 0.0028
torch.Size([16, 1, 9600, 9600])
torch.Size([16, 1, 9600, 9600])
torch.Size([16, 1, 9600, 9600])
torch.Size([16, 1, 9600, 9600])
Epoch [146/200], Loss: 0.0031
torch.Size([16, 1, 9600, 9600])
torch.Size([16, 1, 9600, 9600])
torch.Size([16, 1, 9600, 9600])
torch.Size([16, 1, 9600, 9600])
Epoch [147/200], Loss: 0.0034
torch.Size([16, 1, 9600, 9600])
torch.Size([16, 1, 9600, 9600])
torch.Size([16, 1, 9600, 9600])
torch.Size([16, 1, 9600, 9600])
Epoch [148/200], Loss: 0.0042
torch.Size([16, 1, 9600, 9600])
torch.Size([16, 1, 9600, 9600])
torch.Size([16, 1, 9600, 9600])
torch.Size([16, 1, 9600, 9600])
Epoch [149/200], Loss: 0.0049
torch.Size([16, 1, 9600, 9600])
torch.Size([16, 1, 9600, 9600])
torch.Size([16, 1, 9600, 9600])
torch.Size([16, 1, 9600, 9600])
Epoch [150/200], Loss: 0.0060
torch.Size([16, 1, 9600, 9600])
torch.Size([16, 1, 9600, 9600])
torch.Size([16, 1, 9600, 9600])
torch.Size([16, 1, 9600, 9600])
Epoch [151/200], Loss: 0.0071
torch.Size([16, 1, 9600, 9600])
torch.Size([16, 1, 9600, 9600])
torch.Size([16, 1, 9600, 9600])
torch.Size([16, 1, 9600, 9600])
Epoch [152/200], Loss: 0.0090
torch.Size([16, 1, 9600, 9600])
torch.Size([16, 1, 9600, 9600])
torch.Size([16, 1, 9600, 9600])
torch.Size([16, 1, 9600, 9600])
Epoch [153/200], Loss: 0.0107
torch.Size([16, 1, 9600, 9600])
torch.Size([16, 1, 9600, 9600])
torch.Size([16, 1, 9600, 9600])
torch.Size([16, 1, 9600, 9600])
Epoch [154/200], Loss: 0.0137
torch.Size([16, 1, 9600, 9600])
torch.Size([16, 1, 9600, 9600])
torch.Size([16, 1, 9600, 9600])
torch.Size([16, 1, 9600, 9600])
Epoch [155/200], Loss: 0.0162
torch.Size([16, 1, 9600, 9600])
torch.Size([16, 1, 9600, 9600])
torch.Size([16, 1, 9600, 9600])
torch.Size([16, 1, 9600, 9600])
Epoch [156/200], Loss: 0.0200
torch.Size([16, 1, 9600, 9600])
torch.Size([16, 1, 9600, 9600])
torch.Size([16, 1, 9600, 9600])
torch.Size([16, 1, 9600, 9600])
Epoch [157/200], Loss: 0.0227
torch.Size([16, 1, 9600, 9600])
torch.Size([16, 1, 9600, 9600])
torch.Size([16, 1, 9600, 9600])
torch.Size([16, 1, 9600, 9600])
Epoch [158/200], Loss: 0.0257
torch.Size([16, 1, 9600, 9600])
torch.Size([16, 1, 9600, 9600])
torch.Size([16, 1, 9600, 9600])
torch.Size([16, 1, 9600, 9600])
Epoch [159/200], Loss: 0.0262
torch.Size([16, 1, 9600, 9600])
torch.Size([16, 1, 9600, 9600])
torch.Size([16, 1, 9600, 9600])
torch.Size([16, 1, 9600, 9600])
Epoch [160/200], Loss: 0.0262
torch.Size([16, 1, 9600, 9600])
torch.Size([16, 1, 9600, 9600])
torch.Size([16, 1, 9600, 9600])
torch.Size([16, 1, 9600, 9600])
Epoch [161/200], Loss: 0.0122
torch.Size([16, 1, 9600, 9600])
torch.Size([16, 1, 9600, 9600])
torch.Size([16, 1, 9600, 9600])
torch.Size([16, 1, 9600, 9600])
Epoch [162/200], Loss: 0.0101
torch.Size([16, 1, 9600, 9600])
torch.Size([16, 1, 9600, 9600])
torch.Size([16, 1, 9600, 9600])
torch.Size([16, 1, 9600, 9600])
Epoch [163/200], Loss: 0.0075
torch.Size([16, 1, 9600, 9600])
torch.Size([16, 1, 9600, 9600])
torch.Size([16, 1, 9600, 9600])
torch.Size([16, 1, 9600, 9600])
Epoch [164/200], Loss: 0.0063
torch.Size([16, 1, 9600, 9600])
torch.Size([16, 1, 9600, 9600])
torch.Size([16, 1, 9600, 9600])
torch.Size([16, 1, 9600, 9600])
Epoch [165/200], Loss: 0.0044
torch.Size([16, 1, 9600, 9600])
torch.Size([16, 1, 9600, 9600])
torch.Size([16, 1, 9600, 9600])
torch.Size([16, 1, 9600, 9600])
Epoch [166/200], Loss: 0.0036
torch.Size([16, 1, 9600, 9600])
torch.Size([16, 1, 9600, 9600])
torch.Size([16, 1, 9600, 9600])
torch.Size([16, 1, 9600, 9600])
Epoch [167/200], Loss: 0.0026
torch.Size([16, 1, 9600, 9600])
torch.Size([16, 1, 9600, 9600])
torch.Size([16, 1, 9600, 9600])
torch.Size([16, 1, 9600, 9600])
Epoch [168/200], Loss: 0.0024
torch.Size([16, 1, 9600, 9600])
torch.Size([16, 1, 9600, 9600])
torch.Size([16, 1, 9600, 9600])
torch.Size([16, 1, 9600, 9600])
Epoch [169/200], Loss: 0.0021
torch.Size([16, 1, 9600, 9600])
torch.Size([16, 1, 9600, 9600])
torch.Size([16, 1, 9600, 9600])
torch.Size([16, 1, 9600, 9600])
Epoch [170/200], Loss: 0.0021
torch.Size([16, 1, 9600, 9600])
torch.Size([16, 1, 9600, 9600])
torch.Size([16, 1, 9600, 9600])
torch.Size([16, 1, 9600, 9600])
Epoch [171/200], Loss: 0.0020
torch.Size([16, 1, 9600, 9600])
torch.Size([16, 1, 9600, 9600])
torch.Size([16, 1, 9600, 9600])
torch.Size([16, 1, 9600, 9600])
Epoch [172/200], Loss: 0.0022
torch.Size([16, 1, 9600, 9600])
torch.Size([16, 1, 9600, 9600])
torch.Size([16, 1, 9600, 9600])
torch.Size([16, 1, 9600, 9600])
Epoch [173/200], Loss: 0.0021
torch.Size([16, 1, 9600, 9600])
torch.Size([16, 1, 9600, 9600])
torch.Size([16, 1, 9600, 9600])
torch.Size([16, 1, 9600, 9600])
Epoch [174/200], Loss: 0.0021
torch.Size([16, 1, 9600, 9600])
torch.Size([16, 1, 9600, 9600])
torch.Size([16, 1, 9600, 9600])
torch.Size([16, 1, 9600, 9600])
Epoch [175/200], Loss: 0.0019
torch.Size([16, 1, 9600, 9600])
torch.Size([16, 1, 9600, 9600])
torch.Size([16, 1, 9600, 9600])
torch.Size([16, 1, 9600, 9600])
Epoch [176/200], Loss: 0.0018
torch.Size([16, 1, 9600, 9600])
torch.Size([16, 1, 9600, 9600])
torch.Size([16, 1, 9600, 9600])
torch.Size([16, 1, 9600, 9600])
Epoch [177/200], Loss: 0.0018
torch.Size([16, 1, 9600, 9600])
torch.Size([16, 1, 9600, 9600])
torch.Size([16, 1, 9600, 9600])
torch.Size([16, 1, 9600, 9600])
Epoch [178/200], Loss: 0.0019
torch.Size([16, 1, 9600, 9600])
torch.Size([16, 1, 9600, 9600])
torch.Size([16, 1, 9600, 9600])
torch.Size([16, 1, 9600, 9600])
Epoch [179/200], Loss: 0.0018
torch.Size([16, 1, 9600, 9600])
torch.Size([16, 1, 9600, 9600])
torch.Size([16, 1, 9600, 9600])
torch.Size([16, 1, 9600, 9600])
Epoch [180/200], Loss: 0.0017
torch.Size([16, 1, 9600, 9600])
torch.Size([16, 1, 9600, 9600])
torch.Size([16, 1, 9600, 9600])
torch.Size([16, 1, 9600, 9600])
Epoch [181/200], Loss: 0.0017
torch.Size([16, 1, 9600, 9600])
torch.Size([16, 1, 9600, 9600])
torch.Size([16, 1, 9600, 9600])
torch.Size([16, 1, 9600, 9600])
Epoch [182/200], Loss: 0.0017
torch.Size([16, 1, 9600, 9600])
torch.Size([16, 1, 9600, 9600])
torch.Size([16, 1, 9600, 9600])
torch.Size([16, 1, 9600, 9600])
Epoch [183/200], Loss: 0.0017
torch.Size([16, 1, 9600, 9600])
torch.Size([16, 1, 9600, 9600])
torch.Size([16, 1, 9600, 9600])
torch.Size([16, 1, 9600, 9600])
Epoch [184/200], Loss: 0.0016
torch.Size([16, 1, 9600, 9600])
torch.Size([16, 1, 9600, 9600])
torch.Size([16, 1, 9600, 9600])
torch.Size([16, 1, 9600, 9600])
Epoch [185/200], Loss: 0.0016
torch.Size([16, 1, 9600, 9600])
torch.Size([16, 1, 9600, 9600])
torch.Size([16, 1, 9600, 9600])
torch.Size([16, 1, 9600, 9600])
Epoch [186/200], Loss: 0.0016
torch.Size([16, 1, 9600, 9600])
torch.Size([16, 1, 9600, 9600])
torch.Size([16, 1, 9600, 9600])
torch.Size([16, 1, 9600, 9600])
Epoch [187/200], Loss: 0.0017
torch.Size([16, 1, 9600, 9600])
torch.Size([16, 1, 9600, 9600])
torch.Size([16, 1, 9600, 9600])
torch.Size([16, 1, 9600, 9600])
Epoch [188/200], Loss: 0.0017
torch.Size([16, 1, 9600, 9600])
torch.Size([16, 1, 9600, 9600])
torch.Size([16, 1, 9600, 9600])
torch.Size([16, 1, 9600, 9600])
Epoch [189/200], Loss: 0.0017
torch.Size([16, 1, 9600, 9600])
torch.Size([16, 1, 9600, 9600])
torch.Size([16, 1, 9600, 9600])
torch.Size([16, 1, 9600, 9600])
Epoch [190/200], Loss: 0.0018
torch.Size([16, 1, 9600, 9600])
torch.Size([16, 1, 9600, 9600])
torch.Size([16, 1, 9600, 9600])
torch.Size([16, 1, 9600, 9600])
Epoch [191/200], Loss: 0.0018
torch.Size([16, 1, 9600, 9600])
torch.Size([16, 1, 9600, 9600])
torch.Size([16, 1, 9600, 9600])
torch.Size([16, 1, 9600, 9600])
Epoch [192/200], Loss: 0.0017
torch.Size([16, 1, 9600, 9600])
torch.Size([16, 1, 9600, 9600])
torch.Size([16, 1, 9600, 9600])
torch.Size([16, 1, 9600, 9600])
Epoch [193/200], Loss: 0.0017
torch.Size([16, 1, 9600, 9600])
torch.Size([16, 1, 9600, 9600])
torch.Size([16, 1, 9600, 9600])
torch.Size([16, 1, 9600, 9600])
Epoch [194/200], Loss: 0.0016
torch.Size([16, 1, 9600, 9600])
torch.Size([16, 1, 9600, 9600])
torch.Size([16, 1, 9600, 9600])
torch.Size([16, 1, 9600, 9600])
Epoch [195/200], Loss: 0.0016
torch.Size([16, 1, 9600, 9600])
torch.Size([16, 1, 9600, 9600])
torch.Size([16, 1, 9600, 9600])
torch.Size([16, 1, 9600, 9600])
Epoch [196/200], Loss: 0.0016
torch.Size([16, 1, 9600, 9600])
torch.Size([16, 1, 9600, 9600])
torch.Size([16, 1, 9600, 9600])
torch.Size([16, 1, 9600, 9600])
Epoch [197/200], Loss: 0.0015
torch.Size([16, 1, 9600, 9600])
torch.Size([16, 1, 9600, 9600])
torch.Size([16, 1, 9600, 9600])
torch.Size([16, 1, 9600, 9600])
Epoch [198/200], Loss: 0.0014
torch.Size([16, 1, 9600, 9600])
torch.Size([16, 1, 9600, 9600])
torch.Size([16, 1, 9600, 9600])
torch.Size([16, 1, 9600, 9600])
Epoch [199/200], Loss: 0.0014
torch.Size([16, 1, 9600, 9600])
torch.Size([16, 1, 9600, 9600])
torch.Size([16, 1, 9600, 9600])
torch.Size([16, 1, 9600, 9600])
Epoch [200/200], Loss: 0.0014
Training time: 101255.59900999069
