ConvAutoencoder5Conv2ds(
  (encoder): Sequential(
    (0): Conv2d(1, 16, kernel_size=(2, 2), stride=(2, 2))
    (1): ReLU(inplace=True)
    (2): Conv2d(16, 32, kernel_size=(2, 2), stride=(2, 2))
    (3): ReLU(inplace=True)
    (4): Conv2d(32, 64, kernel_size=(2, 2), stride=(2, 2))
    (5): ReLU(inplace=True)
    (6): Conv2d(64, 128, kernel_size=(2, 2), stride=(2, 2))
    (7): ReLU(inplace=True)
    (8): Conv2d(128, 256, kernel_size=(2, 2), stride=(2, 2))
    (9): ReLU(inplace=True)
  )
  (latentspace): Sequential(
    (0): Conv2d(256, 128, kernel_size=(5, 5), stride=(1, 1))
    (1): ReLU(inplace=True)
    (2): Conv2d(128, 128, kernel_size=(5, 5), stride=(1, 1))
    (3): ReLU(inplace=True)
    (4): Conv2d(128, 256, kernel_size=(5, 5), stride=(1, 1))
    (5): ReLU(inplace=True)
  )
  (decoder): Sequential(
    (0): ConvTranspose2d(256, 128, kernel_size=(2, 2), stride=(2, 2))
    (1): ReLU(inplace=True)
    (2): ConvTranspose2d(128, 64, kernel_size=(2, 2), stride=(2, 2))
    (3): ReLU(inplace=True)
    (4): ConvTranspose2d(64, 32, kernel_size=(2, 2), stride=(2, 2))
    (5): ReLU(inplace=True)
    (6): ConvTranspose2d(32, 16, kernel_size=(2, 2), stride=(2, 2))
    (7): ReLU(inplace=True)
    (8): ConvTranspose2d(16, 1, kernel_size=(2, 2), stride=(2, 2))
    (9): Identity()
  )
)
1699290672.7646677
torch.Size([16, 1, 9600, 9600])
torch.Size([16, 1, 9600, 9600])
torch.Size([16, 1, 9600, 9600])
torch.Size([16, 1, 9600, 9600])
Epoch [1/50], Loss: 2.2915
torch.Size([16, 1, 9600, 9600])
torch.Size([16, 1, 9600, 9600])
torch.Size([16, 1, 9600, 9600])
torch.Size([16, 1, 9600, 9600])
Epoch [2/50], Loss: 2.2671
torch.Size([16, 1, 9600, 9600])
torch.Size([16, 1, 9600, 9600])
torch.Size([16, 1, 9600, 9600])
torch.Size([16, 1, 9600, 9600])
Epoch [3/50], Loss: 2.2307
torch.Size([16, 1, 9600, 9600])
torch.Size([16, 1, 9600, 9600])
torch.Size([16, 1, 9600, 9600])
torch.Size([16, 1, 9600, 9600])
Epoch [4/50], Loss: 2.1669
torch.Size([16, 1, 9600, 9600])
torch.Size([16, 1, 9600, 9600])
torch.Size([16, 1, 9600, 9600])
torch.Size([16, 1, 9600, 9600])
Epoch [5/50], Loss: 1.9324
torch.Size([16, 1, 9600, 9600])
torch.Size([16, 1, 9600, 9600])
torch.Size([16, 1, 9600, 9600])
torch.Size([16, 1, 9600, 9600])
Epoch [6/50], Loss: 1.7009
torch.Size([16, 1, 9600, 9600])
torch.Size([16, 1, 9600, 9600])
torch.Size([16, 1, 9600, 9600])
torch.Size([16, 1, 9600, 9600])
Epoch [7/50], Loss: 1.3965
torch.Size([16, 1, 9600, 9600])
torch.Size([16, 1, 9600, 9600])
torch.Size([16, 1, 9600, 9600])
torch.Size([16, 1, 9600, 9600])
Epoch [8/50], Loss: 1.1741
torch.Size([16, 1, 9600, 9600])
torch.Size([16, 1, 9600, 9600])
torch.Size([16, 1, 9600, 9600])
torch.Size([16, 1, 9600, 9600])
Epoch [9/50], Loss: 0.9941
torch.Size([16, 1, 9600, 9600])
torch.Size([16, 1, 9600, 9600])
torch.Size([16, 1, 9600, 9600])
torch.Size([16, 1, 9600, 9600])
Epoch [10/50], Loss: 0.7698
torch.Size([16, 1, 9600, 9600])
torch.Size([16, 1, 9600, 9600])
torch.Size([16, 1, 9600, 9600])
torch.Size([16, 1, 9600, 9600])
Epoch [11/50], Loss: 0.5804
torch.Size([16, 1, 9600, 9600])
torch.Size([16, 1, 9600, 9600])
torch.Size([16, 1, 9600, 9600])
torch.Size([16, 1, 9600, 9600])
Epoch [12/50], Loss: 0.4695
torch.Size([16, 1, 9600, 9600])
torch.Size([16, 1, 9600, 9600])
torch.Size([16, 1, 9600, 9600])
torch.Size([16, 1, 9600, 9600])
Epoch [13/50], Loss: 0.3700
torch.Size([16, 1, 9600, 9600])
torch.Size([16, 1, 9600, 9600])
torch.Size([16, 1, 9600, 9600])
torch.Size([16, 1, 9600, 9600])
Epoch [14/50], Loss: 0.2831
torch.Size([16, 1, 9600, 9600])
torch.Size([16, 1, 9600, 9600])
torch.Size([16, 1, 9600, 9600])
torch.Size([16, 1, 9600, 9600])
Epoch [15/50], Loss: 0.2524
torch.Size([16, 1, 9600, 9600])
torch.Size([16, 1, 9600, 9600])
torch.Size([16, 1, 9600, 9600])
torch.Size([16, 1, 9600, 9600])
Epoch [16/50], Loss: 0.2371
torch.Size([16, 1, 9600, 9600])
torch.Size([16, 1, 9600, 9600])
torch.Size([16, 1, 9600, 9600])
torch.Size([16, 1, 9600, 9600])
Epoch [17/50], Loss: 0.2151
torch.Size([16, 1, 9600, 9600])
torch.Size([16, 1, 9600, 9600])
torch.Size([16, 1, 9600, 9600])
torch.Size([16, 1, 9600, 9600])
Epoch [18/50], Loss: 0.1929
torch.Size([16, 1, 9600, 9600])
torch.Size([16, 1, 9600, 9600])
torch.Size([16, 1, 9600, 9600])
torch.Size([16, 1, 9600, 9600])
Epoch [19/50], Loss: 0.1739
torch.Size([16, 1, 9600, 9600])
torch.Size([16, 1, 9600, 9600])
torch.Size([16, 1, 9600, 9600])
torch.Size([16, 1, 9600, 9600])
Epoch [20/50], Loss: 0.1568
torch.Size([16, 1, 9600, 9600])
torch.Size([16, 1, 9600, 9600])
torch.Size([16, 1, 9600, 9600])
torch.Size([16, 1, 9600, 9600])
Epoch [21/50], Loss: 0.1417
torch.Size([16, 1, 9600, 9600])
torch.Size([16, 1, 9600, 9600])
torch.Size([16, 1, 9600, 9600])
torch.Size([16, 1, 9600, 9600])
Epoch [22/50], Loss: 0.1269
torch.Size([16, 1, 9600, 9600])
torch.Size([16, 1, 9600, 9600])
torch.Size([16, 1, 9600, 9600])
torch.Size([16, 1, 9600, 9600])
Epoch [23/50], Loss: 0.1127
torch.Size([16, 1, 9600, 9600])
torch.Size([16, 1, 9600, 9600])
torch.Size([16, 1, 9600, 9600])
torch.Size([16, 1, 9600, 9600])
Epoch [24/50], Loss: 0.1008
torch.Size([16, 1, 9600, 9600])
torch.Size([16, 1, 9600, 9600])
torch.Size([16, 1, 9600, 9600])
torch.Size([16, 1, 9600, 9600])
Epoch [25/50], Loss: 0.0911
torch.Size([16, 1, 9600, 9600])
torch.Size([16, 1, 9600, 9600])
torch.Size([16, 1, 9600, 9600])
torch.Size([16, 1, 9600, 9600])
Epoch [26/50], Loss: 0.0827
torch.Size([16, 1, 9600, 9600])
torch.Size([16, 1, 9600, 9600])
torch.Size([16, 1, 9600, 9600])
torch.Size([16, 1, 9600, 9600])
Epoch [27/50], Loss: 0.0776
torch.Size([16, 1, 9600, 9600])
torch.Size([16, 1, 9600, 9600])
torch.Size([16, 1, 9600, 9600])
torch.Size([16, 1, 9600, 9600])
Epoch [28/50], Loss: 0.0736
torch.Size([16, 1, 9600, 9600])
torch.Size([16, 1, 9600, 9600])
torch.Size([16, 1, 9600, 9600])
torch.Size([16, 1, 9600, 9600])
Epoch [29/50], Loss: 0.0686
torch.Size([16, 1, 9600, 9600])
torch.Size([16, 1, 9600, 9600])
torch.Size([16, 1, 9600, 9600])
torch.Size([16, 1, 9600, 9600])
Epoch [30/50], Loss: 0.0631
torch.Size([16, 1, 9600, 9600])
torch.Size([16, 1, 9600, 9600])
torch.Size([16, 1, 9600, 9600])
torch.Size([16, 1, 9600, 9600])
Epoch [31/50], Loss: 0.0576
torch.Size([16, 1, 9600, 9600])
torch.Size([16, 1, 9600, 9600])
torch.Size([16, 1, 9600, 9600])
torch.Size([16, 1, 9600, 9600])
Epoch [32/50], Loss: 0.0523
torch.Size([16, 1, 9600, 9600])
torch.Size([16, 1, 9600, 9600])
torch.Size([16, 1, 9600, 9600])
torch.Size([16, 1, 9600, 9600])
Epoch [33/50], Loss: 0.0480
torch.Size([16, 1, 9600, 9600])
torch.Size([16, 1, 9600, 9600])
torch.Size([16, 1, 9600, 9600])
torch.Size([16, 1, 9600, 9600])
Epoch [34/50], Loss: 0.0444
torch.Size([16, 1, 9600, 9600])
torch.Size([16, 1, 9600, 9600])
torch.Size([16, 1, 9600, 9600])
torch.Size([16, 1, 9600, 9600])
Epoch [35/50], Loss: 0.0420
torch.Size([16, 1, 9600, 9600])
torch.Size([16, 1, 9600, 9600])
torch.Size([16, 1, 9600, 9600])
torch.Size([16, 1, 9600, 9600])
Epoch [36/50], Loss: 0.0416
torch.Size([16, 1, 9600, 9600])
torch.Size([16, 1, 9600, 9600])
torch.Size([16, 1, 9600, 9600])
torch.Size([16, 1, 9600, 9600])
Epoch [37/50], Loss: 0.0403
torch.Size([16, 1, 9600, 9600])
torch.Size([16, 1, 9600, 9600])
torch.Size([16, 1, 9600, 9600])
torch.Size([16, 1, 9600, 9600])
Epoch [38/50], Loss: 0.0395
torch.Size([16, 1, 9600, 9600])
torch.Size([16, 1, 9600, 9600])
torch.Size([16, 1, 9600, 9600])
torch.Size([16, 1, 9600, 9600])
Epoch [39/50], Loss: 0.0384
torch.Size([16, 1, 9600, 9600])
torch.Size([16, 1, 9600, 9600])
torch.Size([16, 1, 9600, 9600])
torch.Size([16, 1, 9600, 9600])
Epoch [40/50], Loss: 0.0376
torch.Size([16, 1, 9600, 9600])
torch.Size([16, 1, 9600, 9600])
torch.Size([16, 1, 9600, 9600])
torch.Size([16, 1, 9600, 9600])
Epoch [41/50], Loss: 0.0365
torch.Size([16, 1, 9600, 9600])
torch.Size([16, 1, 9600, 9600])
torch.Size([16, 1, 9600, 9600])
torch.Size([16, 1, 9600, 9600])
Epoch [42/50], Loss: 0.0347
torch.Size([16, 1, 9600, 9600])
torch.Size([16, 1, 9600, 9600])
torch.Size([16, 1, 9600, 9600])
torch.Size([16, 1, 9600, 9600])
Epoch [43/50], Loss: 0.0332
torch.Size([16, 1, 9600, 9600])
torch.Size([16, 1, 9600, 9600])
torch.Size([16, 1, 9600, 9600])
torch.Size([16, 1, 9600, 9600])
Epoch [44/50], Loss: 0.0318
torch.Size([16, 1, 9600, 9600])
torch.Size([16, 1, 9600, 9600])
torch.Size([16, 1, 9600, 9600])
torch.Size([16, 1, 9600, 9600])
Epoch [45/50], Loss: 0.0297
torch.Size([16, 1, 9600, 9600])
torch.Size([16, 1, 9600, 9600])
torch.Size([16, 1, 9600, 9600])
torch.Size([16, 1, 9600, 9600])
Epoch [46/50], Loss: 0.0276
torch.Size([16, 1, 9600, 9600])
torch.Size([16, 1, 9600, 9600])
torch.Size([16, 1, 9600, 9600])
torch.Size([16, 1, 9600, 9600])
Epoch [47/50], Loss: 0.0261
torch.Size([16, 1, 9600, 9600])
torch.Size([16, 1, 9600, 9600])
torch.Size([16, 1, 9600, 9600])
torch.Size([16, 1, 9600, 9600])
Epoch [48/50], Loss: 0.0240
torch.Size([16, 1, 9600, 9600])
torch.Size([16, 1, 9600, 9600])
torch.Size([16, 1, 9600, 9600])
torch.Size([16, 1, 9600, 9600])
Epoch [49/50], Loss: 0.0224
torch.Size([16, 1, 9600, 9600])
torch.Size([16, 1, 9600, 9600])
torch.Size([16, 1, 9600, 9600])
torch.Size([16, 1, 9600, 9600])
Epoch [50/50], Loss: 0.0216
Training time: 23941.890436649323
